#
# A fatal error has been detected by the Java Runtime Environment:
#
#  SIGSEGV (0xb) at pc=0x00000001278fd3fd, pid=20525, tid=2571
#
# JRE version: Java(TM) SE Runtime Environment (8.0_20-b26) (build 1.8.0_20-b26)
# Java VM: Java HotSpot(TM) 64-Bit Server VM (25.20-b23 mixed mode bsd-amd64 compressed oops)
# Problematic frame:
# C  [libglass.dylib+0x163fd]  GlassScreenDidChangeScreenParameters+0x9d
#
# Failed to write core dump. Core dumps have been disabled. To enable core dumping, try "ulimit -c unlimited" before starting Java again
#
# If you would like to submit a bug report, please visit:
#   http://bugreport.sun.com/bugreport/crash.jsp
#

---------------  T H R E A D  ---------------

Current thread is native thread

siginfo: si_signo: 11 (SIGSEGV), si_code: 1 (SEGV_MAPERR), si_addr: 0x0000000000000000

Registers:
RAX=0x000000012792fe40, RBX=0x0000000000000000, RCX=0x0000020000000303, RDX=0x00007fc60bbf2ef0
RSP=0x00007fff5178db60, RBP=0x00007fff5178db70, RSI=0x00007fc60940bbe8, RDI=0x0000000000000000
R8 =0x0000000000000040, R9 =0x00007fff72c9d1e0, R10=0xffffffffffffffff, R11=0x0000000000000246
R12=0x00007fc60be3bab0, R13=0x00007fc6097aed70, R14=0x00007fc6097aee30, R15=0x0000000000000000
RIP=0x00000001278fd3fd, EFLAGS=0x0000000000010206, ERR=0x0000000000000004
  TRAPNO=0x000000000000000e

Top of Stack: (sp=0x00007fff5178db60)
0x00007fff5178db60:   00007fff5178dbb8 00007fc6097aee30
0x00007fff5178db70:   00007fff5178db80 00007fff84ca2bbc
0x00007fff5178db80:   00007fff5178dba0 00007fff84ca2b4f
0x00007fff5178db90:   0000000000000000 0000000000000000
0x00007fff5178dba0:   00007fff5178dc10 00007fff84ca2ac7
0x00007fff5178dbb0:   00007fff729fe9d0 00007fff73ef00a0
0x00007fff5178dbc0:   0000000042000000 00007fff84ca2b10
0x00007fff5178dbd0:   00007fff710d9720 00007fc6097aed70
0x00007fff5178dbe0:   00007fc60be3bab0 00007fff5178e3b8
0x00007fff5178dbf0:   00007fff71206780 00007fff5178e3b8
0x00007fff5178dc00:   00007fc6097aed70 00007fff850629e2
0x00007fff5178dc10:   00007fff5178dc50 00007fff84ca2832
0x00007fff5178dc20:   00007fff5178e230 0000000000000000
0x00007fff5178dc30:   00007fff71206780 00007fff5178e3b8
0x00007fff5178dc40:   00007fff8e81d4c0 00007fff850629e2
0x00007fff5178dc50:   00007fff5178e360 00007fff84c5f5e2
0x00007fff5178dc60:   00007fff5178dcb0 00007fff8972f3f8
0x00007fff5178dc70:   00007fc60e01df70 00007fc60973b3f0
0x00007fff5178dc80:   00007fc60a003058 00007fc6097910f0
0x00007fff5178dc90:   0000000000000000 00007fc6097aee90
0x00007fff5178dca0:   0000000000000000 0000000000000000
0x00007fff5178dcb0:   00007fff71116bc0 00007fff5178e230
0x00007fff5178dcc0:   0000000000000001 0000000000000100
0x00007fff5178dcd0:   0000000000000600 00007fff5178e130
0x00007fff5178dce0:   0000000000000000 0000000000000100
0x00007fff5178dcf0:   00007fff5178dd00 00007fff71206780
0x00007fff5178dd00:   0000000000000000 00007fff710da500
0x00007fff5178dd10:   00007fff71206780 0000000000000000
0x00007fff5178dd20:   00007fff710da500 00007fc60973bd20
0x00007fff5178dd30:   00007fc60e01df00 0000000000000003
0x00007fff5178dd40:   0000000000000000 00007fff8e81d4c0
0x00007fff5178dd50:   00007fff5178df10 00007fff8bc96480 

Instructions: (pc=0x00000001278fd3fd)
0x00000001278fd3dd:   89 df 4c 89 f1 41 ff 90 68 04 00 00 48 8d 05 58
0x00000001278fd3ed:   29 03 00 48 8b 30 48 8d 05 46 2a 03 00 48 8b 10
0x00000001278fd3fd:   48 8b 0b 30 c0 48 89 df ff 91 68 04 00 00 48 8b
0x00000001278fd40d:   03 48 89 df ff 50 78 48 85 c0 74 36 49 89 c6 48 

Register to memory mapping:

RAX=0x000000012792fe40: jScreenNotifySettingsChanged+0 in /Library/Java/JavaVirtualMachines/jdk1.8.0_20.jdk/Contents/Home/jre/lib/libglass.dylib at 0x00000001278e7000
RBX=0x0000000000000000 is an unknown value
RCX=0x0000020000000303 is an unknown value
RDX=0x00007fc60bbf2ef0 is an unknown value
RSP=0x00007fff5178db60 is an unknown value
RBP=0x00007fff5178db70 is an unknown value
RSI=0x00007fc60940bbe8 is a global jni handle
RDI=0x0000000000000000 is an unknown value
R8 =0x0000000000000040 is an unknown value
R9 =0x00007fff72c9d1e0: __sFX+0x1c0 in /usr/lib/system/libsystem_c.dylib at 0x00007fff8c8fa000
R10=0xffffffffffffffff is an unknown value
R11=0x0000000000000246 is an unknown value
R12=0x00007fc60be3bab0 is an unknown value
R13=0x00007fc6097aed70 is an unknown value
R14=0x00007fc6097aee30 is an unknown value
R15=0x0000000000000000 is an unknown value


Stack: [0x00007fff50f91000,0x00007fff51791000],  sp=0x00007fff5178db60,  free space=8178k
Native frames: (J=compiled Java code, j=interpreted, Vv=VM code, C=native code)
C  [libglass.dylib+0x163fd]  GlassScreenDidChangeScreenParameters+0x9d
C  [CoreFoundation+0xa0bbc]  __CFNOTIFICATIONCENTER_IS_CALLING_OUT_TO_AN_OBSERVER__+0xc
C  [CoreFoundation+0xa0b4f]  ___CFXRegistrationPost_block_invoke+0x3f
C  [CoreFoundation+0xa0ac7]  _CFXRegistrationPost+0x197
C  [CoreFoundation+0xa0832]  ___CFXNotificationPost_block_invoke+0x32
C  [CoreFoundation+0x5d5e2]  -[_CFXNotificationRegistrar find:object:observer:enumerator:]+0x782
C  [CoreFoundation+0x5c835]  _CFXNotificationPost+0x2b5
C  [Foundation+0x717a]  -[NSNotificationCenter postNotificationName:object:userInfo:]+0x42
C  [AppKit+0x41c08b]  -[NSApplication _reactToScreenInvalidationImmediately:]+0x17f
C  [AppKit+0x41bedc]  __44-[NSApplication _reactToScreenInvalidation:]_block_invoke+0x3b
C  [CoreFoundation+0xaa4ac]  __CFRUNLOOP_IS_CALLING_OUT_TO_A_BLOCK__+0xc
C  [CoreFoundation+0x89d05]  __CFRunLoopDoBlocks+0x155
C  [CoreFoundation+0x89a6b]  __CFRunLoopRun+0x92b
C  [CoreFoundation+0x88ed8]  CFRunLoopRunSpecific+0x128
C  [java+0x56cc]  CreateExecutionEnvironment+0x367
C  [java+0x165c]  JLI_Launch+0x7a0
C  [java+0x768a]  main+0x65
C  [java+0xeb4]  start+0x34


---------------  P R O C E S S  ---------------

VM state:not at safepoint (normal execution)

VM Mutex/Monitor currently owned by a thread: None

Heap:
 PSYoungGen      total 152576K, used 21445K [0x0000000795580000, 0x00000007a2980000, 0x00000007c0000000)
  eden space 103424K, 20% used [0x0000000795580000,0x0000000796a71778,0x000000079ba80000)
  from space 49152K, 0% used [0x000000079ba80000,0x000000079ba80000,0x000000079ea80000)
  to   space 56832K, 0% used [0x000000079f200000,0x000000079f200000,0x00000007a2980000)
 ParOldGen       total 248320K, used 244478K [0x0000000740000000, 0x000000074f280000, 0x0000000795580000)
  object space 248320K, 98% used [0x0000000740000000,0x000000074eebfa30,0x000000074f280000)
 Metaspace       used 19014K, capacity 19906K, committed 20096K, reserved 1067008K
  class space    used 2707K, capacity 2872K, committed 2944K, reserved 1048576K

Card table byte_map: [0x000000011f2db000,0x000000011f6dc000] byte_map_base: 0x000000011b8db000

Marking Bits: (ParMarkBitMap*) 0x000000010f89c330
 Begin Bits: [0x000000011f987000, 0x0000000121987000)
 End Bits:   [0x0000000121987000, 0x0000000123987000)

Polling page: 0x000000010e730000

CodeCache: size=245760Kb used=8674Kb max_used=8687Kb free=237085Kb
 bounds [0x000000010ff1b000, 0x00000001107ab000, 0x000000011ef1b000]
 total_blobs=3496 nmethods=2828 adapters=581
 compilation: enabled

Compilation events (10 events):
Event: 39.180 Thread 0x00007fc60a059800 3055       3       java.lang.invoke.DirectMethodHandle::shouldBeInitialized (123 bytes)
Event: 39.181 Thread 0x00007fc60a059800 nmethod 3055 0x000000011079ae10 code [0x000000011079afe0, 0x000000011079b708]
Event: 39.185 Thread 0x00007fc60a059800 3056       3       com.sun.scenario.effect.Effect::getCompatibleImage (10 bytes)
Event: 39.185 Thread 0x00007fc60a059800 nmethod 3056 0x0000000110560a90 code [0x0000000110560c00, 0x0000000110560e38]
Event: 39.185 Thread 0x00007fc60a059800 3057       3       com.sun.scenario.effect.impl.prism.ps.PPSRenderer::getCompatibleImage (7 bytes)
Event: 39.186 Thread 0x00007fc60a059800 nmethod 3057 0x0000000110305110 code [0x00000001103052c0, 0x0000000110305948]
Event: 39.196 Thread 0x00007fc60a059800 3058       3       com.sun.javafx.css.PseudoClassState::cast (6 bytes)
Event: 39.196 Thread 0x00007fc60a059800 nmethod 3058 0x0000000110304a50 code [0x0000000110304be0, 0x0000000110304fc8]
Event: 39.196 Thread 0x00007fc60a059800 3059       3       com.sun.javafx.css.PseudoClassState::cast (21 bytes)
Event: 39.197 Thread 0x00007fc60a059800 nmethod 3059 0x000000011030a310 code [0x000000011030a480, 0x000000011030a7a8]

GC Heap History (10 events):
Event: 33.536 GC heap before
{Heap before GC invocations=42 (full 35):
 PSYoungGen      total 152576K, used 19546K [0x0000000795580000, 0x00000007a2980000, 0x00000007c0000000)
  eden space 103424K, 18% used [0x0000000795580000,0x0000000796896838,0x000000079ba80000)
  from space 49152K, 0% used [0x000000079ba80000,0x000000079ba80000,0x000000079ea80000)
  to   space 56832K, 0% used [0x000000079f200000,0x000000079f200000,0x00000007a2980000)
 ParOldGen       total 248320K, used 244478K [0x0000000740000000, 0x000000074f280000, 0x0000000795580000)
  object space 248320K, 98% used [0x0000000740000000,0x000000074eebfb48,0x000000074f280000)
 Metaspace       used 18924K, capacity 19810K, committed 20096K, reserved 1067008K
  class space    used 2703K, capacity 2866K, committed 2944K, reserved 1048576K
Event: 33.573 GC heap after
Heap after GC invocations=42 (full 35):
 PSYoungGen      total 152576K, used 16541K [0x0000000795580000, 0x00000007a2980000, 0x00000007c0000000)
  eden space 103424K, 15% used [0x0000000795580000,0x00000007965a76e8,0x000000079ba80000)
  from space 49152K, 0% used [0x000000079ba80000,0x000000079ba80000,0x000000079ea80000)
  to   space 56832K, 0% used [0x000000079f200000,0x000000079f200000,0x00000007a2980000)
 ParOldGen       total 248320K, used 244478K [0x0000000740000000, 0x000000074f280000, 0x0000000795580000)
  object space 248320K, 98% used [0x0000000740000000,0x000000074eebfb48,0x000000074f280000)
 Metaspace       used 18924K, capacity 19810K, committed 20096K, reserved 1067008K
  class space    used 2703K, capacity 2866K, committed 2944K, reserved 1048576K
}
Event: 33.847 GC heap before
{Heap before GC invocations=43 (full 36):
 PSYoungGen      total 152576K, used 19546K [0x0000000795580000, 0x00000007a2980000, 0x00000007c0000000)
  eden space 103424K, 18% used [0x0000000795580000,0x0000000796896838,0x000000079ba80000)
  from space 49152K, 0% used [0x000000079ba80000,0x000000079ba80000,0x000000079ea80000)
  to   space 56832K, 0% used [0x000000079f200000,0x000000079f200000,0x00000007a2980000)
 ParOldGen       total 248320K, used 244478K [0x0000000740000000, 0x000000074f280000, 0x0000000795580000)
  object space 248320K, 98% used [0x0000000740000000,0x000000074eebfb48,0x000000074f280000)
 Metaspace       used 18925K, capacity 19810K, committed 20096K, reserved 1067008K
  class space    used 2703K, capacity 2866K, committed 2944K, reserved 1048576K
Event: 33.881 GC heap after
Heap after GC invocations=43 (full 36):
 PSYoungGen      total 152576K, used 16541K [0x0000000795580000, 0x00000007a2980000, 0x00000007c0000000)
  eden space 103424K, 15% used [0x0000000795580000,0x00000007965a76e8,0x000000079ba80000)
  from space 49152K, 0% used [0x000000079ba80000,0x000000079ba80000,0x000000079ea80000)
  to   space 56832K, 0% used [0x000000079f200000,0x000000079f200000,0x00000007a2980000)
 ParOldGen       total 248320K, used 244478K [0x0000000740000000, 0x000000074f280000, 0x0000000795580000)
  object space 248320K, 98% used [0x0000000740000000,0x000000074eebfb48,0x000000074f280000)
 Metaspace       used 18925K, capacity 19810K, committed 20096K, reserved 1067008K
  class space    used 2703K, capacity 2866K, committed 2944K, reserved 1048576K
}
Event: 34.150 GC heap before
{Heap before GC invocations=44 (full 37):
 PSYoungGen      total 152576K, used 19546K [0x0000000795580000, 0x00000007a2980000, 0x00000007c0000000)
  eden space 103424K, 18% used [0x0000000795580000,0x0000000796896838,0x000000079ba80000)
  from space 49152K, 0% used [0x000000079ba80000,0x000000079ba80000,0x000000079ea80000)
  to   space 56832K, 0% used [0x000000079f200000,0x000000079f200000,0x00000007a2980000)
 ParOldGen       total 248320K, used 244478K [0x0000000740000000, 0x000000074f280000, 0x0000000795580000)
  object space 248320K, 98% used [0x0000000740000000,0x000000074eebfb48,0x000000074f280000)
 Metaspace       used 18927K, capacity 19810K, committed 20096K, reserved 1067008K
  class space    used 2703K, capacity 2866K, committed 2944K, reserved 1048576K
Event: 34.185 GC heap after
Heap after GC invocations=44 (full 37):
 PSYoungGen      total 152576K, used 16541K [0x0000000795580000, 0x00000007a2980000, 0x00000007c0000000)
  eden space 103424K, 15% used [0x0000000795580000,0x00000007965a76e8,0x000000079ba80000)
  from space 49152K, 0% used [0x000000079ba80000,0x000000079ba80000,0x000000079ea80000)
  to   space 56832K, 0% used [0x000000079f200000,0x000000079f200000,0x00000007a2980000)
 ParOldGen       total 248320K, used 244478K [0x0000000740000000, 0x000000074f280000, 0x0000000795580000)
  object space 248320K, 98% used [0x0000000740000000,0x000000074eebfb48,0x000000074f280000)
 Metaspace       used 18927K, capacity 19810K, committed 20096K, reserved 1067008K
  class space    used 2703K, capacity 2866K, committed 2944K, reserved 1048576K
}
Event: 34.458 GC heap before
{Heap before GC invocations=45 (full 38):
 PSYoungGen      total 152576K, used 19109K [0x0000000795580000, 0x00000007a2980000, 0x00000007c0000000)
  eden space 103424K, 18% used [0x0000000795580000,0x0000000796829460,0x000000079ba80000)
  from space 49152K, 0% used [0x000000079ba80000,0x000000079ba80000,0x000000079ea80000)
  to   space 56832K, 0% used [0x000000079f200000,0x000000079f200000,0x00000007a2980000)
 ParOldGen       total 248320K, used 244478K [0x0000000740000000, 0x000000074f280000, 0x0000000795580000)
  object space 248320K, 98% used [0x0000000740000000,0x000000074eebfb48,0x000000074f280000)
 Metaspace       used 18928K, capacity 19810K, committed 20096K, reserved 1067008K
  class space    used 2703K, capacity 2866K, committed 2944K, reserved 1048576K
Event: 34.496 GC heap after
Heap after GC invocations=45 (full 38):
 PSYoungGen      total 152576K, used 16540K [0x0000000795580000, 0x00000007a2980000, 0x00000007c0000000)
  eden space 103424K, 15% used [0x0000000795580000,0x00000007965a73f8,0x000000079ba80000)
  from space 49152K, 0% used [0x000000079ba80000,0x000000079ba80000,0x000000079ea80000)
  to   space 56832K, 0% used [0x000000079f200000,0x000000079f200000,0x00000007a2980000)
 ParOldGen       total 248320K, used 244478K [0x0000000740000000, 0x000000074f280000, 0x0000000795580000)
  object space 248320K, 98% used [0x0000000740000000,0x000000074eebfb48,0x000000074f280000)
 Metaspace       used 18928K, capacity 19810K, committed 20096K, reserved 1067008K
  class space    used 2703K, capacity 2866K, committed 2944K, reserved 1048576K
}
Event: 35.032 GC heap before
{Heap before GC invocations=46 (full 39):
 PSYoungGen      total 152576K, used 19545K [0x0000000795580000, 0x00000007a2980000, 0x00000007c0000000)
  eden space 103424K, 18% used [0x0000000795580000,0x00000007968965d0,0x000000079ba80000)
  from space 49152K, 0% used [0x000000079ba80000,0x000000079ba80000,0x000000079ea80000)
  to   space 56832K, 0% used [0x000000079f200000,0x000000079f200000,0x00000007a2980000)
 ParOldGen       total 248320K, used 244478K [0x0000000740000000, 0x000000074f280000, 0x0000000795580000)
  object space 248320K, 98% used [0x0000000740000000,0x000000074eebfb48,0x000000074f280000)
 Metaspace       used 18929K, capacity 19810K, committed 20096K, reserved 1067008K
  class space    used 2703K, capacity 2866K, committed 2944K, reserved 1048576K
Event: 35.075 GC heap after
Heap after GC invocations=46 (full 39):
 PSYoungGen      total 152576K, used 16543K [0x0000000795580000, 0x00000007a2980000, 0x00000007c0000000)
  eden space 103424K, 15% used [0x0000000795580000,0x00000007965a7e40,0x000000079ba80000)
  from space 49152K, 0% used [0x000000079ba80000,0x000000079ba80000,0x000000079ea80000)
  to   space 56832K, 0% used [0x000000079f200000,0x000000079f200000,0x00000007a2980000)
 ParOldGen       total 248320K, used 244478K [0x0000000740000000, 0x000000074f280000, 0x0000000795580000)
  object space 248320K, 98% used [0x0000000740000000,0x000000074eebfa30,0x000000074f280000)
 Metaspace       used 18929K, capacity 19810K, committed 20096K, reserved 1067008K
  class space    used 2703K, capacity 2866K, committed 2944K, reserved 1048576K
}

Deoptimization events (10 events):
Event: 1.808 Thread 0x00007fc60a8d4800 Uncommon trap: reason=speculate_class_check action=maybe_recompile pc=0x000000011026068c method=com.sun.javafx.css.BitSet.containsAll(Ljava/util/Collection;)Z @ 18
Event: 1.812 Thread 0x00007fc60a8d4800 Uncommon trap: reason=class_check action=maybe_recompile pc=0x00000001100464dc method=java.lang.String.equals(Ljava/lang/Object;)Z @ 8
Event: 2.069 Thread 0x00007fc60a8d4800 Uncommon trap: reason=unloaded action=reinterpret pc=0x0000000110169498 method=java.lang.CharacterData.of(I)Ljava/lang/CharacterData; @ 96
Event: 2.212 Thread 0x00007fc60a8d4800 Uncommon trap: reason=unreached action=reinterpret pc=0x0000000110211010 method=java.util.HashMap.hash(Ljava/lang/Object;)I @ 1
Event: 2.212 Thread 0x00007fc60a8d4800 Uncommon trap: reason=unreached action=reinterpret pc=0x00000001102971c8 method=java.util.HashMap.hash(Ljava/lang/Object;)I @ 1
Event: 9.835 Thread 0x00007fc60a8d4800 Uncommon trap: reason=array_check action=maybe_recompile pc=0x00000001104ff624 method=com.sun.javafx.css.SimpleSelector.applies(Ljavafx/css/Styleable;[Ljava/util/Set;I)Z @ 37
Event: 9.836 Thread 0x00007fc60a8d4800 Uncommon trap: reason=array_check action=maybe_recompile pc=0x00000001104ff624 method=com.sun.javafx.css.SimpleSelector.applies(Ljavafx/css/Styleable;[Ljava/util/Set;I)Z @ 37
Event: 9.836 Thread 0x00007fc60a8d4800 Uncommon trap: reason=array_check action=maybe_recompile pc=0x00000001104ff624 method=com.sun.javafx.css.SimpleSelector.applies(Ljavafx/css/Styleable;[Ljava/util/Set;I)Z @ 37
Event: 9.836 Thread 0x00007fc60a8d4800 Uncommon trap: reason=array_check action=maybe_recompile pc=0x00000001104ff624 method=com.sun.javafx.css.SimpleSelector.applies(Ljavafx/css/Styleable;[Ljava/util/Set;I)Z @ 37
Event: 36.143 Thread 0x00007fc60a8d4800 Uncommon trap: reason=null_check action=make_not_entrant pc=0x0000000110766280 method=com.sun.glass.ui.mac.MacTouchInputSupport.notifyNextTouchEvent(Lcom/sun/glass/ui/View;IJIIII)V @ 57

Internal exceptions (10 events):
Event: 5.567 Thread 0x00007fc60a8d4800 Exception <a 'java/security/PrivilegedActionException'> (0x0000000796f91cf8) thrown at [/HUDSON3/workspace/8-2-build-macosx-x86_64/jdk8u20/1074/hotspot/src/share/vm/prims/jvm.cpp, line 1275]
Event: 5.663 Thread 0x00007fc60a8d4800 Exception <a 'java/security/PrivilegedActionException'> (0x0000000795e20508) thrown at [/HUDSON3/workspace/8-2-build-macosx-x86_64/jdk8u20/1074/hotspot/src/share/vm/prims/jvm.cpp, line 1275]
Event: 5.663 Thread 0x00007fc60a8d4800 Exception <a 'java/security/PrivilegedActionException'> (0x0000000795e22160) thrown at [/HUDSON3/workspace/8-2-build-macosx-x86_64/jdk8u20/1074/hotspot/src/share/vm/prims/jvm.cpp, line 1275]
Event: 6.569 Thread 0x00007fc60a8d4800 Exception <a 'java/security/PrivilegedActionException'> (0x0000000795d90b30) thrown at [/HUDSON3/workspace/8-2-build-macosx-x86_64/jdk8u20/1074/hotspot/src/share/vm/prims/jvm.cpp, line 1275]
Event: 6.569 Thread 0x00007fc60a8d4800 Exception <a 'java/security/PrivilegedActionException'> (0x0000000795d92028) thrown at [/HUDSON3/workspace/8-2-build-macosx-x86_64/jdk8u20/1074/hotspot/src/share/vm/prims/jvm.cpp, line 1275]
Event: 6.573 Thread 0x00007fc60a8d4800 Exception <a 'java/security/PrivilegedActionException'> (0x0000000795da7f30) thrown at [/HUDSON3/workspace/8-2-build-macosx-x86_64/jdk8u20/1074/hotspot/src/share/vm/prims/jvm.cpp, line 1275]
Event: 6.573 Thread 0x00007fc60a8d4800 Exception <a 'java/security/PrivilegedActionException'> (0x0000000795da9478) thrown at [/HUDSON3/workspace/8-2-build-macosx-x86_64/jdk8u20/1074/hotspot/src/share/vm/prims/jvm.cpp, line 1275]
Event: 6.576 Thread 0x00007fc60a8d4800 Exception <a 'java/security/PrivilegedActionException'> (0x0000000795db4d28) thrown at [/HUDSON3/workspace/8-2-build-macosx-x86_64/jdk8u20/1074/hotspot/src/share/vm/prims/jvm.cpp, line 1275]
Event: 6.576 Thread 0x00007fc60a8d4800 Exception <a 'java/security/PrivilegedActionException'> (0x0000000795db6200) thrown at [/HUDSON3/workspace/8-2-build-macosx-x86_64/jdk8u20/1074/hotspot/src/share/vm/prims/jvm.cpp, line 1275]
Event: 36.143 Thread 0x00007fc60a8d4800 Implicit null exception at 0x000000011076575c to 0x000000011076625d

Events (10 events):
Event: 39.178 loading class javafx/application/Application done
Event: 39.199 loading class com/sun/javafx/tk/quantum/QuantumRenderer
Event: 39.199 loading class com/sun/javafx/tk/quantum/QuantumRenderer done
Event: 39.200 loading class com/sun/javafx/tk/quantum/QuantumToolkit
Event: 39.200 loading class com/sun/javafx/tk/quantum/QuantumToolkit done
Event: 39.200 Thread 0x00007fc60a807800 Thread exited: 0x00007fc60a807800
Event: 39.200 Thread 0x00007fc60a21a800 Thread exited: 0x00007fc60a21a800
Event: 39.200 Thread 0x00007fc60a007000 Thread exited: 0x00007fc60a007000
Event: 39.200 Thread 0x00007fc60a807800 Thread added: 0x00007fc60a807800
Event: 39.204 Thread 0x00007fc60a8d4800 Thread exited: 0x00007fc60a8d4800


Dynamic libraries:
0x0000000000623000 	/System/Library/Frameworks/Cocoa.framework/Versions/A/Cocoa
0x0000000000623000 	/System/Library/Frameworks/Security.framework/Versions/A/Security
0x0000000000623000 	/System/Library/Frameworks/ApplicationServices.framework/Versions/A/ApplicationServices
0x0000000000623000 	/usr/lib/libz.1.dylib
0x0000000000623000 	/usr/lib/libSystem.B.dylib
0x0000000000623000 	/usr/lib/libobjc.A.dylib
0x0000000000623000 	/System/Library/Frameworks/CoreFoundation.framework/Versions/A/CoreFoundation
0x0000000000623000 	/System/Library/Frameworks/Foundation.framework/Versions/C/Foundation
0x0000000000623000 	/System/Library/Frameworks/AppKit.framework/Versions/C/AppKit
0x0000000000623000 	/System/Library/Frameworks/CoreData.framework/Versions/A/CoreData
0x0000000000623000 	/System/Library/PrivateFrameworks/RemoteViewServices.framework/Versions/A/RemoteViewServices
0x0000000000623000 	/System/Library/PrivateFrameworks/UIFoundation.framework/Versions/A/UIFoundation
0x0000000000623000 	/usr/lib/libScreenReader.dylib
0x0000000000623000 	/System/Library/Frameworks/Accelerate.framework/Versions/A/Accelerate
0x0000000000623000 	/System/Library/Frameworks/IOSurface.framework/Versions/A/IOSurface
0x0000000000623000 	/System/Library/Frameworks/AudioToolbox.framework/Versions/A/AudioToolbox
0x0000000000623000 	/System/Library/Frameworks/AudioUnit.framework/Versions/A/AudioUnit
0x0000000000623000 	/System/Library/PrivateFrameworks/DataDetectorsCore.framework/Versions/A/DataDetectorsCore
0x0000000000623000 	/System/Library/PrivateFrameworks/DesktopServicesPriv.framework/Versions/A/DesktopServicesPriv
0x0000000000623000 	/System/Library/Frameworks/Carbon.framework/Versions/A/Frameworks/HIToolbox.framework/Versions/A/HIToolbox
0x0000000000623000 	/System/Library/Frameworks/QuartzCore.framework/Versions/A/QuartzCore
0x0000000000623000 	/System/Library/Frameworks/Carbon.framework/Versions/A/Frameworks/SpeechRecognition.framework/Versions/A/SpeechRecognition
0x0000000000623000 	/usr/lib/libauto.dylib
0x0000000000623000 	/usr/lib/libicucore.A.dylib
0x0000000000623000 	/usr/lib/libxml2.2.dylib
0x0000000000623000 	/System/Library/PrivateFrameworks/CoreUI.framework/Versions/A/CoreUI
0x0000000000623000 	/System/Library/Frameworks/CoreAudio.framework/Versions/A/CoreAudio
0x0000000000623000 	/System/Library/Frameworks/DiskArbitration.framework/Versions/A/DiskArbitration
0x0000000000623000 	/usr/lib/liblangid.dylib
0x0000000000623000 	/System/Library/PrivateFrameworks/MultitouchSupport.framework/Versions/A/MultitouchSupport
0x0000000000623000 	/System/Library/Frameworks/IOKit.framework/Versions/A/IOKit
0x0000000000623000 	/usr/lib/libDiagnosticMessagesClient.dylib
0x0000000000623000 	/System/Library/Frameworks/CoreServices.framework/Versions/A/CoreServices
0x0000000000623000 	/System/Library/PrivateFrameworks/PerformanceAnalysis.framework/Versions/A/PerformanceAnalysis
0x0000000000623000 	/System/Library/PrivateFrameworks/GenerationalStorage.framework/Versions/A/GenerationalStorage
0x0000000000623000 	/System/Library/Frameworks/OpenGL.framework/Versions/A/OpenGL
0x0000000000623000 	/System/Library/PrivateFrameworks/Sharing.framework/Versions/A/Sharing
0x0000000000623000 	/System/Library/Frameworks/CoreGraphics.framework/Versions/A/CoreGraphics
0x0000000000623000 	/System/Library/Frameworks/CoreImage.framework/Versions/A/CoreImage
0x0000000000623000 	/System/Library/Frameworks/CoreText.framework/Versions/A/CoreText
0x0000000000623000 	/System/Library/Frameworks/ImageIO.framework/Versions/A/ImageIO
0x0000000000623000 	/System/Library/PrivateFrameworks/Backup.framework/Versions/A/Backup
0x0000000000623000 	/usr/lib/libextension.dylib
0x0000000000623000 	/usr/lib/libarchive.2.dylib
0x0000000000623000 	/System/Library/Frameworks/CFNetwork.framework/Versions/A/CFNetwork
0x0000000000623000 	/System/Library/Frameworks/SystemConfiguration.framework/Versions/A/SystemConfiguration
0x0000000000623000 	/usr/lib/libCRFSuite.dylib
0x0000000000623000 	/usr/lib/libc++.1.dylib
0x0000000000623000 	/usr/lib/libc++abi.dylib
0x0000000000623000 	/usr/lib/system/libcache.dylib
0x0000000000623000 	/usr/lib/system/libcommonCrypto.dylib
0x0000000000623000 	/usr/lib/system/libcompiler_rt.dylib
0x0000000000623000 	/usr/lib/system/libcopyfile.dylib
0x0000000000623000 	/usr/lib/system/libcorecrypto.dylib
0x0000000000623000 	/usr/lib/system/libdispatch.dylib
0x0000000000623000 	/usr/lib/system/libdyld.dylib
0x0000000000623000 	/usr/lib/system/libkeymgr.dylib
0x0000000000623000 	/usr/lib/system/liblaunch.dylib
0x0000000000623000 	/usr/lib/system/libmacho.dylib
0x0000000000623000 	/usr/lib/system/libquarantine.dylib
0x0000000000623000 	/usr/lib/system/libremovefile.dylib
0x0000000000623000 	/usr/lib/system/libsystem_asl.dylib
0x0000000000623000 	/usr/lib/system/libsystem_blocks.dylib
0x0000000000623000 	/usr/lib/system/libsystem_c.dylib
0x0000000000623000 	/usr/lib/system/libsystem_configuration.dylib
0x0000000000623000 	/usr/lib/system/libsystem_coreservices.dylib
0x0000000000623000 	/usr/lib/system/libsystem_coretls.dylib
0x0000000000623000 	/usr/lib/system/libsystem_dnssd.dylib
0x0000000000623000 	/usr/lib/system/libsystem_info.dylib
0x0000000000623000 	/usr/lib/system/libsystem_kernel.dylib
0x0000000000623000 	/usr/lib/system/libsystem_m.dylib
0x0000000000623000 	/usr/lib/system/libsystem_malloc.dylib
0x0000000000623000 	/usr/lib/system/libsystem_network.dylib
0x0000000000623000 	/usr/lib/system/libsystem_networkextension.dylib
0x0000000000623000 	/usr/lib/system/libsystem_notify.dylib
0x0000000000623000 	/usr/lib/system/libsystem_platform.dylib
0x0000000000623000 	/usr/lib/system/libsystem_pthread.dylib
0x0000000000623000 	/usr/lib/system/libsystem_sandbox.dylib
0x0000000000623000 	/usr/lib/system/libsystem_secinit.dylib
0x0000000000623000 	/usr/lib/system/libsystem_trace.dylib
0x0000000000623000 	/usr/lib/system/libunc.dylib
0x0000000000623000 	/usr/lib/system/libunwind.dylib
0x0000000000623000 	/usr/lib/system/libxpc.dylib
0x0000000000623000 	/usr/lib/libenergytrace.dylib
0x0000000000623000 	/usr/lib/libbsm.0.dylib
0x0000000000623000 	/usr/lib/system/libkxld.dylib
0x0000000000623000 	/usr/lib/libxar.1.dylib
0x0000000000623000 	/usr/lib/libsqlite3.dylib
0x0000000000623000 	/usr/lib/libpam.2.dylib
0x0000000000623000 	/usr/lib/libOpenScriptingUtil.dylib
0x0000000000623000 	/usr/lib/libbz2.1.0.dylib
0x0000000000623000 	/usr/lib/liblzma.5.dylib
0x0000000000623000 	/System/Library/Frameworks/CoreServices.framework/Versions/A/Frameworks/FSEvents.framework/Versions/A/FSEvents
0x0000000000623000 	/System/Library/Frameworks/CoreServices.framework/Versions/A/Frameworks/CarbonCore.framework/Versions/A/CarbonCore
0x0000000000623000 	/System/Library/Frameworks/CoreServices.framework/Versions/A/Frameworks/Metadata.framework/Versions/A/Metadata
0x0000000000623000 	/System/Library/Frameworks/CoreServices.framework/Versions/A/Frameworks/OSServices.framework/Versions/A/OSServices
0x0000000000623000 	/System/Library/Frameworks/CoreServices.framework/Versions/A/Frameworks/SearchKit.framework/Versions/A/SearchKit
0x0000000000623000 	/System/Library/Frameworks/CoreServices.framework/Versions/A/Frameworks/AE.framework/Versions/A/AE
0x0000000000623000 	/System/Library/Frameworks/CoreServices.framework/Versions/A/Frameworks/LaunchServices.framework/Versions/A/LaunchServices
0x0000000000623000 	/System/Library/Frameworks/CoreServices.framework/Versions/A/Frameworks/DictionaryServices.framework/Versions/A/DictionaryServices
0x0000000000623000 	/System/Library/Frameworks/CoreServices.framework/Versions/A/Frameworks/SharedFileList.framework/Versions/A/SharedFileList
0x0000000000623000 	/System/Library/Frameworks/NetFS.framework/Versions/A/NetFS
0x0000000000623000 	/System/Library/PrivateFrameworks/NetAuth.framework/Versions/A/NetAuth
0x0000000000623000 	/System/Library/PrivateFrameworks/login.framework/Versions/A/Frameworks/loginsupport.framework/Versions/A/loginsupport
0x0000000000623000 	/System/Library/PrivateFrameworks/TCC.framework/Versions/A/TCC
0x0000000000623000 	/usr/lib/libmecabra.dylib
0x0000000000623000 	/System/Library/Frameworks/ApplicationServices.framework/Versions/A/Frameworks/ATS.framework/Versions/A/ATS
0x0000000000623000 	/System/Library/Frameworks/ApplicationServices.framework/Versions/A/Frameworks/ColorSync.framework/Versions/A/ColorSync
0x0000000000623000 	/System/Library/Frameworks/ApplicationServices.framework/Versions/A/Frameworks/HIServices.framework/Versions/A/HIServices
0x0000000000623000 	/System/Library/Frameworks/ApplicationServices.framework/Versions/A/Frameworks/LangAnalysis.framework/Versions/A/LangAnalysis
0x0000000000623000 	/System/Library/Frameworks/ApplicationServices.framework/Versions/A/Frameworks/PrintCore.framework/Versions/A/PrintCore
0x0000000000623000 	/System/Library/Frameworks/ApplicationServices.framework/Versions/A/Frameworks/QD.framework/Versions/A/QD
0x0000000000623000 	/System/Library/Frameworks/ApplicationServices.framework/Versions/A/Frameworks/SpeechSynthesis.framework/Versions/A/SpeechSynthesis
0x0000000000623000 	/System/Library/Frameworks/Metal.framework/Versions/A/Metal
0x0000000000623000 	/System/Library/Frameworks/Accelerate.framework/Versions/A/Frameworks/vImage.framework/Versions/A/vImage
0x0000000000623000 	/System/Library/Frameworks/Accelerate.framework/Versions/A/Frameworks/vecLib.framework/Versions/A/vecLib
0x0000000000623000 	/System/Library/Frameworks/Accelerate.framework/Versions/A/Frameworks/vecLib.framework/Versions/A/libvDSP.dylib
0x0000000000623000 	/System/Library/Frameworks/Accelerate.framework/Versions/A/Frameworks/vecLib.framework/Versions/A/libvMisc.dylib
0x0000000000623000 	/System/Library/Frameworks/Accelerate.framework/Versions/A/Frameworks/vecLib.framework/Versions/A/libLAPACK.dylib
0x0000000000623000 	/System/Library/Frameworks/Accelerate.framework/Versions/A/Frameworks/vecLib.framework/Versions/A/libBLAS.dylib
0x0000000000623000 	/System/Library/Frameworks/Accelerate.framework/Versions/A/Frameworks/vecLib.framework/Versions/A/libLinearAlgebra.dylib
0x0000000000623000 	/System/Library/Frameworks/Accelerate.framework/Versions/A/Frameworks/vecLib.framework/Versions/A/libSparseBLAS.dylib
0x0000000000623000 	/System/Library/PrivateFrameworks/GPUCompiler.framework/libmetal_timestamp.dylib
0x0000000000623000 	/System/Library/Frameworks/OpenGL.framework/Versions/A/Libraries/libCoreFSCache.dylib
0x0000000000623000 	/System/Library/PrivateFrameworks/IOAccelerator.framework/Versions/A/IOAccelerator
0x0000000000623000 	/System/Library/Frameworks/ApplicationServices.framework/Versions/A/Frameworks/ATS.framework/Versions/A/Resources/libFontParser.dylib
0x0000000000623000 	/System/Library/Frameworks/ApplicationServices.framework/Versions/A/Frameworks/ATS.framework/Versions/A/Resources/libFontRegistry.dylib
0x0000000000623000 	/System/Library/PrivateFrameworks/AppleVPA.framework/Versions/A/AppleVPA
0x0000000000623000 	/System/Library/PrivateFrameworks/AppleJPEG.framework/Versions/A/AppleJPEG
0x0000000000623000 	/System/Library/Frameworks/ImageIO.framework/Versions/A/Resources/libJPEG.dylib
0x0000000000623000 	/System/Library/Frameworks/ImageIO.framework/Versions/A/Resources/libTIFF.dylib
0x0000000000623000 	/System/Library/Frameworks/ImageIO.framework/Versions/A/Resources/libPng.dylib
0x0000000000623000 	/System/Library/Frameworks/ImageIO.framework/Versions/A/Resources/libGIF.dylib
0x0000000000623000 	/System/Library/Frameworks/ImageIO.framework/Versions/A/Resources/libJP2.dylib
0x0000000000623000 	/System/Library/Frameworks/ImageIO.framework/Versions/A/Resources/libRadiance.dylib
0x0000000000623000 	/System/Library/Frameworks/CoreVideo.framework/Versions/A/CoreVideo
0x0000000000623000 	/System/Library/Frameworks/OpenGL.framework/Versions/A/Libraries/libGLU.dylib
0x0000000000623000 	/System/Library/Frameworks/OpenGL.framework/Versions/A/Libraries/libGFXShared.dylib
0x0000000000623000 	/System/Library/Frameworks/OpenGL.framework/Versions/A/Libraries/libGL.dylib
0x0000000000623000 	/System/Library/Frameworks/OpenGL.framework/Versions/A/Libraries/libGLImage.dylib
0x0000000000623000 	/System/Library/Frameworks/OpenGL.framework/Versions/A/Libraries/libCVMSPluginSupport.dylib
0x0000000000623000 	/System/Library/Frameworks/OpenGL.framework/Versions/A/Libraries/libCoreVMClient.dylib
0x0000000000623000 	/usr/lib/libcompression.dylib
0x0000000000623000 	/usr/lib/libcups.2.dylib
0x0000000000623000 	/System/Library/Frameworks/Kerberos.framework/Versions/A/Kerberos
0x0000000000623000 	/System/Library/Frameworks/GSS.framework/Versions/A/GSS
0x0000000000623000 	/usr/lib/libresolv.9.dylib
0x0000000000623000 	/usr/lib/libiconv.2.dylib
0x0000000000623000 	/System/Library/PrivateFrameworks/Heimdal.framework/Versions/A/Heimdal
0x0000000000623000 	/usr/lib/libheimdal-asn1.dylib
0x0000000000623000 	/System/Library/Frameworks/OpenDirectory.framework/Versions/A/OpenDirectory
0x0000000000623000 	/System/Library/PrivateFrameworks/CommonAuth.framework/Versions/A/CommonAuth
0x0000000000623000 	/System/Library/Frameworks/OpenDirectory.framework/Versions/A/Frameworks/CFOpenDirectory.framework/Versions/A/CFOpenDirectory
0x0000000000623000 	/System/Library/Frameworks/SecurityFoundation.framework/Versions/A/SecurityFoundation
0x0000000000623000 	/System/Library/PrivateFrameworks/LanguageModeling.framework/Versions/A/LanguageModeling
0x0000000000623000 	/usr/lib/libmarisa.dylib
0x0000000000623000 	/usr/lib/libChineseTokenizer.dylib
0x0000000000623000 	/usr/lib/libcmph.dylib
0x0000000000623000 	/System/Library/Frameworks/ServiceManagement.framework/Versions/A/ServiceManagement
0x0000000000623000 	/usr/lib/libxslt.1.dylib
0x0000000000623000 	/System/Library/Frameworks/Carbon.framework/Versions/A/Frameworks/Ink.framework/Versions/A/Ink
0x0000000000623000 	/usr/lib/libFosl_dynamic.dylib
0x0000000000623000 	/System/Library/PrivateFrameworks/FaceCore.framework/Versions/A/FaceCore
0x0000000000623000 	/System/Library/Frameworks/OpenCL.framework/Versions/A/OpenCL
0x0000000000623000 	/System/Library/PrivateFrameworks/CrashReporterSupport.framework/Versions/A/CrashReporterSupport
0x0000000000623000 	/System/Library/PrivateFrameworks/IconServices.framework/Versions/A/IconServices
0x0000000000623000 	/System/Library/PrivateFrameworks/Apple80211.framework/Versions/A/Apple80211
0x0000000000623000 	/System/Library/Frameworks/CoreWLAN.framework/Versions/A/CoreWLAN
0x0000000000623000 	/System/Library/Frameworks/IOBluetooth.framework/Versions/A/IOBluetooth
0x0000000000623000 	/System/Library/PrivateFrameworks/CoreWiFi.framework/Versions/A/CoreWiFi
0x0000000000623000 	/System/Library/Frameworks/CoreBluetooth.framework/Versions/A/CoreBluetooth
0x0000000000623000 	/System/Library/PrivateFrameworks/ChunkingLibrary.framework/Versions/A/ChunkingLibrary
0x0000000000623000 	/System/Library/PrivateFrameworks/DebugSymbols.framework/Versions/A/DebugSymbols
0x0000000000623000 	/System/Library/PrivateFrameworks/CoreSymbolication.framework/Versions/A/CoreSymbolication
0x0000000000623000 	/System/Library/PrivateFrameworks/Symbolication.framework/Versions/A/Symbolication
0x0000000000623000 	/System/Library/PrivateFrameworks/SpeechRecognitionCore.framework/Versions/A/SpeechRecognitionCore
0x000000010f000000 	/Library/Java/JavaVirtualMachines/jdk1.8.0_20.jdk/Contents/Home/jre/lib/server/libjvm.dylib
0x0000000000623000 	/usr/lib/libstdc++.6.dylib
0x000000010e6ee000 	/Library/Java/JavaVirtualMachines/jdk1.8.0_20.jdk/Contents/Home/jre/lib/libverify.dylib
0x000000010e6fc000 	/Library/Java/JavaVirtualMachines/jdk1.8.0_20.jdk/Contents/Home/jre/lib/libjava.dylib
0x000000010e73a000 	/Library/Java/JavaVirtualMachines/jdk1.8.0_20.jdk/Contents/Home/jre/lib/libzip.dylib
0x00000001257cf000 	/System/Library/Frameworks/JavaVM.framework/Frameworks/JavaRuntimeSupport.framework/JavaRuntimeSupport
0x00000001257ea000 	/System/Library/Frameworks/JavaVM.framework/Versions/A/Frameworks/JavaNativeFoundation.framework/Versions/A/JavaNativeFoundation
0x000000010e7ef000 	/System/Library/Frameworks/JavaVM.framework/Versions/A/JavaVM
0x0000000000623000 	/System/Library/Frameworks/Carbon.framework/Versions/A/Carbon
0x00000001257ff000 	/System/Library/PrivateFrameworks/JavaLaunching.framework/Versions/A/JavaLaunching
0x0000000000623000 	/System/Library/Frameworks/Carbon.framework/Versions/A/Frameworks/CommonPanels.framework/Versions/A/CommonPanels
0x0000000000623000 	/System/Library/Frameworks/Carbon.framework/Versions/A/Frameworks/Help.framework/Versions/A/Help
0x0000000000623000 	/System/Library/Frameworks/Carbon.framework/Versions/A/Frameworks/ImageCapture.framework/Versions/A/ImageCapture
0x0000000000623000 	/System/Library/Frameworks/Carbon.framework/Versions/A/Frameworks/OpenScripting.framework/Versions/A/OpenScripting
0x0000000000623000 	/System/Library/Frameworks/Carbon.framework/Versions/A/Frameworks/Print.framework/Versions/A/Print
0x0000000000623000 	/System/Library/Frameworks/Carbon.framework/Versions/A/Frameworks/SecurityHI.framework/Versions/A/SecurityHI
0x00000001271e6000 	/Library/Java/JavaVirtualMachines/jdk1.8.0_20.jdk/Contents/Home/jre/lib/libprism_es2.dylib
0x0000000000623000 	/System/Library/Frameworks/OpenGL.framework/Versions/A/Resources/GLEngine.bundle/GLEngine
0x0000000000623000 	/System/Library/Frameworks/OpenGL.framework/Versions/A/Libraries/libGLProgrammability.dylib
0x0000000127267000 	/System/Library/Extensions/AppleIntelHD3000GraphicsGLDriver.bundle/Contents/MacOS/AppleIntelHD3000GraphicsGLDriver
0x0000000000623000 	/System/Library/PrivateFrameworks/GPUSupport.framework/Versions/A/Libraries/libGPUSupport.dylib
0x0000000000623000 	/System/Library/Frameworks/OpenGL.framework/Versions/A/Resources/GLRendererFloat.bundle/GLRendererFloat
0x0000000000623000 	/System/Library/Frameworks/OpenCL.framework/Versions/A/Libraries/libcldcpuengine.dylib
0x0000000000623000 	/System/Library/PrivateFrameworks/DiskImages.framework/Versions/A/DiskImages
0x0000000000623000 	/System/Library/Frameworks/DiscRecording.framework/Versions/A/DiscRecording
0x0000000000623000 	/usr/lib/libcsfde.dylib
0x0000000000623000 	/usr/lib/libcurl.4.dylib
0x0000000000623000 	/System/Library/PrivateFrameworks/MediaKit.framework/Versions/A/MediaKit
0x0000000000623000 	/System/Library/PrivateFrameworks/ProtectedCloudStorage.framework/Versions/A/ProtectedCloudStorage
0x0000000000623000 	/usr/lib/libCoreStorage.dylib
0x0000000000623000 	/System/Library/PrivateFrameworks/EFILogin.framework/Versions/A/EFILogin
0x0000000000623000 	/usr/lib/libutil.dylib
0x0000000000623000 	/System/Library/PrivateFrameworks/FindMyDevice.framework/Versions/A/FindMyDevice
0x0000000000623000 	/System/Library/Frameworks/LDAP.framework/Versions/A/LDAP
0x0000000000623000 	/usr/lib/libsasl2.2.dylib
0x0000000000623000 	/System/Library/PrivateFrameworks/CoreDaemon.framework/Versions/B/CoreDaemon
0x0000000000623000 	/usr/lib/libcrypto.0.9.8.dylib
0x0000000000623000 	/System/Library/PrivateFrameworks/AppleSRP.framework/Versions/A/AppleSRP
0x0000000000623000 	/System/Library/PrivateFrameworks/TrustEvaluationAgent.framework/Versions/A/TrustEvaluationAgent
0x00000001278e7000 	/Library/Java/JavaVirtualMachines/jdk1.8.0_20.jdk/Contents/Home/jre/lib/libglass.dylib
0x0000000000623000 	/System/Library/PrivateFrameworks/CoreServicesInternal.framework/Versions/A/CoreServicesInternal
0x0000000000623000 	/System/Library/CoreServices/RawCamera.bundle/Contents/MacOS/RawCamera
0x0000000000623000 	/System/Library/Frameworks/CoreGraphics.framework/Versions/A/Resources/libRIP.A.dylib
0x0000000000623000 	/System/Library/Frameworks/Accelerate.framework/Versions/A/Frameworks/vImage.framework/Versions/A/Libraries/libCGInterfaces.dylib
0x0000000000623000 	/System/Library/PrivateFrameworks/FamilyControls.framework/Versions/A/FamilyControls
0x0000000000623000 	/System/Library/PrivateFrameworks/CommerceKit.framework/Versions/A/Frameworks/CommerceCore.framework/Versions/A/CommerceCore
0x0000000000623000 	/System/Library/PrivateFrameworks/SystemAdministration.framework/Versions/A/SystemAdministration
0x0000000000623000 	/System/Library/PrivateFrameworks/AppContainer.framework/Versions/A/AppContainer
0x0000000000623000 	/System/Library/PrivateFrameworks/SecCodeWrapper.framework/Versions/A/SecCodeWrapper
0x0000000000623000 	/System/Library/Frameworks/DirectoryService.framework/Versions/A/DirectoryService
0x0000000000623000 	/System/Library/PrivateFrameworks/LoginUIKit.framework/Versions/A/Frameworks/LoginUICore.framework/Versions/A/LoginUICore
0x0000000000623000 	/usr/lib/libodfde.dylib
0x0000000129e50000 	/Library/Java/JavaVirtualMachines/jdk1.8.0_20.jdk/Contents/Home/jre/lib/libjavafx_iio.dylib
0x000000012823e000 	/Library/Java/JavaVirtualMachines/jdk1.8.0_20.jdk/Contents/Home/jre/lib/libjavafx_font.dylib
0x0000000000623000 	/System/Library/Frameworks/CoreGraphics.framework/Versions/A/Resources/libCGXType.A.dylib
0x000000012bd20000 	/Library/Java/JavaVirtualMachines/jdk1.8.0_20.jdk/Contents/Home/jre/lib/libnet.dylib
0x00000001283ce000 	cl_kernels
0x0000000000623000 	/System/Library/Frameworks/OpenCL.framework/Versions/A/Libraries/ImageFormats/unorm8_bgra.dylib
0x0000000000623000 	/System/Library/Frameworks/OpenCL.framework/Versions/A/Libraries/ImageFormats/unorm8_rgba.dylib
0x000000012be13000 	/Library/Java/JavaVirtualMachines/jdk1.8.0_20.jdk/Contents/Home/jre/lib/libprism_common.dylib

VM Arguments:
jvm_args: -Dfile.encoding=UTF-8 
java_command: gui.MainGameFX
java_class_path (initial): /Users/halilcenik/git/boardies/bin:/Users/halilcenik/.p2/pool/plugins/org.junit_4.12.0.v201504281640/junit.jar:/Users/halilcenik/.p2/pool/plugins/org.hamcrest.core_1.3.0.v201303031735.jar
Launcher Type: SUN_STANDARD

Environment Variables:
PATH=/usr/bin:/bin:/usr/sbin:/sbin
SHELL=/bin/bash
DISPLAY=/private/tmp/com.apple.launchd.GF1Hxbcdhx/org.macosforge.xquartz:0

Signal Handlers:
SIGSEGV: [libjvm.dylib+0x578fd7], sa_mask[0]=11111111011111110111111111111111, sa_flags=SA_ONSTACK|SA_RESTART|SA_SIGINFO
SIGBUS: [libjvm.dylib+0x578fd7], sa_mask[0]=11111111011111110111111111111111, sa_flags=SA_RESTART|SA_SIGINFO
SIGFPE: [libjvm.dylib+0x45ab0c], sa_mask[0]=11111111011111110111111111111111, sa_flags=SA_RESTART|SA_SIGINFO
SIGPIPE: [libjvm.dylib+0x45ab0c], sa_mask[0]=11111111011111110111111111111111, sa_flags=SA_RESTART|SA_SIGINFO
SIGXFSZ: [libjvm.dylib+0x45ab0c], sa_mask[0]=11111111011111110111111111111111, sa_flags=SA_RESTART|SA_SIGINFO
SIGILL: [libjvm.dylib+0x45ab0c], sa_mask[0]=11111111011111110111111111111111, sa_flags=SA_RESTART|SA_SIGINFO
SIGUSR1: SIG_DFL, sa_mask[0]=00000000000000000000000000000000, sa_flags=none
SIGUSR2: [libjvm.dylib+0x45a62a], sa_mask[0]=00100000000000000000000000000000, sa_flags=SA_RESTART|SA_SIGINFO
SIGHUP: [libjvm.dylib+0x458bfd], sa_mask[0]=11111111011111110111111111111111, sa_flags=SA_RESTART|SA_SIGINFO
SIGINT: [libjvm.dylib+0x458bfd], sa_mask[0]=11111111011111110111111111111111, sa_flags=SA_RESTART|SA_SIGINFO
SIGTERM: [libjvm.dylib+0x458bfd], sa_mask[0]=11111111011111110111111111111111, sa_flags=SA_RESTART|SA_SIGINFO
SIGQUIT: [libjvm.dylib+0x458bfd], sa_mask[0]=11111111011111110111111111111111, sa_flags=SA_RESTART|SA_SIGINFO


---------------  S Y S T E M  ---------------

OS:Bsduname:Darwin 15.6.0 Darwin Kernel Version 15.6.0: Thu Jun 23 18:25:34 PDT 2016; root:xnu-3248.60.10~1/RELEASE_X86_64 x86_64
rlimit: STACK 8192k, CORE 0k, NPROC 709, NOFILE 10240, AS infinity
load average:1.69 1.82 1.82

CPU:total 4 (2 cores per cpu, 2 threads per core) family 6 model 42 stepping 7, cmov, cx8, fxsr, mmx, sse, sse2, sse3, ssse3, sse4.1, sse4.2, popcnt, avx, aes, clmul, ht, tsc, tscinvbit

Memory: 4k page, physical 8388608k(19244k free)

/proc/meminfo:


vm_info: Java HotSpot(TM) 64-Bit Server VM (25.20-b23) for bsd-amd64 JRE (1.8.0_20-b26), built on Jul 30 2014 13:37:47 by "java_re" with gcc 4.2.1 (Based on Apple Inc. build 5658) (LLVM build 2336.9.00)

time: Tue Nov 21 21:33:13 2017
elapsed time: 582 seconds (0d 0h 9m 42s)

