#
# A fatal error has been detected by the Java Runtime Environment:
#
#  SIGSEGV (0xb) at pc=0x000000011b8683fd, pid=20523, tid=2571
#
# JRE version: Java(TM) SE Runtime Environment (8.0_20-b26) (build 1.8.0_20-b26)
# Java VM: Java HotSpot(TM) 64-Bit Server VM (25.20-b23 mixed mode bsd-amd64 compressed oops)
# Problematic frame:
# C  [libglass.dylib+0x163fd]  GlassScreenDidChangeScreenParameters+0x9d
#
# Failed to write core dump. Core dumps have been disabled. To enable core dumping, try "ulimit -c unlimited" before starting Java again
#
# If you would like to submit a bug report, please visit:
#   http://bugreport.sun.com/bugreport/crash.jsp
#

---------------  T H R E A D  ---------------

Current thread is native thread

siginfo: si_signo: 11 (SIGSEGV), si_code: 1 (SEGV_MAPERR), si_addr: 0x0000000000000000

Registers:
RAX=0x000000011b89ae40, RBX=0x0000000000000000, RCX=0x0000000000000103, RDX=0x00007fa6287f5b90
RSP=0x00007fff5d822b60, RBP=0x00007fff5d822b70, RSI=0x00007fa62841a648, RDI=0x0000000000000000
R8 =0x0000000000000040, R9 =0x00007fff72c9d1e0, R10=0xffffffffffffffff, R11=0x0000000000000246
R12=0x00007fa62856f1b0, R13=0x00007fa62847e3c0, R14=0x00007fa62847e400, R15=0x0000000000000000
RIP=0x000000011b8683fd, EFLAGS=0x0000000000010206, ERR=0x0000000000000004
  TRAPNO=0x000000000000000e

Top of Stack: (sp=0x00007fff5d822b60)
0x00007fff5d822b60:   00007fff5d822bb8 00007fa62847e400
0x00007fff5d822b70:   00007fff5d822b80 00007fff84ca2bbc
0x00007fff5d822b80:   00007fff5d822ba0 00007fff84ca2b4f
0x00007fff5d822b90:   0000000000000000 0000000000000000
0x00007fff5d822ba0:   00007fff5d822c10 00007fff84ca2ac7
0x00007fff5d822bb0:   00007fff729fe9d0 00007fff73ef00a0
0x00007fff5d822bc0:   0000000042000000 00007fff84ca2b10
0x00007fff5d822bd0:   00007fff710d9720 00007fa62847e3c0
0x00007fff5d822be0:   00007fa62856f1b0 00007fff5d8233b8
0x00007fff5d822bf0:   00007fff71206780 00007fff5d8233b8
0x00007fff5d822c00:   00007fa62847e3c0 00007fff850629e2
0x00007fff5d822c10:   00007fff5d822c50 00007fff84ca2832
0x00007fff5d822c20:   00007fff5d823230 0000000000000000
0x00007fff5d822c30:   00007fff71206780 00007fff5d8233b8
0x00007fff5d822c40:   00007fff8e81d4c0 00007fff850629e2
0x00007fff5d822c50:   00007fff5d823360 00007fff84c5f5e2
0x00007fff5d822c60:   00007fff5d822cb0 00007fff8972f3f8
0x00007fff5d822c70:   00007fa62d900a90 00007fa62850d350
0x00007fff5d822c80:   00007fa628807048 00007fa62876afc0
0x00007fff5d822c90:   0000000000000000 00007fa62847e460
0x00007fff5d822ca0:   0000000000000000 0000000000000000
0x00007fff5d822cb0:   00007fff71116bc0 00007fff5d823230
0x00007fff5d822cc0:   0000000000000001 0000000000000100
0x00007fff5d822cd0:   0000000000001500 00007fff5d823130
0x00007fff5d822ce0:   0000000000000000 0000000000000100
0x00007fff5d822cf0:   00007fff5d822d00 00007fff71206780
0x00007fff5d822d00:   0000000000000000 00007fff710da500
0x00007fff5d822d10:   00007fff71206780 0000000000000000
0x00007fff5d822d20:   00007fff710da500 00007fa62851d020
0x00007fff5d822d30:   00007fa62d900a00 0000000000000003
0x00007fff5d822d40:   0000000000000000 00007fff8e81d4c0
0x00007fff5d822d50:   00007fff5d822f10 00007fff8bc96480 

Instructions: (pc=0x000000011b8683fd)
0x000000011b8683dd:   89 df 4c 89 f1 41 ff 90 68 04 00 00 48 8d 05 58
0x000000011b8683ed:   29 03 00 48 8b 30 48 8d 05 46 2a 03 00 48 8b 10
0x000000011b8683fd:   48 8b 0b 30 c0 48 89 df ff 91 68 04 00 00 48 8b
0x000000011b86840d:   03 48 89 df ff 50 78 48 85 c0 74 36 49 89 c6 48 

Register to memory mapping:

RAX=0x000000011b89ae40: jScreenNotifySettingsChanged+0 in /Library/Java/JavaVirtualMachines/jdk1.8.0_20.jdk/Contents/Home/jre/lib/libglass.dylib at 0x000000011b852000
RBX=0x0000000000000000 is an unknown value
RCX=0x0000000000000103 is an unknown value
RDX=0x00007fa6287f5b90 is an unknown value
RSP=0x00007fff5d822b60 is an unknown value
RBP=0x00007fff5d822b70 is an unknown value
RSI=0x00007fa62841a648 is a global jni handle
RDI=0x0000000000000000 is an unknown value
R8 =0x0000000000000040 is an unknown value
R9 =0x00007fff72c9d1e0: __sFX+0x1c0 in /usr/lib/system/libsystem_c.dylib at 0x00007fff8c8fa000
R10=0xffffffffffffffff is an unknown value
R11=0x0000000000000246 is an unknown value
R12=0x00007fa62856f1b0 is an unknown value
R13=0x00007fa62847e3c0 is an unknown value
R14=0x00007fa62847e400 is an unknown value
R15=0x0000000000000000 is an unknown value


Stack: [0x00007fff5d026000,0x00007fff5d826000],  sp=0x00007fff5d822b60,  free space=8178k
Native frames: (J=compiled Java code, j=interpreted, Vv=VM code, C=native code)
C  [libglass.dylib+0x163fd]  GlassScreenDidChangeScreenParameters+0x9d
C  [CoreFoundation+0xa0bbc]  __CFNOTIFICATIONCENTER_IS_CALLING_OUT_TO_AN_OBSERVER__+0xc
C  [CoreFoundation+0xa0b4f]  ___CFXRegistrationPost_block_invoke+0x3f
C  [CoreFoundation+0xa0ac7]  _CFXRegistrationPost+0x197
C  [CoreFoundation+0xa0832]  ___CFXNotificationPost_block_invoke+0x32
C  [CoreFoundation+0x5d5e2]  -[_CFXNotificationRegistrar find:object:observer:enumerator:]+0x782
C  [CoreFoundation+0x5c835]  _CFXNotificationPost+0x2b5
C  [Foundation+0x717a]  -[NSNotificationCenter postNotificationName:object:userInfo:]+0x42
C  [AppKit+0x41c08b]  -[NSApplication _reactToScreenInvalidationImmediately:]+0x17f
C  [AppKit+0x41bedc]  __44-[NSApplication _reactToScreenInvalidation:]_block_invoke+0x3b
C  [CoreFoundation+0xaa4ac]  __CFRUNLOOP_IS_CALLING_OUT_TO_A_BLOCK__+0xc
C  [CoreFoundation+0x89d05]  __CFRunLoopDoBlocks+0x155
C  [CoreFoundation+0x89a6b]  __CFRunLoopRun+0x92b
C  [CoreFoundation+0x88ed8]  CFRunLoopRunSpecific+0x128
C  [java+0x56cc]  CreateExecutionEnvironment+0x367
C  [java+0x165c]  JLI_Launch+0x7a0
C  [java+0x768a]  main+0x65
C  [java+0xeb4]  start+0x34


---------------  P R O C E S S  ---------------

VM state:not at safepoint (normal execution)

VM Mutex/Monitor currently owned by a thread: None

Heap:
 PSYoungGen      total 71680K, used 44230K [0x0000000795580000, 0x00000007a1a00000, 0x00000007c0000000)
  eden space 66560K, 66% used [0x0000000795580000,0x00000007980b1bd8,0x0000000799680000)
  from space 5120K, 0% used [0x0000000799680000,0x0000000799680000,0x0000000799b80000)
  to   space 41472K, 0% used [0x000000079f180000,0x000000079f180000,0x00000007a1a00000)
 ParOldGen       total 218624K, used 115795K [0x0000000740000000, 0x000000074d580000, 0x0000000795580000)
  object space 218624K, 52% used [0x0000000740000000,0x0000000747114cc8,0x000000074d580000)
 Metaspace       used 18853K, capacity 19754K, committed 20096K, reserved 1067008K
  class space    used 2702K, capacity 2868K, committed 2944K, reserved 1048576K

Card table byte_map: [0x00000001132db000,0x00000001136dc000] byte_map_base: 0x000000010f8db000

Marking Bits: (ParMarkBitMap*) 0x000000010389c330
 Begin Bits: [0x0000000113987000, 0x0000000115987000)
 End Bits:   [0x0000000115987000, 0x0000000117987000)

Polling page: 0x000000010269b000

CodeCache: size=245760Kb used=8748Kb max_used=8748Kb free=237011Kb
 bounds [0x0000000103f1b000, 0x00000001047ab000, 0x0000000112f1b000]
 total_blobs=3522 nmethods=2856 adapters=579
 compilation: enabled

Compilation events (10 events):
Event: 77.567 Thread 0x00007fa629834800 2866       3       javafx.scene.Scene::pick (149 bytes)
Event: 77.570 Thread 0x00007fa629834800 nmethod 2866 0x000000010479d750 code [0x000000010479da00, 0x000000010479ed68]
Event: 78.281 Thread 0x00007fa629834800 2867       3       java.lang.invoke.MethodHandleNatives::linkCallSite (77 bytes)
Event: 78.283 Thread 0x00007fa629834800 nmethod 2867 0x000000010479b910 code [0x000000010479bb20, 0x000000010479c6d8]
Event: 78.283 Thread 0x00007fa629834800 2868   !   3       java.lang.invoke.CallSite::makeSite (478 bytes)
Event: 78.291 Thread 0x00007fa629834800 nmethod 2868 0x000000010479fa90 code [0x00000001047a00c0, 0x00000001047a53c8]
Event: 78.291 Thread 0x00007fa629834800 2869       3       java.lang.invoke.InfoFromMemberName::<init> (65 bytes)
Event: 78.292 Thread 0x00007fa629834800 nmethod 2869 0x000000010479b510 code [0x000000010479b680, 0x000000010479b870]
Event: 78.292 Thread 0x00007fa629834800 2870       3       sun.reflect.NativeConstructorAccessorImpl::newInstance (89 bytes)
Event: 78.293 Thread 0x00007fa629834800 nmethod 2870 0x00000001047a8c50 code [0x00000001047a8ec0, 0x00000001047aa218]

GC Heap History (10 events):
Event: 8.701 GC heap before
{Heap before GC invocations=3 (full 0):
 PSYoungGen      total 38400K, used 30500K [0x0000000795580000, 0x0000000798000000, 0x00000007c0000000)
  eden space 33280K, 76% used [0x0000000795580000,0x0000000796e51038,0x0000000797600000)
  from space 5120K, 99% used [0x0000000797b00000,0x0000000797ff8040,0x0000000798000000)
  to   space 5120K, 0% used [0x0000000797600000,0x0000000797600000,0x0000000797b00000)
 ParOldGen       total 87552K, used 19048K [0x0000000740000000, 0x0000000745580000, 0x0000000795580000)
  object space 87552K, 21% used [0x0000000740000000,0x000000074129a2b0,0x0000000745580000)
 Metaspace       used 17473K, capacity 18140K, committed 18432K, reserved 1064960K
  class space    used 2570K, capacity 2711K, committed 2816K, reserved 1048576K
Event: 8.719 GC heap after
Heap after GC invocations=3 (full 0):
 PSYoungGen      total 38400K, used 5106K [0x0000000795580000, 0x000000079a080000, 0x00000007c0000000)
  eden space 33280K, 0% used [0x0000000795580000,0x0000000795580000,0x0000000797600000)
  from space 5120K, 99% used [0x0000000797600000,0x0000000797afcac0,0x0000000797b00000)
  to   space 5120K, 0% used [0x0000000799b80000,0x0000000799b80000,0x000000079a080000)
 ParOldGen       total 87552K, used 43787K [0x0000000740000000, 0x0000000745580000, 0x0000000795580000)
  object space 87552K, 50% used [0x0000000740000000,0x0000000742ac2eb0,0x0000000745580000)
 Metaspace       used 17473K, capacity 18140K, committed 18432K, reserved 1064960K
  class space    used 2570K, capacity 2711K, committed 2816K, reserved 1048576K
}
Event: 9.031 GC heap before
{Heap before GC invocations=4 (full 0):
 PSYoungGen      total 38400K, used 30272K [0x0000000795580000, 0x000000079a080000, 0x00000007c0000000)
  eden space 33280K, 75% used [0x0000000795580000,0x0000000796e13820,0x0000000797600000)
  from space 5120K, 99% used [0x0000000797600000,0x0000000797afcac0,0x0000000797b00000)
  to   space 5120K, 0% used [0x0000000799b80000,0x0000000799b80000,0x000000079a080000)
 ParOldGen       total 87552K, used 43787K [0x0000000740000000, 0x0000000745580000, 0x0000000795580000)
  object space 87552K, 50% used [0x0000000740000000,0x0000000742ac2eb0,0x0000000745580000)
 Metaspace       used 17477K, capacity 18140K, committed 18432K, reserved 1064960K
  class space    used 2570K, capacity 2711K, committed 2816K, reserved 1048576K
Event: 9.050 GC heap after
Heap after GC invocations=4 (full 0):
 PSYoungGen      total 71680K, used 5106K [0x0000000795580000, 0x000000079a080000, 0x00000007c0000000)
  eden space 66560K, 0% used [0x0000000795580000,0x0000000795580000,0x0000000799680000)
  from space 5120K, 99% used [0x0000000799b80000,0x000000079a07cac0,0x000000079a080000)
  to   space 5120K, 0% used [0x0000000799680000,0x0000000799680000,0x0000000799b80000)
 ParOldGen       total 87552K, used 68416K [0x0000000740000000, 0x0000000745580000, 0x0000000795580000)
  object space 87552K, 78% used [0x0000000740000000,0x00000007442d0020,0x0000000745580000)
 Metaspace       used 17477K, capacity 18140K, committed 18432K, reserved 1064960K
  class space    used 2570K, capacity 2711K, committed 2816K, reserved 1048576K
}
Event: 9.050 GC heap before
{Heap before GC invocations=5 (full 1):
 PSYoungGen      total 71680K, used 5106K [0x0000000795580000, 0x000000079a080000, 0x00000007c0000000)
  eden space 66560K, 0% used [0x0000000795580000,0x0000000795580000,0x0000000799680000)
  from space 5120K, 99% used [0x0000000799b80000,0x000000079a07cac0,0x000000079a080000)
  to   space 5120K, 0% used [0x0000000799680000,0x0000000799680000,0x0000000799b80000)
 ParOldGen       total 87552K, used 68416K [0x0000000740000000, 0x0000000745580000, 0x0000000795580000)
  object space 87552K, 78% used [0x0000000740000000,0x00000007442d0020,0x0000000745580000)
 Metaspace       used 17477K, capacity 18140K, committed 18432K, reserved 1064960K
  class space    used 2570K, capacity 2711K, committed 2816K, reserved 1048576K
Event: 9.105 GC heap after
Heap after GC invocations=5 (full 1):
 PSYoungGen      total 71680K, used 0K [0x0000000795580000, 0x000000079a080000, 0x00000007c0000000)
  eden space 66560K, 0% used [0x0000000795580000,0x0000000795580000,0x0000000799680000)
  from space 5120K, 0% used [0x0000000799b80000,0x0000000799b80000,0x000000079a080000)
  to   space 5120K, 0% used [0x0000000799680000,0x0000000799680000,0x0000000799b80000)
 ParOldGen       total 145408K, used 71252K [0x0000000740000000, 0x0000000748e00000, 0x0000000795580000)
  object space 145408K, 49% used [0x0000000740000000,0x00000007445953b8,0x0000000748e00000)
 Metaspace       used 17476K, capacity 18138K, committed 18432K, reserved 1064960K
  class space    used 2569K, capacity 2710K, committed 2816K, reserved 1048576K
}
Event: 14.911 GC heap before
{Heap before GC invocations=6 (full 1):
 PSYoungGen      total 71680K, used 55439K [0x0000000795580000, 0x000000079a080000, 0x00000007c0000000)
  eden space 66560K, 83% used [0x0000000795580000,0x0000000798ba3c00,0x0000000799680000)
  from space 5120K, 0% used [0x0000000799b80000,0x0000000799b80000,0x000000079a080000)
  to   space 5120K, 0% used [0x0000000799680000,0x0000000799680000,0x0000000799b80000)
 ParOldGen       total 145408K, used 71252K [0x0000000740000000, 0x0000000748e00000, 0x0000000795580000)
  object space 145408K, 49% used [0x0000000740000000,0x00000007445953b8,0x0000000748e00000)
 Metaspace       used 18688K, capacity 19592K, committed 19840K, reserved 1067008K
  class space    used 2696K, capacity 2861K, committed 2944K, reserved 1048576K
Event: 14.943 GC heap after
Heap after GC invocations=6 (full 1):
 PSYoungGen      total 71680K, used 832K [0x0000000795580000, 0x00000007a1a00000, 0x00000007c0000000)
  eden space 66560K, 0% used [0x0000000795580000,0x0000000795580000,0x0000000799680000)
  from space 5120K, 16% used [0x0000000799680000,0x0000000799750000,0x0000000799b80000)
  to   space 41472K, 0% used [0x000000079f180000,0x000000079f180000,0x00000007a1a00000)
 ParOldGen       total 145408K, used 115137K [0x0000000740000000, 0x0000000748e00000, 0x0000000795580000)
  object space 145408K, 79% used [0x0000000740000000,0x0000000747070400,0x0000000748e00000)
 Metaspace       used 18688K, capacity 19592K, committed 19840K, reserved 1067008K
  class space    used 2696K, capacity 2861K, committed 2944K, reserved 1048576K
}
Event: 14.943 GC heap before
{Heap before GC invocations=7 (full 2):
 PSYoungGen      total 71680K, used 832K [0x0000000795580000, 0x00000007a1a00000, 0x00000007c0000000)
  eden space 66560K, 0% used [0x0000000795580000,0x0000000795580000,0x0000000799680000)
  from space 5120K, 16% used [0x0000000799680000,0x0000000799750000,0x0000000799b80000)
  to   space 41472K, 0% used [0x000000079f180000,0x000000079f180000,0x00000007a1a00000)
 ParOldGen       total 145408K, used 115137K [0x0000000740000000, 0x0000000748e00000, 0x0000000795580000)
  object space 145408K, 79% used [0x0000000740000000,0x0000000747070400,0x0000000748e00000)
 Metaspace       used 18688K, capacity 19592K, committed 19840K, reserved 1067008K
  class space    used 2696K, capacity 2861K, committed 2944K, reserved 1048576K
Event: 15.033 GC heap after
Heap after GC invocations=7 (full 2):
 PSYoungGen      total 71680K, used 0K [0x0000000795580000, 0x00000007a1a00000, 0x00000007c0000000)
  eden space 66560K, 0% used [0x0000000795580000,0x0000000795580000,0x0000000799680000)
  from space 5120K, 0% used [0x0000000799680000,0x0000000799680000,0x0000000799b80000)
  to   space 41472K, 0% used [0x000000079f180000,0x000000079f180000,0x00000007a1a00000)
 ParOldGen       total 218624K, used 115795K [0x0000000740000000, 0x000000074d580000, 0x0000000795580000)
  object space 218624K, 52% used [0x0000000740000000,0x0000000747114cc8,0x000000074d580000)
 Metaspace       used 18688K, capacity 19592K, committed 19840K, reserved 1067008K
  class space    used 2696K, capacity 2861K, committed 2944K, reserved 1048576K
}

Deoptimization events (10 events):
Event: 2.327 Thread 0x00007fa62914b800 Uncommon trap: reason=class_check action=maybe_recompile pc=0x0000000104042ddc method=java.lang.String.equals(Ljava/lang/Object;)Z @ 8
Event: 2.327 Thread 0x00007fa62914b800 Uncommon trap: reason=class_check action=maybe_recompile pc=0x0000000104042ddc method=java.lang.String.equals(Ljava/lang/Object;)Z @ 8
Event: 2.328 Thread 0x00007fa62914b800 Uncommon trap: reason=speculate_class_check action=maybe_recompile pc=0x000000010426168c method=com.sun.javafx.css.BitSet.containsAll(Ljava/util/Collection;)Z @ 18
Event: 2.328 Thread 0x00007fa62914b800 Uncommon trap: reason=speculate_class_check action=maybe_recompile pc=0x000000010426168c method=com.sun.javafx.css.BitSet.containsAll(Ljava/util/Collection;)Z @ 18
Event: 2.333 Thread 0x00007fa62914b800 Uncommon trap: reason=class_check action=maybe_recompile pc=0x0000000104042ddc method=java.lang.String.equals(Ljava/lang/Object;)Z @ 8
Event: 2.601 Thread 0x00007fa62914b800 Uncommon trap: reason=unloaded action=reinterpret pc=0x0000000104170198 method=java.lang.CharacterData.of(I)Ljava/lang/CharacterData; @ 96
Event: 3.074 Thread 0x00007fa62914b800 Uncommon trap: reason=unreached action=reinterpret pc=0x00000001042198d0 method=java.util.HashMap.hash(Ljava/lang/Object;)I @ 1
Event: 3.074 Thread 0x00007fa62914b800 Uncommon trap: reason=unreached action=reinterpret pc=0x000000010428b5b0 method=java.util.HashMap.hash(Ljava/lang/Object;)I @ 1
Event: 3.077 Thread 0x00007fa62914b800 Uncommon trap: reason=unreached action=reinterpret pc=0x000000010425b728 method=java.util.HashMap.hash(Ljava/lang/Object;)I @ 1
Event: 9.231 Thread 0x00007fa62914b800 Uncommon trap: reason=unreached action=reinterpret pc=0x000000010441b734 method=java.util.WeakHashMap.expungeStaleEntries()V @ 9

Internal exceptions (10 events):
Event: 9.190 Thread 0x00007fa62914b800 Exception <a 'java/security/PrivilegedActionException'> (0x0000000795d90b30) thrown at [/HUDSON3/workspace/8-2-build-macosx-x86_64/jdk8u20/1074/hotspot/src/share/vm/prims/jvm.cpp, line 1275]
Event: 9.190 Thread 0x00007fa62914b800 Exception <a 'java/security/PrivilegedActionException'> (0x0000000795d92028) thrown at [/HUDSON3/workspace/8-2-build-macosx-x86_64/jdk8u20/1074/hotspot/src/share/vm/prims/jvm.cpp, line 1275]
Event: 9.194 Thread 0x00007fa62914b800 Exception <a 'java/security/PrivilegedActionException'> (0x0000000795da7f30) thrown at [/HUDSON3/workspace/8-2-build-macosx-x86_64/jdk8u20/1074/hotspot/src/share/vm/prims/jvm.cpp, line 1275]
Event: 9.194 Thread 0x00007fa62914b800 Exception <a 'java/security/PrivilegedActionException'> (0x0000000795da9478) thrown at [/HUDSON3/workspace/8-2-build-macosx-x86_64/jdk8u20/1074/hotspot/src/share/vm/prims/jvm.cpp, line 1275]
Event: 9.196 Thread 0x00007fa62914b800 Exception <a 'java/security/PrivilegedActionException'> (0x0000000795db4d28) thrown at [/HUDSON3/workspace/8-2-build-macosx-x86_64/jdk8u20/1074/hotspot/src/share/vm/prims/jvm.cpp, line 1275]
Event: 9.196 Thread 0x00007fa62914b800 Exception <a 'java/security/PrivilegedActionException'> (0x0000000795db6200) thrown at [/HUDSON3/workspace/8-2-build-macosx-x86_64/jdk8u20/1074/hotspot/src/share/vm/prims/jvm.cpp, line 1275]
Event: 11.372 Thread 0x00007fa62914b800 Exception <a 'java/lang/reflect/InvocationTargetException'> (0x0000000797cc3bf0) thrown at [/HUDSON3/workspace/8-2-build-macosx-x86_64/jdk8u20/1074/hotspot/src/share/vm/runtime/reflection.cpp, line 1079]
Event: 11.372 Thread 0x00007fa62914b800 Exception <a 'java/lang/RuntimeException'> (0x0000000797cc40f0) thrown at [/HUDSON3/workspace/8-2-build-macosx-x86_64/jdk8u20/1074/hotspot/src/share/vm/prims/jvm.cpp, line 1279]
Event: 15.376 Thread 0x00007fa62914b800 Exception <a 'java/lang/reflect/InvocationTargetException'> (0x0000000796079440) thrown at [/HUDSON3/workspace/8-2-build-macosx-x86_64/jdk8u20/1074/hotspot/src/share/vm/runtime/reflection.cpp, line 1079]
Event: 15.377 Thread 0x00007fa62914b800 Exception <a 'java/lang/RuntimeException'> (0x0000000796079940) thrown at [/HUDSON3/workspace/8-2-build-macosx-x86_64/jdk8u20/1074/hotspot/src/share/vm/prims/jvm.cpp, line 1279]

Events (10 events):
Event: 78.285 loading class javafx/application/Application done
Event: 78.293 loading class com/sun/javafx/tk/quantum/QuantumRenderer
Event: 78.293 loading class com/sun/javafx/tk/quantum/QuantumRenderer done
Event: 78.294 loading class com/sun/javafx/tk/quantum/QuantumToolkit
Event: 78.294 loading class com/sun/javafx/tk/quantum/QuantumToolkit done
Event: 78.294 Thread 0x00007fa6290fc000 Thread exited: 0x00007fa6290fc000
Event: 78.294 Thread 0x00007fa629001000 Thread exited: 0x00007fa629001000
Event: 78.294 Thread 0x00007fa62a001000 Thread exited: 0x00007fa62a001000
Event: 78.294 Thread 0x00007fa628cfd000 Thread added: 0x00007fa628cfd000
Event: 78.294 Thread 0x00007fa62914b800 Thread exited: 0x00007fa62914b800


Dynamic libraries:
0x0000000000623000 	/System/Library/Frameworks/Cocoa.framework/Versions/A/Cocoa
0x0000000000623000 	/System/Library/Frameworks/Security.framework/Versions/A/Security
0x0000000000623000 	/System/Library/Frameworks/ApplicationServices.framework/Versions/A/ApplicationServices
0x0000000000623000 	/usr/lib/libz.1.dylib
0x0000000000623000 	/usr/lib/libSystem.B.dylib
0x0000000000623000 	/usr/lib/libobjc.A.dylib
0x0000000000623000 	/System/Library/Frameworks/CoreFoundation.framework/Versions/A/CoreFoundation
0x0000000000623000 	/System/Library/Frameworks/Foundation.framework/Versions/C/Foundation
0x0000000000623000 	/System/Library/Frameworks/AppKit.framework/Versions/C/AppKit
0x0000000000623000 	/System/Library/Frameworks/CoreData.framework/Versions/A/CoreData
0x0000000000623000 	/System/Library/PrivateFrameworks/RemoteViewServices.framework/Versions/A/RemoteViewServices
0x0000000000623000 	/System/Library/PrivateFrameworks/UIFoundation.framework/Versions/A/UIFoundation
0x0000000000623000 	/usr/lib/libScreenReader.dylib
0x0000000000623000 	/System/Library/Frameworks/Accelerate.framework/Versions/A/Accelerate
0x0000000000623000 	/System/Library/Frameworks/IOSurface.framework/Versions/A/IOSurface
0x0000000000623000 	/System/Library/Frameworks/AudioToolbox.framework/Versions/A/AudioToolbox
0x0000000000623000 	/System/Library/Frameworks/AudioUnit.framework/Versions/A/AudioUnit
0x0000000000623000 	/System/Library/PrivateFrameworks/DataDetectorsCore.framework/Versions/A/DataDetectorsCore
0x0000000000623000 	/System/Library/PrivateFrameworks/DesktopServicesPriv.framework/Versions/A/DesktopServicesPriv
0x0000000000623000 	/System/Library/Frameworks/Carbon.framework/Versions/A/Frameworks/HIToolbox.framework/Versions/A/HIToolbox
0x0000000000623000 	/System/Library/Frameworks/QuartzCore.framework/Versions/A/QuartzCore
0x0000000000623000 	/System/Library/Frameworks/Carbon.framework/Versions/A/Frameworks/SpeechRecognition.framework/Versions/A/SpeechRecognition
0x0000000000623000 	/usr/lib/libauto.dylib
0x0000000000623000 	/usr/lib/libicucore.A.dylib
0x0000000000623000 	/usr/lib/libxml2.2.dylib
0x0000000000623000 	/System/Library/PrivateFrameworks/CoreUI.framework/Versions/A/CoreUI
0x0000000000623000 	/System/Library/Frameworks/CoreAudio.framework/Versions/A/CoreAudio
0x0000000000623000 	/System/Library/Frameworks/DiskArbitration.framework/Versions/A/DiskArbitration
0x0000000000623000 	/usr/lib/liblangid.dylib
0x0000000000623000 	/System/Library/PrivateFrameworks/MultitouchSupport.framework/Versions/A/MultitouchSupport
0x0000000000623000 	/System/Library/Frameworks/IOKit.framework/Versions/A/IOKit
0x0000000000623000 	/usr/lib/libDiagnosticMessagesClient.dylib
0x0000000000623000 	/System/Library/Frameworks/CoreServices.framework/Versions/A/CoreServices
0x0000000000623000 	/System/Library/PrivateFrameworks/PerformanceAnalysis.framework/Versions/A/PerformanceAnalysis
0x0000000000623000 	/System/Library/PrivateFrameworks/GenerationalStorage.framework/Versions/A/GenerationalStorage
0x0000000000623000 	/System/Library/Frameworks/OpenGL.framework/Versions/A/OpenGL
0x0000000000623000 	/System/Library/PrivateFrameworks/Sharing.framework/Versions/A/Sharing
0x0000000000623000 	/System/Library/Frameworks/CoreGraphics.framework/Versions/A/CoreGraphics
0x0000000000623000 	/System/Library/Frameworks/CoreImage.framework/Versions/A/CoreImage
0x0000000000623000 	/System/Library/Frameworks/CoreText.framework/Versions/A/CoreText
0x0000000000623000 	/System/Library/Frameworks/ImageIO.framework/Versions/A/ImageIO
0x0000000000623000 	/System/Library/PrivateFrameworks/Backup.framework/Versions/A/Backup
0x0000000000623000 	/usr/lib/libextension.dylib
0x0000000000623000 	/usr/lib/libarchive.2.dylib
0x0000000000623000 	/System/Library/Frameworks/CFNetwork.framework/Versions/A/CFNetwork
0x0000000000623000 	/System/Library/Frameworks/SystemConfiguration.framework/Versions/A/SystemConfiguration
0x0000000000623000 	/usr/lib/libCRFSuite.dylib
0x0000000000623000 	/usr/lib/libc++.1.dylib
0x0000000000623000 	/usr/lib/libc++abi.dylib
0x0000000000623000 	/usr/lib/system/libcache.dylib
0x0000000000623000 	/usr/lib/system/libcommonCrypto.dylib
0x0000000000623000 	/usr/lib/system/libcompiler_rt.dylib
0x0000000000623000 	/usr/lib/system/libcopyfile.dylib
0x0000000000623000 	/usr/lib/system/libcorecrypto.dylib
0x0000000000623000 	/usr/lib/system/libdispatch.dylib
0x0000000000623000 	/usr/lib/system/libdyld.dylib
0x0000000000623000 	/usr/lib/system/libkeymgr.dylib
0x0000000000623000 	/usr/lib/system/liblaunch.dylib
0x0000000000623000 	/usr/lib/system/libmacho.dylib
0x0000000000623000 	/usr/lib/system/libquarantine.dylib
0x0000000000623000 	/usr/lib/system/libremovefile.dylib
0x0000000000623000 	/usr/lib/system/libsystem_asl.dylib
0x0000000000623000 	/usr/lib/system/libsystem_blocks.dylib
0x0000000000623000 	/usr/lib/system/libsystem_c.dylib
0x0000000000623000 	/usr/lib/system/libsystem_configuration.dylib
0x0000000000623000 	/usr/lib/system/libsystem_coreservices.dylib
0x0000000000623000 	/usr/lib/system/libsystem_coretls.dylib
0x0000000000623000 	/usr/lib/system/libsystem_dnssd.dylib
0x0000000000623000 	/usr/lib/system/libsystem_info.dylib
0x0000000000623000 	/usr/lib/system/libsystem_kernel.dylib
0x0000000000623000 	/usr/lib/system/libsystem_m.dylib
0x0000000000623000 	/usr/lib/system/libsystem_malloc.dylib
0x0000000000623000 	/usr/lib/system/libsystem_network.dylib
0x0000000000623000 	/usr/lib/system/libsystem_networkextension.dylib
0x0000000000623000 	/usr/lib/system/libsystem_notify.dylib
0x0000000000623000 	/usr/lib/system/libsystem_platform.dylib
0x0000000000623000 	/usr/lib/system/libsystem_pthread.dylib
0x0000000000623000 	/usr/lib/system/libsystem_sandbox.dylib
0x0000000000623000 	/usr/lib/system/libsystem_secinit.dylib
0x0000000000623000 	/usr/lib/system/libsystem_trace.dylib
0x0000000000623000 	/usr/lib/system/libunc.dylib
0x0000000000623000 	/usr/lib/system/libunwind.dylib
0x0000000000623000 	/usr/lib/system/libxpc.dylib
0x0000000000623000 	/usr/lib/libenergytrace.dylib
0x0000000000623000 	/usr/lib/libbsm.0.dylib
0x0000000000623000 	/usr/lib/system/libkxld.dylib
0x0000000000623000 	/usr/lib/libxar.1.dylib
0x0000000000623000 	/usr/lib/libsqlite3.dylib
0x0000000000623000 	/usr/lib/libpam.2.dylib
0x0000000000623000 	/usr/lib/libOpenScriptingUtil.dylib
0x0000000000623000 	/usr/lib/libbz2.1.0.dylib
0x0000000000623000 	/usr/lib/liblzma.5.dylib
0x0000000000623000 	/System/Library/Frameworks/CoreServices.framework/Versions/A/Frameworks/FSEvents.framework/Versions/A/FSEvents
0x0000000000623000 	/System/Library/Frameworks/CoreServices.framework/Versions/A/Frameworks/CarbonCore.framework/Versions/A/CarbonCore
0x0000000000623000 	/System/Library/Frameworks/CoreServices.framework/Versions/A/Frameworks/Metadata.framework/Versions/A/Metadata
0x0000000000623000 	/System/Library/Frameworks/CoreServices.framework/Versions/A/Frameworks/OSServices.framework/Versions/A/OSServices
0x0000000000623000 	/System/Library/Frameworks/CoreServices.framework/Versions/A/Frameworks/SearchKit.framework/Versions/A/SearchKit
0x0000000000623000 	/System/Library/Frameworks/CoreServices.framework/Versions/A/Frameworks/AE.framework/Versions/A/AE
0x0000000000623000 	/System/Library/Frameworks/CoreServices.framework/Versions/A/Frameworks/LaunchServices.framework/Versions/A/LaunchServices
0x0000000000623000 	/System/Library/Frameworks/CoreServices.framework/Versions/A/Frameworks/DictionaryServices.framework/Versions/A/DictionaryServices
0x0000000000623000 	/System/Library/Frameworks/CoreServices.framework/Versions/A/Frameworks/SharedFileList.framework/Versions/A/SharedFileList
0x0000000000623000 	/System/Library/Frameworks/NetFS.framework/Versions/A/NetFS
0x0000000000623000 	/System/Library/PrivateFrameworks/NetAuth.framework/Versions/A/NetAuth
0x0000000000623000 	/System/Library/PrivateFrameworks/login.framework/Versions/A/Frameworks/loginsupport.framework/Versions/A/loginsupport
0x0000000000623000 	/System/Library/PrivateFrameworks/TCC.framework/Versions/A/TCC
0x0000000000623000 	/usr/lib/libmecabra.dylib
0x0000000000623000 	/System/Library/Frameworks/ApplicationServices.framework/Versions/A/Frameworks/ATS.framework/Versions/A/ATS
0x0000000000623000 	/System/Library/Frameworks/ApplicationServices.framework/Versions/A/Frameworks/ColorSync.framework/Versions/A/ColorSync
0x0000000000623000 	/System/Library/Frameworks/ApplicationServices.framework/Versions/A/Frameworks/HIServices.framework/Versions/A/HIServices
0x0000000000623000 	/System/Library/Frameworks/ApplicationServices.framework/Versions/A/Frameworks/LangAnalysis.framework/Versions/A/LangAnalysis
0x0000000000623000 	/System/Library/Frameworks/ApplicationServices.framework/Versions/A/Frameworks/PrintCore.framework/Versions/A/PrintCore
0x0000000000623000 	/System/Library/Frameworks/ApplicationServices.framework/Versions/A/Frameworks/QD.framework/Versions/A/QD
0x0000000000623000 	/System/Library/Frameworks/ApplicationServices.framework/Versions/A/Frameworks/SpeechSynthesis.framework/Versions/A/SpeechSynthesis
0x0000000000623000 	/System/Library/Frameworks/Metal.framework/Versions/A/Metal
0x0000000000623000 	/System/Library/Frameworks/Accelerate.framework/Versions/A/Frameworks/vImage.framework/Versions/A/vImage
0x0000000000623000 	/System/Library/Frameworks/Accelerate.framework/Versions/A/Frameworks/vecLib.framework/Versions/A/vecLib
0x0000000000623000 	/System/Library/Frameworks/Accelerate.framework/Versions/A/Frameworks/vecLib.framework/Versions/A/libvDSP.dylib
0x0000000000623000 	/System/Library/Frameworks/Accelerate.framework/Versions/A/Frameworks/vecLib.framework/Versions/A/libvMisc.dylib
0x0000000000623000 	/System/Library/Frameworks/Accelerate.framework/Versions/A/Frameworks/vecLib.framework/Versions/A/libLAPACK.dylib
0x0000000000623000 	/System/Library/Frameworks/Accelerate.framework/Versions/A/Frameworks/vecLib.framework/Versions/A/libBLAS.dylib
0x0000000000623000 	/System/Library/Frameworks/Accelerate.framework/Versions/A/Frameworks/vecLib.framework/Versions/A/libLinearAlgebra.dylib
0x0000000000623000 	/System/Library/Frameworks/Accelerate.framework/Versions/A/Frameworks/vecLib.framework/Versions/A/libSparseBLAS.dylib
0x0000000000623000 	/System/Library/PrivateFrameworks/GPUCompiler.framework/libmetal_timestamp.dylib
0x0000000000623000 	/System/Library/Frameworks/OpenGL.framework/Versions/A/Libraries/libCoreFSCache.dylib
0x0000000000623000 	/System/Library/PrivateFrameworks/IOAccelerator.framework/Versions/A/IOAccelerator
0x0000000000623000 	/System/Library/Frameworks/ApplicationServices.framework/Versions/A/Frameworks/ATS.framework/Versions/A/Resources/libFontParser.dylib
0x0000000000623000 	/System/Library/Frameworks/ApplicationServices.framework/Versions/A/Frameworks/ATS.framework/Versions/A/Resources/libFontRegistry.dylib
0x0000000000623000 	/System/Library/PrivateFrameworks/AppleVPA.framework/Versions/A/AppleVPA
0x0000000000623000 	/System/Library/PrivateFrameworks/AppleJPEG.framework/Versions/A/AppleJPEG
0x0000000000623000 	/System/Library/Frameworks/ImageIO.framework/Versions/A/Resources/libJPEG.dylib
0x0000000000623000 	/System/Library/Frameworks/ImageIO.framework/Versions/A/Resources/libTIFF.dylib
0x0000000000623000 	/System/Library/Frameworks/ImageIO.framework/Versions/A/Resources/libPng.dylib
0x0000000000623000 	/System/Library/Frameworks/ImageIO.framework/Versions/A/Resources/libGIF.dylib
0x0000000000623000 	/System/Library/Frameworks/ImageIO.framework/Versions/A/Resources/libJP2.dylib
0x0000000000623000 	/System/Library/Frameworks/ImageIO.framework/Versions/A/Resources/libRadiance.dylib
0x0000000000623000 	/System/Library/Frameworks/CoreVideo.framework/Versions/A/CoreVideo
0x0000000000623000 	/System/Library/Frameworks/OpenGL.framework/Versions/A/Libraries/libGLU.dylib
0x0000000000623000 	/System/Library/Frameworks/OpenGL.framework/Versions/A/Libraries/libGFXShared.dylib
0x0000000000623000 	/System/Library/Frameworks/OpenGL.framework/Versions/A/Libraries/libGL.dylib
0x0000000000623000 	/System/Library/Frameworks/OpenGL.framework/Versions/A/Libraries/libGLImage.dylib
0x0000000000623000 	/System/Library/Frameworks/OpenGL.framework/Versions/A/Libraries/libCVMSPluginSupport.dylib
0x0000000000623000 	/System/Library/Frameworks/OpenGL.framework/Versions/A/Libraries/libCoreVMClient.dylib
0x0000000000623000 	/usr/lib/libcompression.dylib
0x0000000000623000 	/usr/lib/libcups.2.dylib
0x0000000000623000 	/System/Library/Frameworks/Kerberos.framework/Versions/A/Kerberos
0x0000000000623000 	/System/Library/Frameworks/GSS.framework/Versions/A/GSS
0x0000000000623000 	/usr/lib/libresolv.9.dylib
0x0000000000623000 	/usr/lib/libiconv.2.dylib
0x0000000000623000 	/System/Library/PrivateFrameworks/Heimdal.framework/Versions/A/Heimdal
0x0000000000623000 	/usr/lib/libheimdal-asn1.dylib
0x0000000000623000 	/System/Library/Frameworks/OpenDirectory.framework/Versions/A/OpenDirectory
0x0000000000623000 	/System/Library/PrivateFrameworks/CommonAuth.framework/Versions/A/CommonAuth
0x0000000000623000 	/System/Library/Frameworks/OpenDirectory.framework/Versions/A/Frameworks/CFOpenDirectory.framework/Versions/A/CFOpenDirectory
0x0000000000623000 	/System/Library/Frameworks/SecurityFoundation.framework/Versions/A/SecurityFoundation
0x0000000000623000 	/System/Library/PrivateFrameworks/LanguageModeling.framework/Versions/A/LanguageModeling
0x0000000000623000 	/usr/lib/libmarisa.dylib
0x0000000000623000 	/usr/lib/libChineseTokenizer.dylib
0x0000000000623000 	/usr/lib/libcmph.dylib
0x0000000000623000 	/System/Library/Frameworks/ServiceManagement.framework/Versions/A/ServiceManagement
0x0000000000623000 	/usr/lib/libxslt.1.dylib
0x0000000000623000 	/System/Library/Frameworks/Carbon.framework/Versions/A/Frameworks/Ink.framework/Versions/A/Ink
0x0000000000623000 	/usr/lib/libFosl_dynamic.dylib
0x0000000000623000 	/System/Library/PrivateFrameworks/FaceCore.framework/Versions/A/FaceCore
0x0000000000623000 	/System/Library/Frameworks/OpenCL.framework/Versions/A/OpenCL
0x0000000000623000 	/System/Library/PrivateFrameworks/CrashReporterSupport.framework/Versions/A/CrashReporterSupport
0x0000000000623000 	/System/Library/PrivateFrameworks/IconServices.framework/Versions/A/IconServices
0x0000000000623000 	/System/Library/PrivateFrameworks/Apple80211.framework/Versions/A/Apple80211
0x0000000000623000 	/System/Library/Frameworks/CoreWLAN.framework/Versions/A/CoreWLAN
0x0000000000623000 	/System/Library/Frameworks/IOBluetooth.framework/Versions/A/IOBluetooth
0x0000000000623000 	/System/Library/PrivateFrameworks/CoreWiFi.framework/Versions/A/CoreWiFi
0x0000000000623000 	/System/Library/Frameworks/CoreBluetooth.framework/Versions/A/CoreBluetooth
0x0000000000623000 	/System/Library/PrivateFrameworks/ChunkingLibrary.framework/Versions/A/ChunkingLibrary
0x0000000000623000 	/System/Library/PrivateFrameworks/DebugSymbols.framework/Versions/A/DebugSymbols
0x0000000000623000 	/System/Library/PrivateFrameworks/CoreSymbolication.framework/Versions/A/CoreSymbolication
0x0000000000623000 	/System/Library/PrivateFrameworks/Symbolication.framework/Versions/A/Symbolication
0x0000000000623000 	/System/Library/PrivateFrameworks/SpeechRecognitionCore.framework/Versions/A/SpeechRecognitionCore
0x0000000103000000 	/Library/Java/JavaVirtualMachines/jdk1.8.0_20.jdk/Contents/Home/jre/lib/server/libjvm.dylib
0x0000000000623000 	/usr/lib/libstdc++.6.dylib
0x0000000102659000 	/Library/Java/JavaVirtualMachines/jdk1.8.0_20.jdk/Contents/Home/jre/lib/libverify.dylib
0x0000000102667000 	/Library/Java/JavaVirtualMachines/jdk1.8.0_20.jdk/Contents/Home/jre/lib/libjava.dylib
0x00000001026a5000 	/Library/Java/JavaVirtualMachines/jdk1.8.0_20.jdk/Contents/Home/jre/lib/libzip.dylib
0x0000000119739000 	/System/Library/Frameworks/JavaVM.framework/Frameworks/JavaRuntimeSupport.framework/JavaRuntimeSupport
0x0000000119754000 	/System/Library/Frameworks/JavaVM.framework/Versions/A/Frameworks/JavaNativeFoundation.framework/Versions/A/JavaNativeFoundation
0x00000001027f0000 	/System/Library/Frameworks/JavaVM.framework/Versions/A/JavaVM
0x0000000000623000 	/System/Library/Frameworks/Carbon.framework/Versions/A/Carbon
0x0000000119769000 	/System/Library/PrivateFrameworks/JavaLaunching.framework/Versions/A/JavaLaunching
0x0000000000623000 	/System/Library/Frameworks/Carbon.framework/Versions/A/Frameworks/CommonPanels.framework/Versions/A/CommonPanels
0x0000000000623000 	/System/Library/Frameworks/Carbon.framework/Versions/A/Frameworks/Help.framework/Versions/A/Help
0x0000000000623000 	/System/Library/Frameworks/Carbon.framework/Versions/A/Frameworks/ImageCapture.framework/Versions/A/ImageCapture
0x0000000000623000 	/System/Library/Frameworks/Carbon.framework/Versions/A/Frameworks/OpenScripting.framework/Versions/A/OpenScripting
0x0000000000623000 	/System/Library/Frameworks/Carbon.framework/Versions/A/Frameworks/Print.framework/Versions/A/Print
0x0000000000623000 	/System/Library/Frameworks/Carbon.framework/Versions/A/Frameworks/SecurityHI.framework/Versions/A/SecurityHI
0x000000011b151000 	/Library/Java/JavaVirtualMachines/jdk1.8.0_20.jdk/Contents/Home/jre/lib/libprism_es2.dylib
0x0000000000623000 	/System/Library/Frameworks/OpenGL.framework/Versions/A/Resources/GLEngine.bundle/GLEngine
0x0000000000623000 	/System/Library/Frameworks/OpenGL.framework/Versions/A/Libraries/libGLProgrammability.dylib
0x000000011b1d2000 	/System/Library/Extensions/AppleIntelHD3000GraphicsGLDriver.bundle/Contents/MacOS/AppleIntelHD3000GraphicsGLDriver
0x0000000000623000 	/System/Library/PrivateFrameworks/GPUSupport.framework/Versions/A/Libraries/libGPUSupport.dylib
0x0000000000623000 	/System/Library/Frameworks/OpenGL.framework/Versions/A/Resources/GLRendererFloat.bundle/GLRendererFloat
0x0000000000623000 	/System/Library/Frameworks/OpenCL.framework/Versions/A/Libraries/libcldcpuengine.dylib
0x0000000000623000 	/System/Library/PrivateFrameworks/DiskImages.framework/Versions/A/DiskImages
0x0000000000623000 	/System/Library/Frameworks/DiscRecording.framework/Versions/A/DiscRecording
0x0000000000623000 	/usr/lib/libcsfde.dylib
0x0000000000623000 	/usr/lib/libcurl.4.dylib
0x0000000000623000 	/System/Library/PrivateFrameworks/MediaKit.framework/Versions/A/MediaKit
0x0000000000623000 	/System/Library/PrivateFrameworks/ProtectedCloudStorage.framework/Versions/A/ProtectedCloudStorage
0x0000000000623000 	/usr/lib/libCoreStorage.dylib
0x0000000000623000 	/System/Library/PrivateFrameworks/EFILogin.framework/Versions/A/EFILogin
0x0000000000623000 	/usr/lib/libutil.dylib
0x0000000000623000 	/System/Library/PrivateFrameworks/FindMyDevice.framework/Versions/A/FindMyDevice
0x0000000000623000 	/System/Library/Frameworks/LDAP.framework/Versions/A/LDAP
0x0000000000623000 	/usr/lib/libsasl2.2.dylib
0x0000000000623000 	/System/Library/PrivateFrameworks/CoreDaemon.framework/Versions/B/CoreDaemon
0x0000000000623000 	/usr/lib/libcrypto.0.9.8.dylib
0x0000000000623000 	/System/Library/PrivateFrameworks/AppleSRP.framework/Versions/A/AppleSRP
0x0000000000623000 	/System/Library/PrivateFrameworks/TrustEvaluationAgent.framework/Versions/A/TrustEvaluationAgent
0x000000011b852000 	/Library/Java/JavaVirtualMachines/jdk1.8.0_20.jdk/Contents/Home/jre/lib/libglass.dylib
0x0000000000623000 	/System/Library/PrivateFrameworks/CoreServicesInternal.framework/Versions/A/CoreServicesInternal
0x0000000000623000 	/System/Library/CoreServices/RawCamera.bundle/Contents/MacOS/RawCamera
0x0000000000623000 	/System/Library/Frameworks/CoreGraphics.framework/Versions/A/Resources/libRIP.A.dylib
0x0000000000623000 	/System/Library/Frameworks/Accelerate.framework/Versions/A/Frameworks/vImage.framework/Versions/A/Libraries/libCGInterfaces.dylib
0x0000000000623000 	/System/Library/PrivateFrameworks/FamilyControls.framework/Versions/A/FamilyControls
0x0000000000623000 	/System/Library/PrivateFrameworks/CommerceKit.framework/Versions/A/Frameworks/CommerceCore.framework/Versions/A/CommerceCore
0x0000000000623000 	/System/Library/PrivateFrameworks/SystemAdministration.framework/Versions/A/SystemAdministration
0x0000000000623000 	/System/Library/PrivateFrameworks/AppContainer.framework/Versions/A/AppContainer
0x0000000000623000 	/System/Library/PrivateFrameworks/SecCodeWrapper.framework/Versions/A/SecCodeWrapper
0x0000000000623000 	/System/Library/Frameworks/DirectoryService.framework/Versions/A/DirectoryService
0x0000000000623000 	/System/Library/PrivateFrameworks/LoginUIKit.framework/Versions/A/Frameworks/LoginUICore.framework/Versions/A/LoginUICore
0x0000000000623000 	/usr/lib/libodfde.dylib
0x000000011ddbb000 	/Library/Java/JavaVirtualMachines/jdk1.8.0_20.jdk/Contents/Home/jre/lib/libjavafx_iio.dylib
0x000000011c1a9000 	/Library/Java/JavaVirtualMachines/jdk1.8.0_20.jdk/Contents/Home/jre/lib/libjavafx_font.dylib
0x0000000000623000 	/System/Library/Frameworks/CoreGraphics.framework/Versions/A/Resources/libCGXType.A.dylib
0x000000011fc8b000 	/Library/Java/JavaVirtualMachines/jdk1.8.0_20.jdk/Contents/Home/jre/lib/libnet.dylib
0x000000011e75d000 	cl_kernels
0x0000000000623000 	/System/Library/Frameworks/OpenCL.framework/Versions/A/Libraries/ImageFormats/unorm8_bgra.dylib
0x0000000000623000 	/System/Library/Frameworks/OpenCL.framework/Versions/A/Libraries/ImageFormats/unorm8_rgba.dylib
0x000000011fa2d000 	/Library/Java/JavaVirtualMachines/jdk1.8.0_20.jdk/Contents/Home/jre/lib/libprism_common.dylib

VM Arguments:
jvm_args: -Dfile.encoding=UTF-8 
java_command: gui.MainGameFX
java_class_path (initial): /Users/halilcenik/git/boardies/bin:/Users/halilcenik/.p2/pool/plugins/org.junit_4.12.0.v201504281640/junit.jar:/Users/halilcenik/.p2/pool/plugins/org.hamcrest.core_1.3.0.v201303031735.jar
Launcher Type: SUN_STANDARD

Environment Variables:
PATH=/usr/bin:/bin:/usr/sbin:/sbin
SHELL=/bin/bash
DISPLAY=/private/tmp/com.apple.launchd.GF1Hxbcdhx/org.macosforge.xquartz:0

Signal Handlers:
SIGSEGV: [libjvm.dylib+0x578fd7], sa_mask[0]=11111111011111110111111111111111, sa_flags=SA_ONSTACK|SA_RESTART|SA_SIGINFO
SIGBUS: [libjvm.dylib+0x578fd7], sa_mask[0]=11111111011111110111111111111111, sa_flags=SA_RESTART|SA_SIGINFO
SIGFPE: [libjvm.dylib+0x45ab0c], sa_mask[0]=11111111011111110111111111111111, sa_flags=SA_RESTART|SA_SIGINFO
SIGPIPE: [libjvm.dylib+0x45ab0c], sa_mask[0]=11111111011111110111111111111111, sa_flags=SA_RESTART|SA_SIGINFO
SIGXFSZ: [libjvm.dylib+0x45ab0c], sa_mask[0]=11111111011111110111111111111111, sa_flags=SA_RESTART|SA_SIGINFO
SIGILL: [libjvm.dylib+0x45ab0c], sa_mask[0]=11111111011111110111111111111111, sa_flags=SA_RESTART|SA_SIGINFO
SIGUSR1: SIG_DFL, sa_mask[0]=00000000000000000000000000000000, sa_flags=none
SIGUSR2: [libjvm.dylib+0x45a62a], sa_mask[0]=00100000000000000000000000000000, sa_flags=SA_RESTART|SA_SIGINFO
SIGHUP: [libjvm.dylib+0x458bfd], sa_mask[0]=11111111011111110111111111111111, sa_flags=SA_RESTART|SA_SIGINFO
SIGINT: [libjvm.dylib+0x458bfd], sa_mask[0]=11111111011111110111111111111111, sa_flags=SA_RESTART|SA_SIGINFO
SIGTERM: [libjvm.dylib+0x458bfd], sa_mask[0]=11111111011111110111111111111111, sa_flags=SA_RESTART|SA_SIGINFO
SIGQUIT: [libjvm.dylib+0x458bfd], sa_mask[0]=11111111011111110111111111111111, sa_flags=SA_RESTART|SA_SIGINFO


---------------  S Y S T E M  ---------------

OS:Bsduname:Darwin 15.6.0 Darwin Kernel Version 15.6.0: Thu Jun 23 18:25:34 PDT 2016; root:xnu-3248.60.10~1/RELEASE_X86_64 x86_64
rlimit: STACK 8192k, CORE 0k, NPROC 709, NOFILE 10240, AS infinity
load average:1.69 1.82 1.82

CPU:total 4 (2 cores per cpu, 2 threads per core) family 6 model 42 stepping 7, cmov, cx8, fxsr, mmx, sse, sse2, sse3, ssse3, sse4.1, sse4.2, popcnt, avx, aes, clmul, ht, tsc, tscinvbit

Memory: 4k page, physical 8388608k(19244k free)

/proc/meminfo:


vm_info: Java HotSpot(TM) 64-Bit Server VM (25.20-b23) for bsd-amd64 JRE (1.8.0_20-b26), built on Jul 30 2014 13:37:47 by "java_re" with gcc 4.2.1 (Based on Apple Inc. build 5658) (LLVM build 2336.9.00)

time: Tue Nov 21 21:33:13 2017
elapsed time: 663 seconds (0d 0h 11m 3s)

