#
# A fatal error has been detected by the Java Runtime Environment:
#
#  SIGSEGV (0xb) at pc=0x000000012443a381, pid=19860, tid=2571
#
# JRE version: Java(TM) SE Runtime Environment (8.0_20-b26) (build 1.8.0_20-b26)
# Java VM: Java HotSpot(TM) 64-Bit Server VM (25.20-b23 mixed mode bsd-amd64 compressed oops)
# Problematic frame:
# C  [libglass.dylib+0x16381]  GlassScreenDidChangeScreenParameters+0x21
#
# Failed to write core dump. Core dumps have been disabled. To enable core dumping, try "ulimit -c unlimited" before starting Java again
#
# If you would like to submit a bug report, please visit:
#   http://bugreport.sun.com/bugreport/crash.jsp
#

---------------  T H R E A D  ---------------

Current thread is native thread

siginfo: si_signo: 11 (SIGSEGV), si_code: 1 (SEGV_MAPERR), si_addr: 0x0000000000000000

Registers:
RAX=0x000000012446cd48, RBX=0x0000000000000000, RCX=0x0000000000000103, RDX=0x0000010000000100
RSP=0x00007fff54c50b60, RBP=0x00007fff54c50b70, RSI=0x00007facf3505618, RDI=0x0000000000000000
R8 =0x0000000000000040, R9 =0x00007fff72c9d1e0, R10=0xffffffffffffffff, R11=0x0000000000000246
R12=0x00007facf5b9d0f0, R13=0x00007facf358b4a0, R14=0x00007facf358b4e0, R15=0x0000000000000000
RIP=0x000000012443a381, EFLAGS=0x0000000000010246, ERR=0x0000000000000004
  TRAPNO=0x000000000000000e

Top of Stack: (sp=0x00007fff54c50b60)
0x00007fff54c50b60:   00007fff54c50bb8 00007facf358b4e0
0x00007fff54c50b70:   00007fff54c50b80 00007fff84ca2bbc
0x00007fff54c50b80:   00007fff54c50ba0 00007fff84ca2b4f
0x00007fff54c50b90:   0000000000000000 0000000000000000
0x00007fff54c50ba0:   00007fff54c50c10 00007fff84ca2ac7
0x00007fff54c50bb0:   00007fff729fe9d0 00007fff73ef00a0
0x00007fff54c50bc0:   0000000042000000 00007fff84ca2b10
0x00007fff54c50bd0:   00007fff710d9720 00007facf358b4a0
0x00007fff54c50be0:   00007facf5b9d0f0 00007fff54c513b8
0x00007fff54c50bf0:   00007fff71206780 00007fff54c513b8
0x00007fff54c50c00:   00007facf358b4a0 00007fff850629e2
0x00007fff54c50c10:   00007fff54c50c50 00007fff84ca2832
0x00007fff54c50c20:   00007fff54c51230 0000000000000000
0x00007fff54c50c30:   00007fff71206780 00007fff54c513b8
0x00007fff54c50c40:   00007fff8e81d4c0 00007fff850629e2
0x00007fff54c50c50:   00007fff54c51360 00007fff84c5f5e2
0x00007fff54c50c60:   00007facf811ad00 0000000000000003
0x00007fff54c50c70:   0000000000000000 00007facf3406f00
0x00007fff54c50c80:   00007facf4802048 00007facf3616930
0x00007fff54c50c90:   0000000000000000 00007facf358b540
0x00007fff54c50ca0:   0000000000000000 0000000000000000
0x00007fff54c50cb0:   00007fff71116bc0 00007fff54c51230
0x00007fff54c50cc0:   0000000000000001 0000000000000100
0x00007fff54c50cd0:   0000000000000200 00007fff54c51130
0x00007fff54c50ce0:   0000000000000000 0000000000000100
0x00007fff54c50cf0:   403c000000000000 00007fff71206780
0x00007fff54c50d00:   0000000000000000 00007fff710da500
0x00007fff54c50d10:   00007fff71206780 0000000000000000
0x00007fff54c50d20:   00007fff710da500 00007facf3536770
0x00007fff54c50d30:   00007facf811ad00 00007fff8d2fa1ab
0x00007fff54c50d40:   00000000004d5701 00007fff73969300
0x00007fff54c50d50:   00000000004d5700 0000000073969300 

Instructions: (pc=0x000000012443a381)
0x000000012443a361:   48 89 e5 41 56 53 48 8d 05 d2 2a 03 00 48 83 38
0x000000012443a371:   00 48 89 fb 75 72 48 8d 05 ca 29 03 00 48 8b 30
0x000000012443a381:   48 8b 03 48 8d 15 7c 99 01 00 48 8d 0d 5e 6f 01
0x000000012443a391:   00 48 89 df ff 90 88 03 00 00 48 8d 0d 9e 2a 03 

Register to memory mapping:

RAX=0x000000012446cd48: jScreenClass+0 in /Library/Java/JavaVirtualMachines/jdk1.8.0_20.jdk/Contents/Home/jre/lib/libglass.dylib at 0x0000000124424000
RBX=0x0000000000000000 is an unknown value
RCX=0x0000000000000103 is an unknown value
RDX=0x0000010000000100 is an unknown value
RSP=0x00007fff54c50b60 is an unknown value
RBP=0x00007fff54c50b70 is an unknown value
RSI=0x00007facf3505618 is a global jni handle
RDI=0x0000000000000000 is an unknown value
R8 =0x0000000000000040 is an unknown value
R9 =0x00007fff72c9d1e0: __sFX+0x1c0 in /usr/lib/system/libsystem_c.dylib at 0x00007fff8c8fa000
R10=0xffffffffffffffff is an unknown value
R11=0x0000000000000246 is an unknown value
R12=0x00007facf5b9d0f0 is an unknown value
R13=0x00007facf358b4a0 is an unknown value
R14=0x00007facf358b4e0 is an unknown value
R15=0x0000000000000000 is an unknown value


Stack: [0x00007fff54454000,0x00007fff54c54000],  sp=0x00007fff54c50b60,  free space=8178k
Native frames: (J=compiled Java code, j=interpreted, Vv=VM code, C=native code)
C  [libglass.dylib+0x16381]  GlassScreenDidChangeScreenParameters+0x21
C  [CoreFoundation+0xa0bbc]  __CFNOTIFICATIONCENTER_IS_CALLING_OUT_TO_AN_OBSERVER__+0xc
C  [CoreFoundation+0xa0b4f]  ___CFXRegistrationPost_block_invoke+0x3f
C  [CoreFoundation+0xa0ac7]  _CFXRegistrationPost+0x197
C  [CoreFoundation+0xa0832]  ___CFXNotificationPost_block_invoke+0x32
C  [CoreFoundation+0x5d5e2]  -[_CFXNotificationRegistrar find:object:observer:enumerator:]+0x782
C  [CoreFoundation+0x5c835]  _CFXNotificationPost+0x2b5
C  [Foundation+0x717a]  -[NSNotificationCenter postNotificationName:object:userInfo:]+0x42
C  [AppKit+0x41c08b]  -[NSApplication _reactToScreenInvalidationImmediately:]+0x17f
C  [AppKit+0x41bedc]  __44-[NSApplication _reactToScreenInvalidation:]_block_invoke+0x3b
C  [CoreFoundation+0xaa4ac]  __CFRUNLOOP_IS_CALLING_OUT_TO_A_BLOCK__+0xc
C  [CoreFoundation+0x89d05]  __CFRunLoopDoBlocks+0x155
C  [CoreFoundation+0x89a6b]  __CFRunLoopRun+0x92b
C  [CoreFoundation+0x88ed8]  CFRunLoopRunSpecific+0x128
C  [java+0x56cc]  CreateExecutionEnvironment+0x367
C  [java+0x165c]  JLI_Launch+0x7a0
C  [java+0x768a]  main+0x65
C  [java+0xeb4]  start+0x34


---------------  P R O C E S S  ---------------

VM state:not at safepoint (normal execution)

VM Mutex/Monitor currently owned by a thread: None

Heap:
 PSYoungGen      total 38400K, used 7131K [0x0000000795580000, 0x0000000798000000, 0x00000007c0000000)
  eden space 33280K, 6% used [0x0000000795580000,0x000000079577af40,0x0000000797600000)
  from space 5120K, 99% used [0x0000000797b00000,0x0000000797ffc030,0x0000000798000000)
  to   space 5120K, 0% used [0x0000000797600000,0x0000000797600000,0x0000000797b00000)
 ParOldGen       total 87552K, used 17032K [0x0000000740000000, 0x0000000745580000, 0x0000000795580000)
  object space 87552K, 19% used [0x0000000740000000,0x00000007410a22a0,0x0000000745580000)
 Metaspace       used 18067K, capacity 18788K, committed 19072K, reserved 1064960K
  class space    used 2524K, capacity 2657K, committed 2688K, reserved 1048576K

Card table byte_map: [0x000000011bdc0000,0x000000011c1c1000] byte_map_base: 0x00000001183c0000

Marking Bits: (ParMarkBitMap*) 0x000000010bac3330
 Begin Bits: [0x000000011c46c000, 0x000000011e46c000)
 End Bits:   [0x000000011e46c000, 0x000000012046c000)

Polling page: 0x000000010c188000

CodeCache: size=245760Kb used=9402Kb max_used=9402Kb free=236357Kb
 bounds [0x000000010ca00000, 0x000000010d340000, 0x000000011ba00000]
 total_blobs=3715 nmethods=3070 adapters=558
 compilation: enabled

Compilation events (10 events):
Event: 57.166 Thread 0x00007facf381e000 3080       1       com.sun.javafx.tk.quantum.PaintRenderJob::getScene (5 bytes)
Event: 57.166 Thread 0x00007facf381e000 nmethod 3080 0x000000010d32e0d0 code [0x000000010d32e220, 0x000000010d32e330]
Event: 57.166 Thread 0x00007facf381e000 3081       1       com.sun.javafx.tk.quantum.QuantumToolkit::hasNativeSystemVsync (5 bytes)
Event: 57.166 Thread 0x00007facf381e000 nmethod 3081 0x000000010d32de10 code [0x000000010d32df60, 0x000000010d32e070]
Event: 57.585 Thread 0x00007facf381e000 3082       3       javafx.scene.input.MouseEvent::copyFor (17 bytes)
Event: 57.585 Thread 0x00007facf381e000 nmethod 3082 0x000000010d32d990 code [0x000000010d32db00, 0x000000010d32dd48]
Event: 58.246 Thread 0x00007facf381e000 3083       1       java.util.concurrent.ConcurrentHashMap::spread (10 bytes)
Event: 58.247 Thread 0x00007facf381e000 nmethod 3083 0x000000010d32d690 code [0x000000010d32d7e0, 0x000000010d32d8d0]
Event: 58.247 Thread 0x00007facf381e000 3084       3       java.lang.invoke.LambdaForm::signatureType (47 bytes)
Event: 58.248 Thread 0x00007facf381e000 nmethod 3084 0x000000010d331250 code [0x000000010d3314a0, 0x000000010d3321c8]

GC Heap History (4 events):
Event: 3.717 GC heap before
{Heap before GC invocations=1 (full 0):
 PSYoungGen      total 38400K, used 33280K [0x0000000795580000, 0x0000000798000000, 0x00000007c0000000)
  eden space 33280K, 100% used [0x0000000795580000,0x0000000797600000,0x0000000797600000)
  from space 5120K, 0% used [0x0000000797b00000,0x0000000797b00000,0x0000000798000000)
  to   space 5120K, 0% used [0x0000000797600000,0x0000000797600000,0x0000000797b00000)
 ParOldGen       total 87552K, used 0K [0x0000000740000000, 0x0000000745580000, 0x0000000795580000)
  object space 87552K, 0% used [0x0000000740000000,0x0000000740000000,0x0000000745580000)
 Metaspace       used 9580K, capacity 9924K, committed 10112K, reserved 1058816K
  class space    used 1231K, capacity 1328K, committed 1408K, reserved 1048576K
Event: 3.775 GC heap after
Heap after GC invocations=1 (full 0):
 PSYoungGen      total 38400K, used 2768K [0x0000000795580000, 0x0000000798000000, 0x00000007c0000000)
  eden space 33280K, 0% used [0x0000000795580000,0x0000000795580000,0x0000000797600000)
  from space 5120K, 54% used [0x0000000797600000,0x00000007978b4040,0x0000000797b00000)
  to   space 5120K, 0% used [0x0000000797b00000,0x0000000797b00000,0x0000000798000000)
 ParOldGen       total 87552K, used 14542K [0x0000000740000000, 0x0000000745580000, 0x0000000795580000)
  object space 87552K, 16% used [0x0000000740000000,0x0000000740e33950,0x0000000745580000)
 Metaspace       used 9580K, capacity 9924K, committed 10112K, reserved 1058816K
  class space    used 1231K, capacity 1328K, committed 1408K, reserved 1048576K
}
Event: 50.611 GC heap before
{Heap before GC invocations=2 (full 0):
 PSYoungGen      total 38400K, used 36048K [0x0000000795580000, 0x0000000798000000, 0x00000007c0000000)
  eden space 33280K, 100% used [0x0000000795580000,0x0000000797600000,0x0000000797600000)
  from space 5120K, 54% used [0x0000000797600000,0x00000007978b4040,0x0000000797b00000)
  to   space 5120K, 0% used [0x0000000797b00000,0x0000000797b00000,0x0000000798000000)
 ParOldGen       total 87552K, used 14542K [0x0000000740000000, 0x0000000745580000, 0x0000000795580000)
  object space 87552K, 16% used [0x0000000740000000,0x0000000740e33950,0x0000000745580000)
 Metaspace       used 18046K, capacity 18758K, committed 18816K, reserved 1064960K
  class space    used 2519K, capacity 2650K, committed 2688K, reserved 1048576K
Event: 50.629 GC heap after
Heap after GC invocations=2 (full 0):
 PSYoungGen      total 38400K, used 5104K [0x0000000795580000, 0x0000000798000000, 0x00000007c0000000)
  eden space 33280K, 0% used [0x0000000795580000,0x0000000795580000,0x0000000797600000)
  from space 5120K, 99% used [0x0000000797b00000,0x0000000797ffc030,0x0000000798000000)
  to   space 5120K, 0% used [0x0000000797600000,0x0000000797600000,0x0000000797b00000)
 ParOldGen       total 87552K, used 17032K [0x0000000740000000, 0x0000000745580000, 0x0000000795580000)
  object space 87552K, 19% used [0x0000000740000000,0x00000007410a22a0,0x0000000745580000)
 Metaspace       used 18046K, capacity 18758K, committed 18816K, reserved 1064960K
  class space    used 2519K, capacity 2650K, committed 2688K, reserved 1048576K
}

Deoptimization events (10 events):
Event: 6.849 Thread 0x00007facf39b1000 Uncommon trap: reason=class_check action=maybe_recompile pc=0x000000010cb28b9c method=java.lang.String.equals(Ljava/lang/Object;)Z @ 8
Event: 6.849 Thread 0x00007facf39b1000 Uncommon trap: reason=class_check action=maybe_recompile pc=0x000000010cb28b9c method=java.lang.String.equals(Ljava/lang/Object;)Z @ 8
Event: 6.853 Thread 0x00007facf39b1000 Uncommon trap: reason=class_check action=maybe_recompile pc=0x000000010cb28b9c method=java.lang.String.equals(Ljava/lang/Object;)Z @ 8
Event: 7.180 Thread 0x00007facf39b1000 Uncommon trap: reason=unloaded action=reinterpret pc=0x000000010cc6c1d8 method=java.lang.CharacterData.of(I)Ljava/lang/CharacterData; @ 96
Event: 9.200 Thread 0x00007facf39b1000 Uncommon trap: reason=unreached action=reinterpret pc=0x000000010ccf1cd0 method=java.util.HashMap.hash(Ljava/lang/Object;)I @ 1
Event: 9.200 Thread 0x00007facf39b1000 Uncommon trap: reason=unreached action=reinterpret pc=0x000000010cd72d4c method=java.util.HashMap.hash(Ljava/lang/Object;)I @ 1
Event: 9.202 Thread 0x00007facf39b1000 Uncommon trap: reason=unreached action=reinterpret pc=0x000000010cd413e8 method=java.util.HashMap.hash(Ljava/lang/Object;)I @ 1
Event: 35.275 Thread 0x00007facf39b1000 Uncommon trap: reason=unreached action=reinterpret pc=0x000000010d29d2d4 method=javafx.scene.Node.getLocalBounds(Lcom/sun/javafx/geom/BaseBounds;Lcom/sun/javafx/geom/transform/BaseTransform;)Lcom/sun/javafx/geom/BaseBounds; @ 11
Event: 35.291 Thread 0x00007facf39b1000 Uncommon trap: reason=bimorphic action=maybe_recompile pc=0x000000010d232638 method=javafx.scene.CssStyleHelper.resolveRef(Ljavafx/css/Styleable;Ljava/lang/String;Lcom/sun/javafx/css/StyleMap;Ljava/util/Set;)Lcom/sun/javafx/css/CascadingStyle; @ 91
Event: 35.292 Thread 0x00007facf39b1000 Uncommon trap: reason=unreached action=reinterpret pc=0x000000010d207030 method=javafx.scene.Node.getLocalBounds(Lcom/sun/javafx/geom/BaseBounds;Lcom/sun/javafx/geom/transform/BaseTransform;)Lcom/sun/javafx/geom/BaseBounds; @ 11

Internal exceptions (10 events):
Event: 9.200 Thread 0x00007facf39b1000 Implicit null exception at 0x000000010ccf1ab5 to 0x000000010ccf1cc1
Event: 9.200 Thread 0x00007facf39b1000 Implicit null exception at 0x000000010cd723bb to 0x000000010cd72d31
Event: 9.202 Thread 0x00007facf39b1000 Implicit null exception at 0x000000010cd4136f to 0x000000010cd413d9
Event: 9.315 Thread 0x00007facf39b1000 Exception <a 'java/security/PrivilegedActionException'> (0x000000079641f530) thrown at [/HUDSON3/workspace/8-2-build-macosx-x86_64/jdk8u20/1074/hotspot/src/share/vm/prims/jvm.cpp, line 1275]
Event: 9.316 Thread 0x00007facf39b1000 Exception <a 'java/security/PrivilegedActionException'> (0x0000000796436478) thrown at [/HUDSON3/workspace/8-2-build-macosx-x86_64/jdk8u20/1074/hotspot/src/share/vm/prims/jvm.cpp, line 1275]
Event: 9.318 Thread 0x00007facf39b1000 Exception <a 'java/security/PrivilegedActionException'> (0x000000079644d710) thrown at [/HUDSON3/workspace/8-2-build-macosx-x86_64/jdk8u20/1074/hotspot/src/share/vm/prims/jvm.cpp, line 1275]
Event: 45.684 Thread 0x00007facf39b1000 Exception <a 'java/security/PrivilegedActionException'> (0x000000079750b048) thrown at [/HUDSON3/workspace/8-2-build-macosx-x86_64/jdk8u20/1074/hotspot/src/share/vm/prims/jvm.cpp, line 1275]
Event: 45.684 Thread 0x00007facf39b1000 Exception <a 'java/security/PrivilegedActionException'> (0x000000079750c680) thrown at [/HUDSON3/workspace/8-2-build-macosx-x86_64/jdk8u20/1074/hotspot/src/share/vm/prims/jvm.cpp, line 1275]
Event: 45.684 Thread 0x00007facf39b1000 Exception <a 'java/security/PrivilegedActionException'> (0x0000000797511530) thrown at [/HUDSON3/workspace/8-2-build-macosx-x86_64/jdk8u20/1074/hotspot/src/share/vm/prims/jvm.cpp, line 1275]
Event: 45.684 Thread 0x00007facf39b1000 Exception <a 'java/security/PrivilegedActionException'> (0x0000000797512c00) thrown at [/HUDSON3/workspace/8-2-build-macosx-x86_64/jdk8u20/1074/hotspot/src/share/vm/prims/jvm.cpp, line 1275]

Events (10 events):
Event: 58.252 loading class javafx/application/Application done
Event: 58.258 loading class com/sun/javafx/tk/quantum/QuantumRenderer
Event: 58.258 loading class com/sun/javafx/tk/quantum/QuantumRenderer done
Event: 58.259 loading class com/sun/javafx/tk/quantum/QuantumToolkit
Event: 58.259 loading class com/sun/javafx/tk/quantum/QuantumToolkit done
Event: 58.259 Thread 0x00007facf5169800 Thread exited: 0x00007facf5169800
Event: 58.259 Thread 0x00007facf3a3e000 Thread exited: 0x00007facf3a3e000
Event: 58.259 Thread 0x00007facf4807000 Thread exited: 0x00007facf4807000
Event: 58.259 Thread 0x00007facf5169800 Thread added: 0x00007facf5169800
Event: 58.259 Thread 0x00007facf39b1000 Thread exited: 0x00007facf39b1000


Dynamic libraries:
0x0000000000623000 	/System/Library/Frameworks/Cocoa.framework/Versions/A/Cocoa
0x0000000000623000 	/System/Library/Frameworks/Security.framework/Versions/A/Security
0x0000000000623000 	/System/Library/Frameworks/ApplicationServices.framework/Versions/A/ApplicationServices
0x0000000000623000 	/usr/lib/libz.1.dylib
0x0000000000623000 	/usr/lib/libSystem.B.dylib
0x0000000000623000 	/usr/lib/libobjc.A.dylib
0x0000000000623000 	/System/Library/Frameworks/CoreFoundation.framework/Versions/A/CoreFoundation
0x0000000000623000 	/System/Library/Frameworks/Foundation.framework/Versions/C/Foundation
0x0000000000623000 	/System/Library/Frameworks/AppKit.framework/Versions/C/AppKit
0x0000000000623000 	/System/Library/Frameworks/CoreData.framework/Versions/A/CoreData
0x0000000000623000 	/System/Library/PrivateFrameworks/RemoteViewServices.framework/Versions/A/RemoteViewServices
0x0000000000623000 	/System/Library/PrivateFrameworks/UIFoundation.framework/Versions/A/UIFoundation
0x0000000000623000 	/usr/lib/libScreenReader.dylib
0x0000000000623000 	/System/Library/Frameworks/Accelerate.framework/Versions/A/Accelerate
0x0000000000623000 	/System/Library/Frameworks/IOSurface.framework/Versions/A/IOSurface
0x0000000000623000 	/System/Library/Frameworks/AudioToolbox.framework/Versions/A/AudioToolbox
0x0000000000623000 	/System/Library/Frameworks/AudioUnit.framework/Versions/A/AudioUnit
0x0000000000623000 	/System/Library/PrivateFrameworks/DataDetectorsCore.framework/Versions/A/DataDetectorsCore
0x0000000000623000 	/System/Library/PrivateFrameworks/DesktopServicesPriv.framework/Versions/A/DesktopServicesPriv
0x0000000000623000 	/System/Library/Frameworks/Carbon.framework/Versions/A/Frameworks/HIToolbox.framework/Versions/A/HIToolbox
0x0000000000623000 	/System/Library/Frameworks/QuartzCore.framework/Versions/A/QuartzCore
0x0000000000623000 	/System/Library/Frameworks/Carbon.framework/Versions/A/Frameworks/SpeechRecognition.framework/Versions/A/SpeechRecognition
0x0000000000623000 	/usr/lib/libauto.dylib
0x0000000000623000 	/usr/lib/libicucore.A.dylib
0x0000000000623000 	/usr/lib/libxml2.2.dylib
0x0000000000623000 	/System/Library/PrivateFrameworks/CoreUI.framework/Versions/A/CoreUI
0x0000000000623000 	/System/Library/Frameworks/CoreAudio.framework/Versions/A/CoreAudio
0x0000000000623000 	/System/Library/Frameworks/DiskArbitration.framework/Versions/A/DiskArbitration
0x0000000000623000 	/usr/lib/liblangid.dylib
0x0000000000623000 	/System/Library/PrivateFrameworks/MultitouchSupport.framework/Versions/A/MultitouchSupport
0x0000000000623000 	/System/Library/Frameworks/IOKit.framework/Versions/A/IOKit
0x0000000000623000 	/usr/lib/libDiagnosticMessagesClient.dylib
0x0000000000623000 	/System/Library/Frameworks/CoreServices.framework/Versions/A/CoreServices
0x0000000000623000 	/System/Library/PrivateFrameworks/PerformanceAnalysis.framework/Versions/A/PerformanceAnalysis
0x0000000000623000 	/System/Library/PrivateFrameworks/GenerationalStorage.framework/Versions/A/GenerationalStorage
0x0000000000623000 	/System/Library/Frameworks/OpenGL.framework/Versions/A/OpenGL
0x0000000000623000 	/System/Library/PrivateFrameworks/Sharing.framework/Versions/A/Sharing
0x0000000000623000 	/System/Library/Frameworks/CoreGraphics.framework/Versions/A/CoreGraphics
0x0000000000623000 	/System/Library/Frameworks/CoreImage.framework/Versions/A/CoreImage
0x0000000000623000 	/System/Library/Frameworks/CoreText.framework/Versions/A/CoreText
0x0000000000623000 	/System/Library/Frameworks/ImageIO.framework/Versions/A/ImageIO
0x0000000000623000 	/System/Library/PrivateFrameworks/Backup.framework/Versions/A/Backup
0x0000000000623000 	/usr/lib/libextension.dylib
0x0000000000623000 	/usr/lib/libarchive.2.dylib
0x0000000000623000 	/System/Library/Frameworks/CFNetwork.framework/Versions/A/CFNetwork
0x0000000000623000 	/System/Library/Frameworks/SystemConfiguration.framework/Versions/A/SystemConfiguration
0x0000000000623000 	/usr/lib/libCRFSuite.dylib
0x0000000000623000 	/usr/lib/libc++.1.dylib
0x0000000000623000 	/usr/lib/libc++abi.dylib
0x0000000000623000 	/usr/lib/system/libcache.dylib
0x0000000000623000 	/usr/lib/system/libcommonCrypto.dylib
0x0000000000623000 	/usr/lib/system/libcompiler_rt.dylib
0x0000000000623000 	/usr/lib/system/libcopyfile.dylib
0x0000000000623000 	/usr/lib/system/libcorecrypto.dylib
0x0000000000623000 	/usr/lib/system/libdispatch.dylib
0x0000000000623000 	/usr/lib/system/libdyld.dylib
0x0000000000623000 	/usr/lib/system/libkeymgr.dylib
0x0000000000623000 	/usr/lib/system/liblaunch.dylib
0x0000000000623000 	/usr/lib/system/libmacho.dylib
0x0000000000623000 	/usr/lib/system/libquarantine.dylib
0x0000000000623000 	/usr/lib/system/libremovefile.dylib
0x0000000000623000 	/usr/lib/system/libsystem_asl.dylib
0x0000000000623000 	/usr/lib/system/libsystem_blocks.dylib
0x0000000000623000 	/usr/lib/system/libsystem_c.dylib
0x0000000000623000 	/usr/lib/system/libsystem_configuration.dylib
0x0000000000623000 	/usr/lib/system/libsystem_coreservices.dylib
0x0000000000623000 	/usr/lib/system/libsystem_coretls.dylib
0x0000000000623000 	/usr/lib/system/libsystem_dnssd.dylib
0x0000000000623000 	/usr/lib/system/libsystem_info.dylib
0x0000000000623000 	/usr/lib/system/libsystem_kernel.dylib
0x0000000000623000 	/usr/lib/system/libsystem_m.dylib
0x0000000000623000 	/usr/lib/system/libsystem_malloc.dylib
0x0000000000623000 	/usr/lib/system/libsystem_network.dylib
0x0000000000623000 	/usr/lib/system/libsystem_networkextension.dylib
0x0000000000623000 	/usr/lib/system/libsystem_notify.dylib
0x0000000000623000 	/usr/lib/system/libsystem_platform.dylib
0x0000000000623000 	/usr/lib/system/libsystem_pthread.dylib
0x0000000000623000 	/usr/lib/system/libsystem_sandbox.dylib
0x0000000000623000 	/usr/lib/system/libsystem_secinit.dylib
0x0000000000623000 	/usr/lib/system/libsystem_trace.dylib
0x0000000000623000 	/usr/lib/system/libunc.dylib
0x0000000000623000 	/usr/lib/system/libunwind.dylib
0x0000000000623000 	/usr/lib/system/libxpc.dylib
0x0000000000623000 	/usr/lib/libenergytrace.dylib
0x0000000000623000 	/usr/lib/libbsm.0.dylib
0x0000000000623000 	/usr/lib/system/libkxld.dylib
0x0000000000623000 	/usr/lib/libxar.1.dylib
0x0000000000623000 	/usr/lib/libsqlite3.dylib
0x0000000000623000 	/usr/lib/libpam.2.dylib
0x0000000000623000 	/usr/lib/libOpenScriptingUtil.dylib
0x0000000000623000 	/usr/lib/libbz2.1.0.dylib
0x0000000000623000 	/usr/lib/liblzma.5.dylib
0x0000000000623000 	/System/Library/Frameworks/CoreServices.framework/Versions/A/Frameworks/FSEvents.framework/Versions/A/FSEvents
0x0000000000623000 	/System/Library/Frameworks/CoreServices.framework/Versions/A/Frameworks/CarbonCore.framework/Versions/A/CarbonCore
0x0000000000623000 	/System/Library/Frameworks/CoreServices.framework/Versions/A/Frameworks/Metadata.framework/Versions/A/Metadata
0x0000000000623000 	/System/Library/Frameworks/CoreServices.framework/Versions/A/Frameworks/OSServices.framework/Versions/A/OSServices
0x0000000000623000 	/System/Library/Frameworks/CoreServices.framework/Versions/A/Frameworks/SearchKit.framework/Versions/A/SearchKit
0x0000000000623000 	/System/Library/Frameworks/CoreServices.framework/Versions/A/Frameworks/AE.framework/Versions/A/AE
0x0000000000623000 	/System/Library/Frameworks/CoreServices.framework/Versions/A/Frameworks/LaunchServices.framework/Versions/A/LaunchServices
0x0000000000623000 	/System/Library/Frameworks/CoreServices.framework/Versions/A/Frameworks/DictionaryServices.framework/Versions/A/DictionaryServices
0x0000000000623000 	/System/Library/Frameworks/CoreServices.framework/Versions/A/Frameworks/SharedFileList.framework/Versions/A/SharedFileList
0x0000000000623000 	/System/Library/Frameworks/NetFS.framework/Versions/A/NetFS
0x0000000000623000 	/System/Library/PrivateFrameworks/NetAuth.framework/Versions/A/NetAuth
0x0000000000623000 	/System/Library/PrivateFrameworks/login.framework/Versions/A/Frameworks/loginsupport.framework/Versions/A/loginsupport
0x0000000000623000 	/System/Library/PrivateFrameworks/TCC.framework/Versions/A/TCC
0x0000000000623000 	/usr/lib/libmecabra.dylib
0x0000000000623000 	/System/Library/Frameworks/ApplicationServices.framework/Versions/A/Frameworks/ATS.framework/Versions/A/ATS
0x0000000000623000 	/System/Library/Frameworks/ApplicationServices.framework/Versions/A/Frameworks/ColorSync.framework/Versions/A/ColorSync
0x0000000000623000 	/System/Library/Frameworks/ApplicationServices.framework/Versions/A/Frameworks/HIServices.framework/Versions/A/HIServices
0x0000000000623000 	/System/Library/Frameworks/ApplicationServices.framework/Versions/A/Frameworks/LangAnalysis.framework/Versions/A/LangAnalysis
0x0000000000623000 	/System/Library/Frameworks/ApplicationServices.framework/Versions/A/Frameworks/PrintCore.framework/Versions/A/PrintCore
0x0000000000623000 	/System/Library/Frameworks/ApplicationServices.framework/Versions/A/Frameworks/QD.framework/Versions/A/QD
0x0000000000623000 	/System/Library/Frameworks/ApplicationServices.framework/Versions/A/Frameworks/SpeechSynthesis.framework/Versions/A/SpeechSynthesis
0x0000000000623000 	/System/Library/Frameworks/Metal.framework/Versions/A/Metal
0x0000000000623000 	/System/Library/Frameworks/Accelerate.framework/Versions/A/Frameworks/vImage.framework/Versions/A/vImage
0x0000000000623000 	/System/Library/Frameworks/Accelerate.framework/Versions/A/Frameworks/vecLib.framework/Versions/A/vecLib
0x0000000000623000 	/System/Library/Frameworks/Accelerate.framework/Versions/A/Frameworks/vecLib.framework/Versions/A/libvDSP.dylib
0x0000000000623000 	/System/Library/Frameworks/Accelerate.framework/Versions/A/Frameworks/vecLib.framework/Versions/A/libvMisc.dylib
0x0000000000623000 	/System/Library/Frameworks/Accelerate.framework/Versions/A/Frameworks/vecLib.framework/Versions/A/libLAPACK.dylib
0x0000000000623000 	/System/Library/Frameworks/Accelerate.framework/Versions/A/Frameworks/vecLib.framework/Versions/A/libBLAS.dylib
0x0000000000623000 	/System/Library/Frameworks/Accelerate.framework/Versions/A/Frameworks/vecLib.framework/Versions/A/libLinearAlgebra.dylib
0x0000000000623000 	/System/Library/Frameworks/Accelerate.framework/Versions/A/Frameworks/vecLib.framework/Versions/A/libSparseBLAS.dylib
0x0000000000623000 	/System/Library/PrivateFrameworks/GPUCompiler.framework/libmetal_timestamp.dylib
0x0000000000623000 	/System/Library/Frameworks/OpenGL.framework/Versions/A/Libraries/libCoreFSCache.dylib
0x0000000000623000 	/System/Library/PrivateFrameworks/IOAccelerator.framework/Versions/A/IOAccelerator
0x0000000000623000 	/System/Library/Frameworks/ApplicationServices.framework/Versions/A/Frameworks/ATS.framework/Versions/A/Resources/libFontParser.dylib
0x0000000000623000 	/System/Library/Frameworks/ApplicationServices.framework/Versions/A/Frameworks/ATS.framework/Versions/A/Resources/libFontRegistry.dylib
0x0000000000623000 	/System/Library/PrivateFrameworks/AppleVPA.framework/Versions/A/AppleVPA
0x0000000000623000 	/System/Library/PrivateFrameworks/AppleJPEG.framework/Versions/A/AppleJPEG
0x0000000000623000 	/System/Library/Frameworks/ImageIO.framework/Versions/A/Resources/libJPEG.dylib
0x0000000000623000 	/System/Library/Frameworks/ImageIO.framework/Versions/A/Resources/libTIFF.dylib
0x0000000000623000 	/System/Library/Frameworks/ImageIO.framework/Versions/A/Resources/libPng.dylib
0x0000000000623000 	/System/Library/Frameworks/ImageIO.framework/Versions/A/Resources/libGIF.dylib
0x0000000000623000 	/System/Library/Frameworks/ImageIO.framework/Versions/A/Resources/libJP2.dylib
0x0000000000623000 	/System/Library/Frameworks/ImageIO.framework/Versions/A/Resources/libRadiance.dylib
0x0000000000623000 	/System/Library/Frameworks/CoreVideo.framework/Versions/A/CoreVideo
0x0000000000623000 	/System/Library/Frameworks/OpenGL.framework/Versions/A/Libraries/libGLU.dylib
0x0000000000623000 	/System/Library/Frameworks/OpenGL.framework/Versions/A/Libraries/libGFXShared.dylib
0x0000000000623000 	/System/Library/Frameworks/OpenGL.framework/Versions/A/Libraries/libGL.dylib
0x0000000000623000 	/System/Library/Frameworks/OpenGL.framework/Versions/A/Libraries/libGLImage.dylib
0x0000000000623000 	/System/Library/Frameworks/OpenGL.framework/Versions/A/Libraries/libCVMSPluginSupport.dylib
0x0000000000623000 	/System/Library/Frameworks/OpenGL.framework/Versions/A/Libraries/libCoreVMClient.dylib
0x0000000000623000 	/usr/lib/libcompression.dylib
0x0000000000623000 	/usr/lib/libcups.2.dylib
0x0000000000623000 	/System/Library/Frameworks/Kerberos.framework/Versions/A/Kerberos
0x0000000000623000 	/System/Library/Frameworks/GSS.framework/Versions/A/GSS
0x0000000000623000 	/usr/lib/libresolv.9.dylib
0x0000000000623000 	/usr/lib/libiconv.2.dylib
0x0000000000623000 	/System/Library/PrivateFrameworks/Heimdal.framework/Versions/A/Heimdal
0x0000000000623000 	/usr/lib/libheimdal-asn1.dylib
0x0000000000623000 	/System/Library/Frameworks/OpenDirectory.framework/Versions/A/OpenDirectory
0x0000000000623000 	/System/Library/PrivateFrameworks/CommonAuth.framework/Versions/A/CommonAuth
0x0000000000623000 	/System/Library/Frameworks/OpenDirectory.framework/Versions/A/Frameworks/CFOpenDirectory.framework/Versions/A/CFOpenDirectory
0x0000000000623000 	/System/Library/Frameworks/SecurityFoundation.framework/Versions/A/SecurityFoundation
0x0000000000623000 	/System/Library/PrivateFrameworks/LanguageModeling.framework/Versions/A/LanguageModeling
0x0000000000623000 	/usr/lib/libmarisa.dylib
0x0000000000623000 	/usr/lib/libChineseTokenizer.dylib
0x0000000000623000 	/usr/lib/libcmph.dylib
0x0000000000623000 	/System/Library/Frameworks/ServiceManagement.framework/Versions/A/ServiceManagement
0x0000000000623000 	/usr/lib/libxslt.1.dylib
0x0000000000623000 	/System/Library/Frameworks/Carbon.framework/Versions/A/Frameworks/Ink.framework/Versions/A/Ink
0x0000000000623000 	/usr/lib/libFosl_dynamic.dylib
0x0000000000623000 	/System/Library/PrivateFrameworks/FaceCore.framework/Versions/A/FaceCore
0x0000000000623000 	/System/Library/Frameworks/OpenCL.framework/Versions/A/OpenCL
0x0000000000623000 	/System/Library/PrivateFrameworks/CrashReporterSupport.framework/Versions/A/CrashReporterSupport
0x0000000000623000 	/System/Library/PrivateFrameworks/IconServices.framework/Versions/A/IconServices
0x0000000000623000 	/System/Library/PrivateFrameworks/Apple80211.framework/Versions/A/Apple80211
0x0000000000623000 	/System/Library/Frameworks/CoreWLAN.framework/Versions/A/CoreWLAN
0x0000000000623000 	/System/Library/Frameworks/IOBluetooth.framework/Versions/A/IOBluetooth
0x0000000000623000 	/System/Library/PrivateFrameworks/CoreWiFi.framework/Versions/A/CoreWiFi
0x0000000000623000 	/System/Library/Frameworks/CoreBluetooth.framework/Versions/A/CoreBluetooth
0x0000000000623000 	/System/Library/PrivateFrameworks/ChunkingLibrary.framework/Versions/A/ChunkingLibrary
0x0000000000623000 	/System/Library/PrivateFrameworks/DebugSymbols.framework/Versions/A/DebugSymbols
0x0000000000623000 	/System/Library/PrivateFrameworks/CoreSymbolication.framework/Versions/A/CoreSymbolication
0x0000000000623000 	/System/Library/PrivateFrameworks/Symbolication.framework/Versions/A/Symbolication
0x0000000000623000 	/System/Library/PrivateFrameworks/SpeechRecognitionCore.framework/Versions/A/SpeechRecognitionCore
0x000000010b227000 	/Library/Java/JavaVirtualMachines/jdk1.8.0_20.jdk/Contents/Home/jre/lib/server/libjvm.dylib
0x0000000000623000 	/usr/lib/libstdc++.6.dylib
0x000000010c146000 	/Library/Java/JavaVirtualMachines/jdk1.8.0_20.jdk/Contents/Home/jre/lib/libverify.dylib
0x000000010c154000 	/Library/Java/JavaVirtualMachines/jdk1.8.0_20.jdk/Contents/Home/jre/lib/libjava.dylib
0x000000010c192000 	/Library/Java/JavaVirtualMachines/jdk1.8.0_20.jdk/Contents/Home/jre/lib/libzip.dylib
0x000000012230f000 	/System/Library/Frameworks/JavaVM.framework/Frameworks/JavaRuntimeSupport.framework/JavaRuntimeSupport
0x000000012232a000 	/System/Library/Frameworks/JavaVM.framework/Versions/A/Frameworks/JavaNativeFoundation.framework/Versions/A/JavaNativeFoundation
0x000000010c1ec000 	/System/Library/Frameworks/JavaVM.framework/Versions/A/JavaVM
0x0000000000623000 	/System/Library/Frameworks/Carbon.framework/Versions/A/Carbon
0x000000012233f000 	/System/Library/PrivateFrameworks/JavaLaunching.framework/Versions/A/JavaLaunching
0x0000000000623000 	/System/Library/Frameworks/Carbon.framework/Versions/A/Frameworks/CommonPanels.framework/Versions/A/CommonPanels
0x0000000000623000 	/System/Library/Frameworks/Carbon.framework/Versions/A/Frameworks/Help.framework/Versions/A/Help
0x0000000000623000 	/System/Library/Frameworks/Carbon.framework/Versions/A/Frameworks/ImageCapture.framework/Versions/A/ImageCapture
0x0000000000623000 	/System/Library/Frameworks/Carbon.framework/Versions/A/Frameworks/OpenScripting.framework/Versions/A/OpenScripting
0x0000000000623000 	/System/Library/Frameworks/Carbon.framework/Versions/A/Frameworks/Print.framework/Versions/A/Print
0x0000000000623000 	/System/Library/Frameworks/Carbon.framework/Versions/A/Frameworks/SecurityHI.framework/Versions/A/SecurityHI
0x0000000123d23000 	/Library/Java/JavaVirtualMachines/jdk1.8.0_20.jdk/Contents/Home/jre/lib/libprism_es2.dylib
0x0000000000623000 	/System/Library/Frameworks/OpenGL.framework/Versions/A/Resources/GLEngine.bundle/GLEngine
0x0000000000623000 	/System/Library/Frameworks/OpenGL.framework/Versions/A/Libraries/libGLProgrammability.dylib
0x0000000123da4000 	/System/Library/Extensions/AppleIntelHD3000GraphicsGLDriver.bundle/Contents/MacOS/AppleIntelHD3000GraphicsGLDriver
0x0000000000623000 	/System/Library/PrivateFrameworks/GPUSupport.framework/Versions/A/Libraries/libGPUSupport.dylib
0x0000000000623000 	/System/Library/Frameworks/OpenGL.framework/Versions/A/Resources/GLRendererFloat.bundle/GLRendererFloat
0x0000000000623000 	/System/Library/Frameworks/OpenCL.framework/Versions/A/Libraries/libcldcpuengine.dylib
0x0000000000623000 	/System/Library/PrivateFrameworks/DiskImages.framework/Versions/A/DiskImages
0x0000000000623000 	/System/Library/Frameworks/DiscRecording.framework/Versions/A/DiscRecording
0x0000000000623000 	/usr/lib/libcsfde.dylib
0x0000000000623000 	/usr/lib/libcurl.4.dylib
0x0000000000623000 	/System/Library/PrivateFrameworks/MediaKit.framework/Versions/A/MediaKit
0x0000000000623000 	/System/Library/PrivateFrameworks/ProtectedCloudStorage.framework/Versions/A/ProtectedCloudStorage
0x0000000000623000 	/usr/lib/libCoreStorage.dylib
0x0000000000623000 	/System/Library/PrivateFrameworks/EFILogin.framework/Versions/A/EFILogin
0x0000000000623000 	/usr/lib/libutil.dylib
0x0000000000623000 	/System/Library/PrivateFrameworks/FindMyDevice.framework/Versions/A/FindMyDevice
0x0000000000623000 	/System/Library/Frameworks/LDAP.framework/Versions/A/LDAP
0x0000000000623000 	/usr/lib/libsasl2.2.dylib
0x0000000000623000 	/System/Library/PrivateFrameworks/CoreDaemon.framework/Versions/B/CoreDaemon
0x0000000000623000 	/usr/lib/libcrypto.0.9.8.dylib
0x0000000000623000 	/System/Library/PrivateFrameworks/AppleSRP.framework/Versions/A/AppleSRP
0x0000000000623000 	/System/Library/PrivateFrameworks/TrustEvaluationAgent.framework/Versions/A/TrustEvaluationAgent
0x0000000124424000 	/Library/Java/JavaVirtualMachines/jdk1.8.0_20.jdk/Contents/Home/jre/lib/libglass.dylib
0x0000000000623000 	/System/Library/PrivateFrameworks/CoreServicesInternal.framework/Versions/A/CoreServicesInternal
0x0000000000623000 	/System/Library/CoreServices/RawCamera.bundle/Contents/MacOS/RawCamera
0x0000000000623000 	/System/Library/Frameworks/CoreGraphics.framework/Versions/A/Resources/libRIP.A.dylib
0x0000000000623000 	/System/Library/Frameworks/Accelerate.framework/Versions/A/Frameworks/vImage.framework/Versions/A/Libraries/libCGInterfaces.dylib
0x0000000000623000 	/System/Library/PrivateFrameworks/FamilyControls.framework/Versions/A/FamilyControls
0x0000000000623000 	/System/Library/PrivateFrameworks/CommerceKit.framework/Versions/A/Frameworks/CommerceCore.framework/Versions/A/CommerceCore
0x0000000000623000 	/System/Library/PrivateFrameworks/SystemAdministration.framework/Versions/A/SystemAdministration
0x0000000000623000 	/System/Library/PrivateFrameworks/AppContainer.framework/Versions/A/AppContainer
0x0000000000623000 	/System/Library/PrivateFrameworks/SecCodeWrapper.framework/Versions/A/SecCodeWrapper
0x0000000000623000 	/System/Library/Frameworks/DirectoryService.framework/Versions/A/DirectoryService
0x0000000000623000 	/System/Library/PrivateFrameworks/LoginUIKit.framework/Versions/A/Frameworks/LoginUICore.framework/Versions/A/LoginUICore
0x0000000000623000 	/usr/lib/libodfde.dylib
0x00000001268fd000 	/Library/Java/JavaVirtualMachines/jdk1.8.0_20.jdk/Contents/Home/jre/lib/libjavafx_iio.dylib
0x0000000124d7b000 	/Library/Java/JavaVirtualMachines/jdk1.8.0_20.jdk/Contents/Home/jre/lib/libjavafx_font.dylib
0x0000000000623000 	/System/Library/Frameworks/CoreGraphics.framework/Versions/A/Resources/libCGXType.A.dylib
0x000000012885d000 	/Library/Java/JavaVirtualMachines/jdk1.8.0_20.jdk/Contents/Home/jre/lib/libnet.dylib
0x00000001272a0000 	cl_kernels
0x0000000000623000 	/System/Library/Frameworks/OpenCL.framework/Versions/A/Libraries/ImageFormats/unorm8_bgra.dylib
0x0000000000623000 	/System/Library/Frameworks/OpenCL.framework/Versions/A/Libraries/ImageFormats/unorm8_rgba.dylib
0x00000001289d6000 	/Library/Java/JavaVirtualMachines/jdk1.8.0_20.jdk/Contents/Home/jre/lib/libprism_common.dylib

VM Arguments:
jvm_args: -Dfile.encoding=UTF-8 
java_command: gui.MainGameFX
java_class_path (initial): /Users/halilcenik/git/boardies/bin:/Users/halilcenik/.p2/pool/plugins/org.junit_4.12.0.v201504281640/junit.jar:/Users/halilcenik/.p2/pool/plugins/org.hamcrest.core_1.3.0.v201303031735.jar
Launcher Type: SUN_STANDARD

Environment Variables:
PATH=/usr/bin:/bin:/usr/sbin:/sbin
SHELL=/bin/bash
DISPLAY=/private/tmp/com.apple.launchd.GF1Hxbcdhx/org.macosforge.xquartz:0

Signal Handlers:
SIGSEGV: [libjvm.dylib+0x578fd7], sa_mask[0]=11111111011111110111111111111111, sa_flags=SA_ONSTACK|SA_RESTART|SA_SIGINFO
SIGBUS: [libjvm.dylib+0x578fd7], sa_mask[0]=11111111011111110111111111111111, sa_flags=SA_RESTART|SA_SIGINFO
SIGFPE: [libjvm.dylib+0x45ab0c], sa_mask[0]=11111111011111110111111111111111, sa_flags=SA_RESTART|SA_SIGINFO
SIGPIPE: [libjvm.dylib+0x45ab0c], sa_mask[0]=11111111011111110111111111111111, sa_flags=SA_RESTART|SA_SIGINFO
SIGXFSZ: [libjvm.dylib+0x45ab0c], sa_mask[0]=11111111011111110111111111111111, sa_flags=SA_RESTART|SA_SIGINFO
SIGILL: [libjvm.dylib+0x45ab0c], sa_mask[0]=11111111011111110111111111111111, sa_flags=SA_RESTART|SA_SIGINFO
SIGUSR1: SIG_DFL, sa_mask[0]=00000000000000000000000000000000, sa_flags=none
SIGUSR2: [libjvm.dylib+0x45a62a], sa_mask[0]=00100000000000000000000000000000, sa_flags=SA_RESTART|SA_SIGINFO
SIGHUP: [libjvm.dylib+0x458bfd], sa_mask[0]=11111111011111110111111111111111, sa_flags=SA_RESTART|SA_SIGINFO
SIGINT: [libjvm.dylib+0x458bfd], sa_mask[0]=11111111011111110111111111111111, sa_flags=SA_RESTART|SA_SIGINFO
SIGTERM: [libjvm.dylib+0x458bfd], sa_mask[0]=11111111011111110111111111111111, sa_flags=SA_RESTART|SA_SIGINFO
SIGQUIT: [libjvm.dylib+0x458bfd], sa_mask[0]=11111111011111110111111111111111, sa_flags=SA_RESTART|SA_SIGINFO


---------------  S Y S T E M  ---------------

OS:Bsduname:Darwin 15.6.0 Darwin Kernel Version 15.6.0: Thu Jun 23 18:25:34 PDT 2016; root:xnu-3248.60.10~1/RELEASE_X86_64 x86_64
rlimit: STACK 8192k, CORE 0k, NPROC 709, NOFILE 10240, AS infinity
load average:3.46 3.35 2.79

CPU:total 4 (2 cores per cpu, 2 threads per core) family 6 model 42 stepping 7, cmov, cx8, fxsr, mmx, sse, sse2, sse3, ssse3, sse4.1, sse4.2, popcnt, avx, aes, clmul, ht, tsc, tscinvbit

Memory: 4k page, physical 8388608k(20820k free)

/proc/meminfo:


vm_info: Java HotSpot(TM) 64-Bit Server VM (25.20-b23) for bsd-amd64 JRE (1.8.0_20-b26), built on Jul 30 2014 13:37:47 by "java_re" with gcc 4.2.1 (Based on Apple Inc. build 5658) (LLVM build 2336.9.00)

time: Sun Nov 19 19:59:43 2017
elapsed time: 89 seconds (0d 0h 1m 29s)

