#
# A fatal error has been detected by the Java Runtime Environment:
#
#  SIGSEGV (0xb) at pc=0x000000011beba381, pid=981, tid=2571
#
# JRE version: Java(TM) SE Runtime Environment (8.0_20-b26) (build 1.8.0_20-b26)
# Java VM: Java HotSpot(TM) 64-Bit Server VM (25.20-b23 mixed mode bsd-amd64 compressed oops)
# Problematic frame:
# C  [libglass.dylib+0x16381]  GlassScreenDidChangeScreenParameters+0x21
#
# Failed to write core dump. Core dumps have been disabled. To enable core dumping, try "ulimit -c unlimited" before starting Java again
#
# If you would like to submit a bug report, please visit:
#   http://bugreport.sun.com/bugreport/crash.jsp
#

---------------  T H R E A D  ---------------

Current thread is native thread

siginfo: si_signo: 11 (SIGSEGV), si_code: 1 (SEGV_MAPERR), si_addr: 0x0000000000000000

Registers:
RAX=0x000000011beecd48, RBX=0x0000000000000000, RCX=0x0000000000000103, RDX=0x0000010000000100
RSP=0x00007fff5d1d0b60, RBP=0x00007fff5d1d0b70, RSI=0x00007f8f60f0b9a8, RDI=0x0000000000000000
R8 =0x0000000000000040, R9 =0x00007fff75fe91e0, R10=0xffffffffffffffff, R11=0x0000000000000246
R12=0x00007f8f60c36de0, R13=0x00007f8f60d5b550, R14=0x00007f8f60d5b590, R15=0x0000000000000000
RIP=0x000000011beba381, EFLAGS=0x0000000000010246, ERR=0x0000000000000004
  TRAPNO=0x000000000000000e

Top of Stack: (sp=0x00007fff5d1d0b60)
0x00007fff5d1d0b60:   00007fff5d1d0bb8 00007f8f60d5b590
0x00007fff5d1d0b70:   00007fff5d1d0b80 00007fff87feebbc
0x00007fff5d1d0b80:   00007fff5d1d0ba0 00007fff87feeb4f
0x00007fff5d1d0b90:   0000000000000000 0000000000000000
0x00007fff5d1d0ba0:   00007fff5d1d0c10 00007fff87feeac7
0x00007fff5d1d0bb0:   00007fff883af6c0 00007fff7723c0a0
0x00007fff5d1d0bc0:   0000000042000000 00007fff87feeb10
0x00007fff5d1d0bd0:   00007fff74425720 00007f8f60d5b550
0x00007fff5d1d0be0:   00007f8f60c36de0 00007fff5d1d13b8
0x00007fff5d1d0bf0:   00007fff74552780 00007fff5d1d13b8
0x00007fff5d1d0c00:   00007f8f60d5b550 00007fff883ae9e2
0x00007fff5d1d0c10:   00007fff5d1d0c50 00007fff87fee832
0x00007fff5d1d0c20:   00007fff5d1d1230 0000000000000000
0x00007fff5d1d0c30:   00007fff74552780 00007fff5d1d13b8
0x00007fff5d1d0c40:   00007fff91b694c0 00007fff883ae9e2
0x00007fff5d1d0c50:   00007fff5d1d1360 00007fff87fab5e2
0x00007fff5d1d0c60:   00007f8f60c36e00 0000000000000003
0x00007fff5d1d0c70:   0000000000000000 00007f8f60c03070
0x00007fff5d1d0c80:   00007f8f61805048 00007f8f60e72510
0x00007fff5d1d0c90:   0000000000000000 00007f8f60d5b5f0
0x00007fff5d1d0ca0:   0000000000000000 0000000000000000
0x00007fff5d1d0cb0:   00007fff74462bc0 00007fff5d1d1230
0x00007fff5d1d0cc0:   0000000000000001 0000000000000100
0x00007fff5d1d0cd0:   0000000000000b00 00007fff5d1d1130
0x00007fff5d1d0ce0:   0000000000000000 0000000000000100
0x00007fff5d1d0cf0:   403c000000000000 00007fff74552780
0x00007fff5d1d0d00:   0000000000000000 00007fff74426500
0x00007fff5d1d0d10:   00007fff74552780 0000000000000000
0x00007fff5d1d0d20:   00007fff74426500 00007f8f60c353e0
0x00007fff5d1d0d30:   00007f8f60c36e00 00007fff906461ab
0x00007fff5d1d0d40:   0000000000159201 00007fff76cb5300
0x00007fff5d1d0d50:   0000000000159200 0000000076cb5300 

Instructions: (pc=0x000000011beba381)
0x000000011beba361:   48 89 e5 41 56 53 48 8d 05 d2 2a 03 00 48 83 38
0x000000011beba371:   00 48 89 fb 75 72 48 8d 05 ca 29 03 00 48 8b 30
0x000000011beba381:   48 8b 03 48 8d 15 7c 99 01 00 48 8d 0d 5e 6f 01
0x000000011beba391:   00 48 89 df ff 90 88 03 00 00 48 8d 0d 9e 2a 03 

Register to memory mapping:

RAX=0x000000011beecd48: jScreenClass+0 in /Library/Java/JavaVirtualMachines/jdk1.8.0_20.jdk/Contents/Home/jre/lib/libglass.dylib at 0x000000011bea4000
RBX=0x0000000000000000 is an unknown value
RCX=0x0000000000000103 is an unknown value
RDX=0x0000010000000100 is an unknown value
RSP=0x00007fff5d1d0b60 is an unknown value
RBP=0x00007fff5d1d0b70 is an unknown value
RSI=0x00007f8f60f0b9a8 is a global jni handle
RDI=0x0000000000000000 is an unknown value
R8 =0x0000000000000040 is an unknown value
R9 =0x00007fff75fe91e0: __sFX+0x1c0 in /usr/lib/system/libsystem_c.dylib at 0x00007fff8fc46000
R10=0xffffffffffffffff is an unknown value
R11=0x0000000000000246 is an unknown value
R12=0x00007f8f60c36de0 is an unknown value
R13=0x00007f8f60d5b550 is an unknown value
R14=0x00007f8f60d5b590 is an unknown value
R15=0x0000000000000000 is an unknown value


Stack: [0x00007fff5c9d4000,0x00007fff5d1d4000],  sp=0x00007fff5d1d0b60,  free space=8178k
Native frames: (J=compiled Java code, j=interpreted, Vv=VM code, C=native code)
C  [libglass.dylib+0x16381]  GlassScreenDidChangeScreenParameters+0x21
C  [CoreFoundation+0xa0bbc]  __CFNOTIFICATIONCENTER_IS_CALLING_OUT_TO_AN_OBSERVER__+0xc
C  [CoreFoundation+0xa0b4f]  ___CFXRegistrationPost_block_invoke+0x3f
C  [CoreFoundation+0xa0ac7]  _CFXRegistrationPost+0x197
C  [CoreFoundation+0xa0832]  ___CFXNotificationPost_block_invoke+0x32
C  [CoreFoundation+0x5d5e2]  -[_CFXNotificationRegistrar find:object:observer:enumerator:]+0x782
C  [CoreFoundation+0x5c835]  _CFXNotificationPost+0x2b5
C  [Foundation+0x717a]  -[NSNotificationCenter postNotificationName:object:userInfo:]+0x42
C  [AppKit+0x41c08b]  -[NSApplication _reactToScreenInvalidationImmediately:]+0x17f
C  [AppKit+0x41bedc]  __44-[NSApplication _reactToScreenInvalidation:]_block_invoke+0x3b
C  [CoreFoundation+0xaa4ac]  __CFRUNLOOP_IS_CALLING_OUT_TO_A_BLOCK__+0xc
C  [CoreFoundation+0x89d05]  __CFRunLoopDoBlocks+0x155
C  [CoreFoundation+0x89a6b]  __CFRunLoopRun+0x92b
C  [CoreFoundation+0x88ed8]  CFRunLoopRunSpecific+0x128
C  [java+0x56cc]  CreateExecutionEnvironment+0x367
C  [java+0x165c]  JLI_Launch+0x7a0
C  [java+0x768a]  main+0x65
C  [java+0xeb4]  start+0x34


---------------  P R O C E S S  ---------------

VM state:at safepoint (normal execution)

VM Mutex/Monitor currently owned by a thread:  ([mutex/lock_event])
[0x00007f8f60d04900] Threads_lock - owner thread: 0x00007f8f62832000

Heap:
 PSYoungGen      total 38400K, used 12514K [0x0000000795580000, 0x0000000798000000, 0x00000007c0000000)
  eden space 33280K, 37% used [0x0000000795580000,0x00000007961b8910,0x0000000797600000)
  from space 5120K, 0% used [0x0000000797b00000,0x0000000797b00000,0x0000000798000000)
  to   space 5120K, 0% used [0x0000000797600000,0x0000000797600000,0x0000000797b00000)
 ParOldGen       total 87552K, used 0K [0x0000000740000000, 0x0000000745580000, 0x0000000795580000)
  object space 87552K, 0% used [0x0000000740000000,0x0000000740000000,0x0000000745580000)
 Metaspace       used 7132K, capacity 7372K, committed 7680K, reserved 1056768K
  class space    used 857K, capacity 935K, committed 1024K, reserved 1048576K

Card table byte_map: [0x00000001138db000,0x0000000113cdc000] byte_map_base: 0x000000010fedb000

Marking Bits: (ParMarkBitMap*) 0x0000000103e9c330
 Begin Bits: [0x0000000113f87000, 0x0000000115f87000)
 End Bits:   [0x0000000115f87000, 0x0000000117f87000)

Polling page: 0x0000000102ced000

CodeCache: size=245760Kb used=2082Kb max_used=2082Kb free=243677Kb
 bounds [0x000000010451b000, 0x000000010478b000, 0x000000011351b000]
 total_blobs=854 nmethods=472 adapters=297
 compilation: enabled

Compilation events (10 events):
Event: 0.542 Thread 0x00007f8f6283f800  472       3       java.util.jar.JarFile::getManifest (5 bytes)
Event: 0.542 Thread 0x00007f8f6283f800 nmethod 472 0x000000010471e510 code [0x000000010471e680, 0x000000010471e808]
Event: 0.542 Thread 0x00007f8f6283f800  467   !   3       java.net.URLClassLoader::findClass (29 bytes)
Event: 0.543 Thread 0x00007f8f6283f800 nmethod 467 0x000000010471dc90 code [0x000000010471de20, 0x000000010471e328]
Event: 0.543 Thread 0x00007f8f6283f800  468       3       java.net.URLClassLoader$1::<init> (15 bytes)
Event: 0.543 Thread 0x00007f8f6283f800 nmethod 468 0x0000000104722190 code [0x0000000104722300, 0x00000001047224f0]
Event: 0.543 Thread 0x00007f8f6283f800  470       3       java.net.URLClassLoader$1::run (5 bytes)
Event: 0.543 Thread 0x00007f8f6283f800 nmethod 470 0x000000010471d8d0 code [0x000000010471da40, 0x000000010471dbe8]
Event: 0.544 Thread 0x00007f8f6283f800  471   !   3       java.net.URLClassLoader$1::run (73 bytes)
Event: 0.544 Thread 0x00007f8f6283f800 nmethod 471 0x0000000104723210 code [0x00000001047233e0, 0x0000000104723998]

GC Heap History (0 events):
No events

Deoptimization events (0 events):
No events

Internal exceptions (10 events):
Event: 0.176 Thread 0x00007f8f62801000 Exception <a 'java/lang/NoSuchFieldError': method resolution failed> (0x000000079586ba38) thrown at [/HUDSON3/workspace/8-2-build-macosx-x86_64/jdk8u20/1074/hotspot/src/share/vm/prims/methodHandles.cpp, line 1159]
Event: 0.178 Thread 0x00007f8f62801000 Exception <a 'java/lang/NoSuchFieldError': method resolution failed> (0x000000079587a4a0) thrown at [/HUDSON3/workspace/8-2-build-macosx-x86_64/jdk8u20/1074/hotspot/src/share/vm/prims/methodHandles.cpp, line 1159]
Event: 0.179 Thread 0x00007f8f62801000 Exception <a 'java/lang/NoSuchFieldError': method resolution failed> (0x000000079587d600) thrown at [/HUDSON3/workspace/8-2-build-macosx-x86_64/jdk8u20/1074/hotspot/src/share/vm/prims/methodHandles.cpp, line 1159]
Event: 0.195 Thread 0x00007f8f62801000 Exception <a 'java/security/PrivilegedActionException'> (0x00000007958cf668) thrown at [/HUDSON3/workspace/8-2-build-macosx-x86_64/jdk8u20/1074/hotspot/src/share/vm/prims/jvm.cpp, line 1275]
Event: 0.195 Thread 0x00007f8f62801000 Exception <a 'java/security/PrivilegedActionException'> (0x00000007958cf820) thrown at [/HUDSON3/workspace/8-2-build-macosx-x86_64/jdk8u20/1074/hotspot/src/share/vm/prims/jvm.cpp, line 1275]
Event: 0.196 Thread 0x00007f8f62801000 Exception <a 'java/security/PrivilegedActionException'> (0x00000007958d2a10) thrown at [/HUDSON3/workspace/8-2-build-macosx-x86_64/jdk8u20/1074/hotspot/src/share/vm/prims/jvm.cpp, line 1275]
Event: 0.196 Thread 0x00007f8f62801000 Exception <a 'java/security/PrivilegedActionException'> (0x00000007958d2bc8) thrown at [/HUDSON3/workspace/8-2-build-macosx-x86_64/jdk8u20/1074/hotspot/src/share/vm/prims/jvm.cpp, line 1275]
Event: 0.196 Thread 0x00007f8f62801000 Exception <a 'java/lang/NullPointerException'> (0x00000007958d44e0) thrown at [/HUDSON3/workspace/8-2-build-macosx-x86_64/jdk8u20/1074/hotspot/src/share/vm/interpreter/linkResolver.cpp, line 1166]
Event: 0.511 Thread 0x00007f8f6289c800 Exception <a 'java/security/PrivilegedActionException'> (0x0000000796155e18) thrown at [/HUDSON3/workspace/8-2-build-macosx-x86_64/jdk8u20/1074/hotspot/src/share/vm/prims/jvm.cpp, line 1275]
Event: 0.519 Thread 0x00007f8f62801000 Exception <a 'java/lang/reflect/InvocationTargetException'> (0x0000000795b95a30) thrown at [/HUDSON3/workspace/8-2-build-macosx-x86_64/jdk8u20/1074/hotspot/src/share/vm/runtime/reflection.cpp, line 1079]

Events (10 events):
Event: 0.544 loading class java/util/Formatter$Flags done
Event: 0.544 loading class java/util/Formatter$Conversion
Event: 0.544 loading class java/util/Formatter$Conversion done
Event: 0.545 loading class java/util/Formattable
Event: 0.545 loading class java/util/Formattable done
Event: 0.545 loading class java/util/IdentityHashMap$KeyIterator
Event: 0.545 loading class java/util/IdentityHashMap$IdentityHashMapIterator
Event: 0.545 loading class java/util/IdentityHashMap$IdentityHashMapIterator done
Event: 0.545 loading class java/util/IdentityHashMap$KeyIterator done
Event: 0.545 Executing VM operation: Exit


Dynamic libraries:
0x000000000396f000 	/System/Library/Frameworks/Cocoa.framework/Versions/A/Cocoa
0x000000000396f000 	/System/Library/Frameworks/Security.framework/Versions/A/Security
0x000000000396f000 	/System/Library/Frameworks/ApplicationServices.framework/Versions/A/ApplicationServices
0x000000000396f000 	/usr/lib/libz.1.dylib
0x000000000396f000 	/usr/lib/libSystem.B.dylib
0x000000000396f000 	/usr/lib/libobjc.A.dylib
0x000000000396f000 	/System/Library/Frameworks/CoreFoundation.framework/Versions/A/CoreFoundation
0x000000000396f000 	/System/Library/Frameworks/Foundation.framework/Versions/C/Foundation
0x000000000396f000 	/System/Library/Frameworks/AppKit.framework/Versions/C/AppKit
0x000000000396f000 	/System/Library/Frameworks/CoreData.framework/Versions/A/CoreData
0x000000000396f000 	/System/Library/PrivateFrameworks/RemoteViewServices.framework/Versions/A/RemoteViewServices
0x000000000396f000 	/System/Library/PrivateFrameworks/UIFoundation.framework/Versions/A/UIFoundation
0x000000000396f000 	/usr/lib/libScreenReader.dylib
0x000000000396f000 	/System/Library/Frameworks/Accelerate.framework/Versions/A/Accelerate
0x000000000396f000 	/System/Library/Frameworks/IOSurface.framework/Versions/A/IOSurface
0x000000000396f000 	/System/Library/Frameworks/AudioToolbox.framework/Versions/A/AudioToolbox
0x000000000396f000 	/System/Library/Frameworks/AudioUnit.framework/Versions/A/AudioUnit
0x000000000396f000 	/System/Library/PrivateFrameworks/DataDetectorsCore.framework/Versions/A/DataDetectorsCore
0x000000000396f000 	/System/Library/PrivateFrameworks/DesktopServicesPriv.framework/Versions/A/DesktopServicesPriv
0x000000000396f000 	/System/Library/Frameworks/Carbon.framework/Versions/A/Frameworks/HIToolbox.framework/Versions/A/HIToolbox
0x000000000396f000 	/System/Library/Frameworks/QuartzCore.framework/Versions/A/QuartzCore
0x000000000396f000 	/System/Library/Frameworks/Carbon.framework/Versions/A/Frameworks/SpeechRecognition.framework/Versions/A/SpeechRecognition
0x000000000396f000 	/usr/lib/libauto.dylib
0x000000000396f000 	/usr/lib/libicucore.A.dylib
0x000000000396f000 	/usr/lib/libxml2.2.dylib
0x000000000396f000 	/System/Library/PrivateFrameworks/CoreUI.framework/Versions/A/CoreUI
0x000000000396f000 	/System/Library/Frameworks/CoreAudio.framework/Versions/A/CoreAudio
0x000000000396f000 	/System/Library/Frameworks/DiskArbitration.framework/Versions/A/DiskArbitration
0x000000000396f000 	/usr/lib/liblangid.dylib
0x000000000396f000 	/System/Library/PrivateFrameworks/MultitouchSupport.framework/Versions/A/MultitouchSupport
0x000000000396f000 	/System/Library/Frameworks/IOKit.framework/Versions/A/IOKit
0x000000000396f000 	/usr/lib/libDiagnosticMessagesClient.dylib
0x000000000396f000 	/System/Library/Frameworks/CoreServices.framework/Versions/A/CoreServices
0x000000000396f000 	/System/Library/PrivateFrameworks/PerformanceAnalysis.framework/Versions/A/PerformanceAnalysis
0x000000000396f000 	/System/Library/PrivateFrameworks/GenerationalStorage.framework/Versions/A/GenerationalStorage
0x000000000396f000 	/System/Library/Frameworks/OpenGL.framework/Versions/A/OpenGL
0x000000000396f000 	/System/Library/PrivateFrameworks/Sharing.framework/Versions/A/Sharing
0x000000000396f000 	/System/Library/Frameworks/CoreGraphics.framework/Versions/A/CoreGraphics
0x000000000396f000 	/System/Library/Frameworks/CoreImage.framework/Versions/A/CoreImage
0x000000000396f000 	/System/Library/Frameworks/CoreText.framework/Versions/A/CoreText
0x000000000396f000 	/System/Library/Frameworks/ImageIO.framework/Versions/A/ImageIO
0x000000000396f000 	/System/Library/PrivateFrameworks/Backup.framework/Versions/A/Backup
0x000000000396f000 	/usr/lib/libextension.dylib
0x000000000396f000 	/usr/lib/libarchive.2.dylib
0x000000000396f000 	/System/Library/Frameworks/CFNetwork.framework/Versions/A/CFNetwork
0x000000000396f000 	/System/Library/Frameworks/SystemConfiguration.framework/Versions/A/SystemConfiguration
0x000000000396f000 	/usr/lib/libCRFSuite.dylib
0x000000000396f000 	/usr/lib/libc++.1.dylib
0x000000000396f000 	/usr/lib/libc++abi.dylib
0x000000000396f000 	/usr/lib/system/libcache.dylib
0x000000000396f000 	/usr/lib/system/libcommonCrypto.dylib
0x000000000396f000 	/usr/lib/system/libcompiler_rt.dylib
0x000000000396f000 	/usr/lib/system/libcopyfile.dylib
0x000000000396f000 	/usr/lib/system/libcorecrypto.dylib
0x000000000396f000 	/usr/lib/system/libdispatch.dylib
0x000000000396f000 	/usr/lib/system/libdyld.dylib
0x000000000396f000 	/usr/lib/system/libkeymgr.dylib
0x000000000396f000 	/usr/lib/system/liblaunch.dylib
0x000000000396f000 	/usr/lib/system/libmacho.dylib
0x000000000396f000 	/usr/lib/system/libquarantine.dylib
0x000000000396f000 	/usr/lib/system/libremovefile.dylib
0x000000000396f000 	/usr/lib/system/libsystem_asl.dylib
0x000000000396f000 	/usr/lib/system/libsystem_blocks.dylib
0x000000000396f000 	/usr/lib/system/libsystem_c.dylib
0x000000000396f000 	/usr/lib/system/libsystem_configuration.dylib
0x000000000396f000 	/usr/lib/system/libsystem_coreservices.dylib
0x000000000396f000 	/usr/lib/system/libsystem_coretls.dylib
0x000000000396f000 	/usr/lib/system/libsystem_dnssd.dylib
0x000000000396f000 	/usr/lib/system/libsystem_info.dylib
0x000000000396f000 	/usr/lib/system/libsystem_kernel.dylib
0x000000000396f000 	/usr/lib/system/libsystem_m.dylib
0x000000000396f000 	/usr/lib/system/libsystem_malloc.dylib
0x000000000396f000 	/usr/lib/system/libsystem_network.dylib
0x000000000396f000 	/usr/lib/system/libsystem_networkextension.dylib
0x000000000396f000 	/usr/lib/system/libsystem_notify.dylib
0x000000000396f000 	/usr/lib/system/libsystem_platform.dylib
0x000000000396f000 	/usr/lib/system/libsystem_pthread.dylib
0x000000000396f000 	/usr/lib/system/libsystem_sandbox.dylib
0x000000000396f000 	/usr/lib/system/libsystem_secinit.dylib
0x000000000396f000 	/usr/lib/system/libsystem_trace.dylib
0x000000000396f000 	/usr/lib/system/libunc.dylib
0x000000000396f000 	/usr/lib/system/libunwind.dylib
0x000000000396f000 	/usr/lib/system/libxpc.dylib
0x000000000396f000 	/usr/lib/libenergytrace.dylib
0x000000000396f000 	/usr/lib/libbsm.0.dylib
0x000000000396f000 	/usr/lib/system/libkxld.dylib
0x000000000396f000 	/usr/lib/libxar.1.dylib
0x000000000396f000 	/usr/lib/libsqlite3.dylib
0x000000000396f000 	/usr/lib/libpam.2.dylib
0x000000000396f000 	/usr/lib/libOpenScriptingUtil.dylib
0x000000000396f000 	/usr/lib/libbz2.1.0.dylib
0x000000000396f000 	/usr/lib/liblzma.5.dylib
0x000000000396f000 	/System/Library/Frameworks/CoreServices.framework/Versions/A/Frameworks/FSEvents.framework/Versions/A/FSEvents
0x000000000396f000 	/System/Library/Frameworks/CoreServices.framework/Versions/A/Frameworks/CarbonCore.framework/Versions/A/CarbonCore
0x000000000396f000 	/System/Library/Frameworks/CoreServices.framework/Versions/A/Frameworks/Metadata.framework/Versions/A/Metadata
0x000000000396f000 	/System/Library/Frameworks/CoreServices.framework/Versions/A/Frameworks/OSServices.framework/Versions/A/OSServices
0x000000000396f000 	/System/Library/Frameworks/CoreServices.framework/Versions/A/Frameworks/SearchKit.framework/Versions/A/SearchKit
0x000000000396f000 	/System/Library/Frameworks/CoreServices.framework/Versions/A/Frameworks/AE.framework/Versions/A/AE
0x000000000396f000 	/System/Library/Frameworks/CoreServices.framework/Versions/A/Frameworks/LaunchServices.framework/Versions/A/LaunchServices
0x000000000396f000 	/System/Library/Frameworks/CoreServices.framework/Versions/A/Frameworks/DictionaryServices.framework/Versions/A/DictionaryServices
0x000000000396f000 	/System/Library/Frameworks/CoreServices.framework/Versions/A/Frameworks/SharedFileList.framework/Versions/A/SharedFileList
0x000000000396f000 	/System/Library/Frameworks/NetFS.framework/Versions/A/NetFS
0x000000000396f000 	/System/Library/PrivateFrameworks/NetAuth.framework/Versions/A/NetAuth
0x000000000396f000 	/System/Library/PrivateFrameworks/login.framework/Versions/A/Frameworks/loginsupport.framework/Versions/A/loginsupport
0x000000000396f000 	/System/Library/PrivateFrameworks/TCC.framework/Versions/A/TCC
0x000000000396f000 	/usr/lib/libmecabra.dylib
0x000000000396f000 	/System/Library/Frameworks/ApplicationServices.framework/Versions/A/Frameworks/ATS.framework/Versions/A/ATS
0x000000000396f000 	/System/Library/Frameworks/ApplicationServices.framework/Versions/A/Frameworks/ColorSync.framework/Versions/A/ColorSync
0x000000000396f000 	/System/Library/Frameworks/ApplicationServices.framework/Versions/A/Frameworks/HIServices.framework/Versions/A/HIServices
0x000000000396f000 	/System/Library/Frameworks/ApplicationServices.framework/Versions/A/Frameworks/LangAnalysis.framework/Versions/A/LangAnalysis
0x000000000396f000 	/System/Library/Frameworks/ApplicationServices.framework/Versions/A/Frameworks/PrintCore.framework/Versions/A/PrintCore
0x000000000396f000 	/System/Library/Frameworks/ApplicationServices.framework/Versions/A/Frameworks/QD.framework/Versions/A/QD
0x000000000396f000 	/System/Library/Frameworks/ApplicationServices.framework/Versions/A/Frameworks/SpeechSynthesis.framework/Versions/A/SpeechSynthesis
0x000000000396f000 	/System/Library/Frameworks/Metal.framework/Versions/A/Metal
0x000000000396f000 	/System/Library/Frameworks/Accelerate.framework/Versions/A/Frameworks/vImage.framework/Versions/A/vImage
0x000000000396f000 	/System/Library/Frameworks/Accelerate.framework/Versions/A/Frameworks/vecLib.framework/Versions/A/vecLib
0x000000000396f000 	/System/Library/Frameworks/Accelerate.framework/Versions/A/Frameworks/vecLib.framework/Versions/A/libvDSP.dylib
0x000000000396f000 	/System/Library/Frameworks/Accelerate.framework/Versions/A/Frameworks/vecLib.framework/Versions/A/libvMisc.dylib
0x000000000396f000 	/System/Library/Frameworks/Accelerate.framework/Versions/A/Frameworks/vecLib.framework/Versions/A/libLAPACK.dylib
0x000000000396f000 	/System/Library/Frameworks/Accelerate.framework/Versions/A/Frameworks/vecLib.framework/Versions/A/libBLAS.dylib
0x000000000396f000 	/System/Library/Frameworks/Accelerate.framework/Versions/A/Frameworks/vecLib.framework/Versions/A/libLinearAlgebra.dylib
0x000000000396f000 	/System/Library/Frameworks/Accelerate.framework/Versions/A/Frameworks/vecLib.framework/Versions/A/libSparseBLAS.dylib
0x000000000396f000 	/System/Library/PrivateFrameworks/GPUCompiler.framework/libmetal_timestamp.dylib
0x000000000396f000 	/System/Library/Frameworks/OpenGL.framework/Versions/A/Libraries/libCoreFSCache.dylib
0x000000000396f000 	/System/Library/PrivateFrameworks/IOAccelerator.framework/Versions/A/IOAccelerator
0x000000000396f000 	/System/Library/Frameworks/ApplicationServices.framework/Versions/A/Frameworks/ATS.framework/Versions/A/Resources/libFontParser.dylib
0x000000000396f000 	/System/Library/Frameworks/ApplicationServices.framework/Versions/A/Frameworks/ATS.framework/Versions/A/Resources/libFontRegistry.dylib
0x000000000396f000 	/System/Library/PrivateFrameworks/AppleVPA.framework/Versions/A/AppleVPA
0x000000000396f000 	/System/Library/PrivateFrameworks/AppleJPEG.framework/Versions/A/AppleJPEG
0x000000000396f000 	/System/Library/Frameworks/ImageIO.framework/Versions/A/Resources/libJPEG.dylib
0x000000000396f000 	/System/Library/Frameworks/ImageIO.framework/Versions/A/Resources/libTIFF.dylib
0x000000000396f000 	/System/Library/Frameworks/ImageIO.framework/Versions/A/Resources/libPng.dylib
0x000000000396f000 	/System/Library/Frameworks/ImageIO.framework/Versions/A/Resources/libGIF.dylib
0x000000000396f000 	/System/Library/Frameworks/ImageIO.framework/Versions/A/Resources/libJP2.dylib
0x000000000396f000 	/System/Library/Frameworks/ImageIO.framework/Versions/A/Resources/libRadiance.dylib
0x000000000396f000 	/System/Library/Frameworks/CoreVideo.framework/Versions/A/CoreVideo
0x000000000396f000 	/System/Library/Frameworks/OpenGL.framework/Versions/A/Libraries/libGLU.dylib
0x000000000396f000 	/System/Library/Frameworks/OpenGL.framework/Versions/A/Libraries/libGFXShared.dylib
0x000000000396f000 	/System/Library/Frameworks/OpenGL.framework/Versions/A/Libraries/libGL.dylib
0x000000000396f000 	/System/Library/Frameworks/OpenGL.framework/Versions/A/Libraries/libGLImage.dylib
0x000000000396f000 	/System/Library/Frameworks/OpenGL.framework/Versions/A/Libraries/libCVMSPluginSupport.dylib
0x000000000396f000 	/System/Library/Frameworks/OpenGL.framework/Versions/A/Libraries/libCoreVMClient.dylib
0x000000000396f000 	/usr/lib/libcompression.dylib
0x000000000396f000 	/usr/lib/libcups.2.dylib
0x000000000396f000 	/System/Library/Frameworks/Kerberos.framework/Versions/A/Kerberos
0x000000000396f000 	/System/Library/Frameworks/GSS.framework/Versions/A/GSS
0x000000000396f000 	/usr/lib/libresolv.9.dylib
0x000000000396f000 	/usr/lib/libiconv.2.dylib
0x000000000396f000 	/System/Library/PrivateFrameworks/Heimdal.framework/Versions/A/Heimdal
0x000000000396f000 	/usr/lib/libheimdal-asn1.dylib
0x000000000396f000 	/System/Library/Frameworks/OpenDirectory.framework/Versions/A/OpenDirectory
0x000000000396f000 	/System/Library/PrivateFrameworks/CommonAuth.framework/Versions/A/CommonAuth
0x000000000396f000 	/System/Library/Frameworks/OpenDirectory.framework/Versions/A/Frameworks/CFOpenDirectory.framework/Versions/A/CFOpenDirectory
0x000000000396f000 	/System/Library/Frameworks/SecurityFoundation.framework/Versions/A/SecurityFoundation
0x000000000396f000 	/System/Library/PrivateFrameworks/LanguageModeling.framework/Versions/A/LanguageModeling
0x000000000396f000 	/usr/lib/libmarisa.dylib
0x000000000396f000 	/usr/lib/libChineseTokenizer.dylib
0x000000000396f000 	/usr/lib/libcmph.dylib
0x000000000396f000 	/System/Library/Frameworks/ServiceManagement.framework/Versions/A/ServiceManagement
0x000000000396f000 	/usr/lib/libxslt.1.dylib
0x000000000396f000 	/System/Library/Frameworks/Carbon.framework/Versions/A/Frameworks/Ink.framework/Versions/A/Ink
0x000000000396f000 	/usr/lib/libFosl_dynamic.dylib
0x000000000396f000 	/System/Library/PrivateFrameworks/FaceCore.framework/Versions/A/FaceCore
0x000000000396f000 	/System/Library/Frameworks/OpenCL.framework/Versions/A/OpenCL
0x000000000396f000 	/System/Library/PrivateFrameworks/CrashReporterSupport.framework/Versions/A/CrashReporterSupport
0x000000000396f000 	/System/Library/PrivateFrameworks/IconServices.framework/Versions/A/IconServices
0x000000000396f000 	/System/Library/PrivateFrameworks/Apple80211.framework/Versions/A/Apple80211
0x000000000396f000 	/System/Library/Frameworks/CoreWLAN.framework/Versions/A/CoreWLAN
0x000000000396f000 	/System/Library/Frameworks/IOBluetooth.framework/Versions/A/IOBluetooth
0x000000000396f000 	/System/Library/PrivateFrameworks/CoreWiFi.framework/Versions/A/CoreWiFi
0x000000000396f000 	/System/Library/Frameworks/CoreBluetooth.framework/Versions/A/CoreBluetooth
0x000000000396f000 	/System/Library/PrivateFrameworks/ChunkingLibrary.framework/Versions/A/ChunkingLibrary
0x000000000396f000 	/System/Library/PrivateFrameworks/DebugSymbols.framework/Versions/A/DebugSymbols
0x000000000396f000 	/System/Library/PrivateFrameworks/CoreSymbolication.framework/Versions/A/CoreSymbolication
0x000000000396f000 	/System/Library/PrivateFrameworks/Symbolication.framework/Versions/A/Symbolication
0x000000000396f000 	/System/Library/PrivateFrameworks/SpeechRecognitionCore.framework/Versions/A/SpeechRecognitionCore
0x0000000103600000 	/Library/Java/JavaVirtualMachines/jdk1.8.0_20.jdk/Contents/Home/jre/lib/server/libjvm.dylib
0x000000000396f000 	/usr/lib/libstdc++.6.dylib
0x0000000102cab000 	/Library/Java/JavaVirtualMachines/jdk1.8.0_20.jdk/Contents/Home/jre/lib/libverify.dylib
0x0000000102cb9000 	/Library/Java/JavaVirtualMachines/jdk1.8.0_20.jdk/Contents/Home/jre/lib/libjava.dylib
0x0000000102cf7000 	/Library/Java/JavaVirtualMachines/jdk1.8.0_20.jdk/Contents/Home/jre/lib/libzip.dylib
0x0000000119d7e000 	/System/Library/Frameworks/JavaVM.framework/Frameworks/JavaRuntimeSupport.framework/JavaRuntimeSupport
0x0000000119d99000 	/System/Library/Frameworks/JavaVM.framework/Versions/A/Frameworks/JavaNativeFoundation.framework/Versions/A/JavaNativeFoundation
0x0000000119dae000 	/System/Library/Frameworks/JavaVM.framework/Versions/A/JavaVM
0x000000000396f000 	/System/Library/Frameworks/Carbon.framework/Versions/A/Carbon
0x0000000119dbb000 	/System/Library/PrivateFrameworks/JavaLaunching.framework/Versions/A/JavaLaunching
0x000000000396f000 	/System/Library/Frameworks/Carbon.framework/Versions/A/Frameworks/CommonPanels.framework/Versions/A/CommonPanels
0x000000000396f000 	/System/Library/Frameworks/Carbon.framework/Versions/A/Frameworks/Help.framework/Versions/A/Help
0x000000000396f000 	/System/Library/Frameworks/Carbon.framework/Versions/A/Frameworks/ImageCapture.framework/Versions/A/ImageCapture
0x000000000396f000 	/System/Library/Frameworks/Carbon.framework/Versions/A/Frameworks/OpenScripting.framework/Versions/A/OpenScripting
0x000000000396f000 	/System/Library/Frameworks/Carbon.framework/Versions/A/Frameworks/Print.framework/Versions/A/Print
0x000000000396f000 	/System/Library/Frameworks/Carbon.framework/Versions/A/Frameworks/SecurityHI.framework/Versions/A/SecurityHI
0x000000011b7a3000 	/Library/Java/JavaVirtualMachines/jdk1.8.0_20.jdk/Contents/Home/jre/lib/libprism_es2.dylib
0x000000000396f000 	/System/Library/Frameworks/OpenGL.framework/Versions/A/Resources/GLEngine.bundle/GLEngine
0x000000000396f000 	/System/Library/Frameworks/OpenGL.framework/Versions/A/Libraries/libGLProgrammability.dylib
0x000000011b824000 	/System/Library/Extensions/AppleIntelHD3000GraphicsGLDriver.bundle/Contents/MacOS/AppleIntelHD3000GraphicsGLDriver
0x000000000396f000 	/System/Library/PrivateFrameworks/GPUSupport.framework/Versions/A/Libraries/libGPUSupport.dylib
0x000000000396f000 	/System/Library/Frameworks/OpenGL.framework/Versions/A/Resources/GLRendererFloat.bundle/GLRendererFloat
0x000000000396f000 	/System/Library/Frameworks/OpenCL.framework/Versions/A/Libraries/libcldcpuengine.dylib
0x000000000396f000 	/System/Library/PrivateFrameworks/DiskImages.framework/Versions/A/DiskImages
0x000000000396f000 	/System/Library/Frameworks/DiscRecording.framework/Versions/A/DiscRecording
0x000000000396f000 	/usr/lib/libcsfde.dylib
0x000000000396f000 	/usr/lib/libcurl.4.dylib
0x000000000396f000 	/System/Library/PrivateFrameworks/MediaKit.framework/Versions/A/MediaKit
0x000000000396f000 	/System/Library/PrivateFrameworks/ProtectedCloudStorage.framework/Versions/A/ProtectedCloudStorage
0x000000000396f000 	/usr/lib/libCoreStorage.dylib
0x000000000396f000 	/System/Library/PrivateFrameworks/EFILogin.framework/Versions/A/EFILogin
0x000000000396f000 	/usr/lib/libutil.dylib
0x000000000396f000 	/System/Library/PrivateFrameworks/FindMyDevice.framework/Versions/A/FindMyDevice
0x000000000396f000 	/System/Library/Frameworks/LDAP.framework/Versions/A/LDAP
0x000000000396f000 	/usr/lib/libsasl2.2.dylib
0x000000000396f000 	/System/Library/PrivateFrameworks/CoreDaemon.framework/Versions/B/CoreDaemon
0x000000000396f000 	/usr/lib/libcrypto.0.9.8.dylib
0x000000000396f000 	/System/Library/PrivateFrameworks/AppleSRP.framework/Versions/A/AppleSRP
0x000000000396f000 	/System/Library/PrivateFrameworks/TrustEvaluationAgent.framework/Versions/A/TrustEvaluationAgent
0x000000011bea4000 	/Library/Java/JavaVirtualMachines/jdk1.8.0_20.jdk/Contents/Home/jre/lib/libglass.dylib
0x000000000396f000 	/System/Library/PrivateFrameworks/CoreServicesInternal.framework/Versions/A/CoreServicesInternal
0x000000000396f000 	/System/Library/CoreServices/RawCamera.bundle/Contents/MacOS/RawCamera
0x000000000396f000 	/System/Library/Frameworks/CoreGraphics.framework/Versions/A/Resources/libRIP.A.dylib
0x000000000396f000 	/System/Library/Frameworks/Accelerate.framework/Versions/A/Frameworks/vImage.framework/Versions/A/Libraries/libCGInterfaces.dylib
0x000000000396f000 	/System/Library/PrivateFrameworks/FamilyControls.framework/Versions/A/FamilyControls
0x000000000396f000 	/System/Library/PrivateFrameworks/CommerceKit.framework/Versions/A/Frameworks/CommerceCore.framework/Versions/A/CommerceCore
0x000000000396f000 	/System/Library/PrivateFrameworks/SystemAdministration.framework/Versions/A/SystemAdministration
0x000000000396f000 	/System/Library/PrivateFrameworks/AppContainer.framework/Versions/A/AppContainer
0x000000000396f000 	/System/Library/PrivateFrameworks/SecCodeWrapper.framework/Versions/A/SecCodeWrapper
0x000000000396f000 	/System/Library/Frameworks/DirectoryService.framework/Versions/A/DirectoryService
0x000000000396f000 	/System/Library/PrivateFrameworks/LoginUIKit.framework/Versions/A/Frameworks/LoginUICore.framework/Versions/A/LoginUICore
0x000000000396f000 	/usr/lib/libodfde.dylib

VM Arguments:
jvm_args: -Dfile.encoding=UTF-8 
java_command: gui.MainGameFX
java_class_path (initial): /Users/halilcenik/git/boardies/bin:/Users/halilcenik/.p2/pool/plugins/org.junit_4.12.0.v201504281640/junit.jar:/Users/halilcenik/.p2/pool/plugins/org.hamcrest.core_1.3.0.v201303031735.jar
Launcher Type: SUN_STANDARD

Environment Variables:
PATH=/usr/bin:/bin:/usr/sbin:/sbin
SHELL=/bin/bash
DISPLAY=/private/tmp/com.apple.launchd.oFsgBudFvr/org.macosforge.xquartz:0

Signal Handlers:
SIGSEGV: [libjvm.dylib+0x578fd7], sa_mask[0]=11111111011111110111111111111111, sa_flags=SA_ONSTACK|SA_RESTART|SA_SIGINFO
SIGBUS: [libjvm.dylib+0x578fd7], sa_mask[0]=11111111011111110111111111111111, sa_flags=SA_RESTART|SA_SIGINFO
SIGFPE: [libjvm.dylib+0x45ab0c], sa_mask[0]=11111111011111110111111111111111, sa_flags=SA_RESTART|SA_SIGINFO
SIGPIPE: [libjvm.dylib+0x45ab0c], sa_mask[0]=11111111011111110111111111111111, sa_flags=SA_RESTART|SA_SIGINFO
SIGXFSZ: [libjvm.dylib+0x45ab0c], sa_mask[0]=11111111011111110111111111111111, sa_flags=SA_RESTART|SA_SIGINFO
SIGILL: [libjvm.dylib+0x45ab0c], sa_mask[0]=11111111011111110111111111111111, sa_flags=SA_RESTART|SA_SIGINFO
SIGUSR1: SIG_DFL, sa_mask[0]=00000000000000000000000000000000, sa_flags=none
SIGUSR2: [libjvm.dylib+0x45a62a], sa_mask[0]=00100000000000000000000000000000, sa_flags=SA_RESTART|SA_SIGINFO
SIGHUP: [libjvm.dylib+0x458bfd], sa_mask[0]=11111111011111110111111111111111, sa_flags=SA_RESTART|SA_SIGINFO
SIGINT: [libjvm.dylib+0x458bfd], sa_mask[0]=11111111011111110111111111111111, sa_flags=SA_RESTART|SA_SIGINFO
SIGTERM: [libjvm.dylib+0x458bfd], sa_mask[0]=11111111011111110111111111111111, sa_flags=SA_RESTART|SA_SIGINFO
SIGQUIT: [libjvm.dylib+0x458bfd], sa_mask[0]=11111111011111110111111111111111, sa_flags=SA_RESTART|SA_SIGINFO


---------------  S Y S T E M  ---------------

OS:Bsduname:Darwin 15.6.0 Darwin Kernel Version 15.6.0: Thu Jun 23 18:25:34 PDT 2016; root:xnu-3248.60.10~1/RELEASE_X86_64 x86_64
rlimit: STACK 8192k, CORE 0k, NPROC 709, NOFILE 10240, AS infinity
load average:1.69 1.59 1.71

CPU:total 4 (2 cores per cpu, 2 threads per core) family 6 model 42 stepping 7, cmov, cx8, fxsr, mmx, sse, sse2, sse3, ssse3, sse4.1, sse4.2, popcnt, avx, aes, clmul, ht, tsc, tscinvbit

Memory: 4k page, physical 8388608k(822392k free)

/proc/meminfo:


vm_info: Java HotSpot(TM) 64-Bit Server VM (25.20-b23) for bsd-amd64 JRE (1.8.0_20-b26), built on Jul 30 2014 13:37:47 by "java_re" with gcc 4.2.1 (Based on Apple Inc. build 5658) (LLVM build 2336.9.00)

time: Fri Oct  6 15:51:51 2017
elapsed time: 0 seconds (0d 0h 0m 0s)

