#
# A fatal error has been detected by the Java Runtime Environment:
#
#  SIGSEGV (0xb) at pc=0x000000011e511381, pid=20571, tid=2571
#
# JRE version: Java(TM) SE Runtime Environment (8.0_20-b26) (build 1.8.0_20-b26)
# Java VM: Java HotSpot(TM) 64-Bit Server VM (25.20-b23 mixed mode bsd-amd64 compressed oops)
# Problematic frame:
# C  [libglass.dylib+0x16381]  GlassScreenDidChangeScreenParameters+0x21
#
# Failed to write core dump. Core dumps have been disabled. To enable core dumping, try "ulimit -c unlimited" before starting Java again
#
# If you would like to submit a bug report, please visit:
#   http://bugreport.sun.com/bugreport/crash.jsp
#

---------------  T H R E A D  ---------------

Current thread is native thread

siginfo: si_signo: 11 (SIGSEGV), si_code: 1 (SEGV_MAPERR), si_addr: 0x0000000000000000

Registers:
RAX=0x000000011e543d48, RBX=0x0000000000000000, RCX=0x0000000000000103, RDX=0x0000010000000100
RSP=0x00007fff5ab79b60, RBP=0x00007fff5ab79b70, RSI=0x00007fd448412748, RDI=0x0000000000000000
R8 =0x0000000000000040, R9 =0x00007fff72c9d1e0, R10=0xffffffffffffffff, R11=0x0000000000000246
R12=0x00007fd44854d240, R13=0x00007fd448798030, R14=0x00007fd4487980f0, R15=0x0000000000000000
RIP=0x000000011e511381, EFLAGS=0x0000000000010246, ERR=0x0000000000000004
  TRAPNO=0x000000000000000e

Top of Stack: (sp=0x00007fff5ab79b60)
0x00007fff5ab79b60:   00007fff5ab79bb8 00007fd4487980f0
0x00007fff5ab79b70:   00007fff5ab79b80 00007fff84ca2bbc
0x00007fff5ab79b80:   00007fff5ab79ba0 00007fff84ca2b4f
0x00007fff5ab79b90:   0000000000000000 0000000000000000
0x00007fff5ab79ba0:   00007fff5ab79c10 00007fff84ca2ac7
0x00007fff5ab79bb0:   00007fff850636c0 00007fff73ef00a0
0x00007fff5ab79bc0:   0000000042000000 00007fff84ca2b10
0x00007fff5ab79bd0:   00007fff710d9720 00007fd448798030
0x00007fff5ab79be0:   00007fd44854d240 00007fff5ab7a3b8
0x00007fff5ab79bf0:   00007fff71206780 00007fff5ab7a3b8
0x00007fff5ab79c00:   00007fd448798030 00007fff850629e2
0x00007fff5ab79c10:   00007fff5ab79c50 00007fff84ca2832
0x00007fff5ab79c20:   00007fff5ab7a230 0000000000000000
0x00007fff5ab79c30:   00007fff71206780 00007fff5ab7a3b8
0x00007fff5ab79c40:   00007fff8e81d4c0 00007fff850629e2
0x00007fff5ab79c50:   00007fff5ab7a360 00007fff84c5f5e2
0x00007fff5ab79c60:   00007fd448554200 0000000000000003
0x00007fff5ab79c70:   0000000000000000 00007fd4487261d0
0x00007fff5ab79c80:   00007fd448804058 00007fd4484698d0
0x00007fff5ab79c90:   0000000000000000 00007fd448798150
0x00007fff5ab79ca0:   0000000000000000 0000000000000000
0x00007fff5ab79cb0:   00007fff71116bc0 00007fff5ab7a230
0x00007fff5ab79cc0:   0000000000000001 0000000000000100
0x00007fff5ab79cd0:   000000010509d000 00007fff5ab7a130
0x00007fff5ab79ce0:   0000000000000000 0000000000000100
0x00007fff5ab79cf0:   0000000000000400 00007fff71206780
0x00007fff5ab79d00:   0000000000000000 00007fff710da500
0x00007fff5ab79d10:   00007fff71206780 0000000000000000
0x00007fff5ab79d20:   00007fff710da500 0000000000000410
0x00007fff5ab79d30:   00007fff5ab79d50 00007fff8d2fa1ab
0x00007fff5ab79d40:   000000000047e301 00007fff73969300
0x00007fff5ab79d50:   000000000047e300 000000008e824cd2 

Instructions: (pc=0x000000011e511381)
0x000000011e511361:   48 89 e5 41 56 53 48 8d 05 d2 2a 03 00 48 83 38
0x000000011e511371:   00 48 89 fb 75 72 48 8d 05 ca 29 03 00 48 8b 30
0x000000011e511381:   48 8b 03 48 8d 15 7c 99 01 00 48 8d 0d 5e 6f 01
0x000000011e511391:   00 48 89 df ff 90 88 03 00 00 48 8d 0d 9e 2a 03 

Register to memory mapping:

RAX=0x000000011e543d48: jScreenClass+0 in /Library/Java/JavaVirtualMachines/jdk1.8.0_20.jdk/Contents/Home/jre/lib/libglass.dylib at 0x000000011e4fb000
RBX=0x0000000000000000 is an unknown value
RCX=0x0000000000000103 is an unknown value
RDX=0x0000010000000100 is an unknown value
RSP=0x00007fff5ab79b60 is an unknown value
RBP=0x00007fff5ab79b70 is an unknown value
RSI=0x00007fd448412748 is a global jni handle
RDI=0x0000000000000000 is an unknown value
R8 =0x0000000000000040 is an unknown value
R9 =0x00007fff72c9d1e0: __sFX+0x1c0 in /usr/lib/system/libsystem_c.dylib at 0x00007fff8c8fa000
R10=0xffffffffffffffff is an unknown value
R11=0x0000000000000246 is an unknown value
R12=0x00007fd44854d240 is an unknown value
R13=0x00007fd448798030 is an unknown value
R14=0x00007fd4487980f0 is an unknown value
R15=0x0000000000000000 is an unknown value


Stack: [0x00007fff5a37d000,0x00007fff5ab7d000],  sp=0x00007fff5ab79b60,  free space=8178k
Native frames: (J=compiled Java code, j=interpreted, Vv=VM code, C=native code)
C  [libglass.dylib+0x16381]  GlassScreenDidChangeScreenParameters+0x21
C  [CoreFoundation+0xa0bbc]  __CFNOTIFICATIONCENTER_IS_CALLING_OUT_TO_AN_OBSERVER__+0xc
C  [CoreFoundation+0xa0b4f]  ___CFXRegistrationPost_block_invoke+0x3f
C  [CoreFoundation+0xa0ac7]  _CFXRegistrationPost+0x197
C  [CoreFoundation+0xa0832]  ___CFXNotificationPost_block_invoke+0x32
C  [CoreFoundation+0x5d5e2]  -[_CFXNotificationRegistrar find:object:observer:enumerator:]+0x782
C  [CoreFoundation+0x5c835]  _CFXNotificationPost+0x2b5
C  [Foundation+0x717a]  -[NSNotificationCenter postNotificationName:object:userInfo:]+0x42
C  [AppKit+0x41c08b]  -[NSApplication _reactToScreenInvalidationImmediately:]+0x17f
C  [AppKit+0x41bedc]  __44-[NSApplication _reactToScreenInvalidation:]_block_invoke+0x3b
C  [CoreFoundation+0xaa4ac]  __CFRUNLOOP_IS_CALLING_OUT_TO_A_BLOCK__+0xc
C  [CoreFoundation+0x89d05]  __CFRunLoopDoBlocks+0x155
C  [CoreFoundation+0x89a6b]  __CFRunLoopRun+0x92b
C  [CoreFoundation+0x88ed8]  CFRunLoopRunSpecific+0x128
C  [java+0x56cc]  CreateExecutionEnvironment+0x367
C  [java+0x165c]  JLI_Launch+0x7a0
C  [java+0x768a]  main+0x65
C  [java+0xeb4]  start+0x34


---------------  P R O C E S S  ---------------

VM state:not at safepoint (normal execution)

VM Mutex/Monitor currently owned by a thread: None

Heap:
 PSYoungGen      total 38400K, used 25203K [0x0000000795580000, 0x0000000798000000, 0x00000007c0000000)
  eden space 33280K, 67% used [0x0000000795580000,0x0000000796b6cc98,0x0000000797600000)
  from space 5120K, 53% used [0x0000000797600000,0x00000007978b0050,0x0000000797b00000)
  to   space 5120K, 0% used [0x0000000797b00000,0x0000000797b00000,0x0000000798000000)
 ParOldGen       total 87552K, used 14542K [0x0000000740000000, 0x0000000745580000, 0x0000000795580000)
  object space 87552K, 16% used [0x0000000740000000,0x0000000740e33950,0x0000000745580000)
 Metaspace       used 16715K, capacity 17412K, committed 17536K, reserved 1064960K
  class space    used 2478K, capacity 2635K, committed 2688K, reserved 1048576K

Card table byte_map: [0x0000000115edb000,0x00000001162dc000] byte_map_base: 0x00000001124db000

Marking Bits: (ParMarkBitMap*) 0x000000010649c330
 Begin Bits: [0x0000000116587000, 0x0000000118587000)
 End Bits:   [0x0000000118587000, 0x000000011a587000)

Polling page: 0x0000000105344000

CodeCache: size=245760Kb used=4957Kb max_used=4957Kb free=240803Kb
 bounds [0x0000000106b1b000, 0x0000000106ffb000, 0x0000000115b1b000]
 total_blobs=2206 nmethods=1565 adapters=555
 compilation: enabled

Compilation events (10 events):
Event: 8.518 Thread 0x00007fd448843800 nmethod 1561 0x0000000106ff10d0 code [0x0000000106ff1240, 0x0000000106ff13f0]
Event: 8.518 Thread 0x00007fd448843800 1563       1       java.util.concurrent.locks.AbstractOwnableSynchronizer::getExclusiveOwnerThread (5 bytes)
Event: 8.518 Thread 0x00007fd448843800 nmethod 1563 0x0000000106ff1450 code [0x0000000106ff15a0, 0x0000000106ff16b0]
Event: 8.521 Thread 0x00007fd448843800 1564       3       com.sun.javafx.event.EventDispatchChainImpl::dispatchEvent (101 bytes)
Event: 8.522 Thread 0x00007fd448843800 nmethod 1564 0x0000000106ff1710 code [0x0000000106ff18a0, 0x0000000106ff1ba8]
Event: 8.523 Thread 0x00007fd448842800 nmethod 1562 0x0000000106ff2d90 code [0x0000000106ff2f20, 0x0000000106ff32f8]
Event: 8.523 Thread 0x00007fd448843800 1565       1       java.util.Arrays$ArrayList::size (6 bytes)
Event: 8.523 Thread 0x00007fd448843800 nmethod 1565 0x0000000106ff2a90 code [0x0000000106ff2be0, 0x0000000106ff2cf0]
Event: 8.527 Thread 0x00007fd448843800 1566       3       java.lang.invoke.DirectMethodHandle::make (199 bytes)
Event: 8.530 Thread 0x00007fd448843800 nmethod 1566 0x0000000106ff3590 code [0x0000000106ff38c0, 0x0000000106ff50c8]

GC Heap History (2 events):
Event: 2.250 GC heap before
{Heap before GC invocations=1 (full 0):
 PSYoungGen      total 38400K, used 33280K [0x0000000795580000, 0x0000000798000000, 0x00000007c0000000)
  eden space 33280K, 100% used [0x0000000795580000,0x0000000797600000,0x0000000797600000)
  from space 5120K, 0% used [0x0000000797b00000,0x0000000797b00000,0x0000000798000000)
  to   space 5120K, 0% used [0x0000000797600000,0x0000000797600000,0x0000000797b00000)
 ParOldGen       total 87552K, used 0K [0x0000000740000000, 0x0000000745580000, 0x0000000795580000)
  object space 87552K, 0% used [0x0000000740000000,0x0000000740000000,0x0000000745580000)
 Metaspace       used 9568K, capacity 9976K, committed 10112K, reserved 1058816K
  class space    used 1232K, capacity 1328K, committed 1408K, reserved 1048576K
Event: 2.270 GC heap after
Heap after GC invocations=1 (full 0):
 PSYoungGen      total 38400K, used 2752K [0x0000000795580000, 0x0000000798000000, 0x00000007c0000000)
  eden space 33280K, 0% used [0x0000000795580000,0x0000000795580000,0x0000000797600000)
  from space 5120K, 53% used [0x0000000797600000,0x00000007978b0050,0x0000000797b00000)
  to   space 5120K, 0% used [0x0000000797b00000,0x0000000797b00000,0x0000000798000000)
 ParOldGen       total 87552K, used 14542K [0x0000000740000000, 0x0000000745580000, 0x0000000795580000)
  object space 87552K, 16% used [0x0000000740000000,0x0000000740e33950,0x0000000745580000)
 Metaspace       used 9568K, capacity 9976K, committed 10112K, reserved 1058816K
  class space    used 1232K, capacity 1328K, committed 1408K, reserved 1048576K
}

Deoptimization events (10 events):
Event: 2.930 Thread 0x00007fd44a194800 Uncommon trap: reason=class_check action=maybe_recompile pc=0x0000000106c40adc method=java.lang.String.equals(Ljava/lang/Object;)Z @ 8
Event: 2.930 Thread 0x00007fd44a194800 Uncommon trap: reason=class_check action=maybe_recompile pc=0x0000000106c40adc method=java.lang.String.equals(Ljava/lang/Object;)Z @ 8
Event: 2.931 Thread 0x00007fd44a194800 Uncommon trap: reason=class_check action=maybe_recompile pc=0x0000000106c40adc method=java.lang.String.equals(Ljava/lang/Object;)Z @ 8
Event: 2.931 Thread 0x00007fd44a194800 Uncommon trap: reason=speculate_class_check action=maybe_recompile pc=0x0000000106e4e20c method=com.sun.javafx.css.BitSet.containsAll(Ljava/util/Collection;)Z @ 18
Event: 2.931 Thread 0x00007fd44a194800 Uncommon trap: reason=speculate_class_check action=maybe_recompile pc=0x0000000106e4e20c method=com.sun.javafx.css.BitSet.containsAll(Ljava/util/Collection;)Z @ 18
Event: 2.931 Thread 0x00007fd44a194800 Uncommon trap: reason=class_check action=maybe_recompile pc=0x0000000106c40adc method=java.lang.String.equals(Ljava/lang/Object;)Z @ 8
Event: 3.205 Thread 0x00007fd44a194800 Uncommon trap: reason=unloaded action=reinterpret pc=0x0000000106d6bcd8 method=java.lang.CharacterData.of(I)Ljava/lang/CharacterData; @ 96
Event: 3.357 Thread 0x00007fd44a194800 Uncommon trap: reason=unreached action=reinterpret pc=0x0000000106e04bd0 method=java.util.HashMap.hash(Ljava/lang/Object;)I @ 1
Event: 3.357 Thread 0x00007fd44a194800 Uncommon trap: reason=unreached action=reinterpret pc=0x0000000106e844f0 method=java.util.HashMap.hash(Ljava/lang/Object;)I @ 1
Event: 3.393 Thread 0x00007fd44a194800 Uncommon trap: reason=unreached action=reinterpret pc=0x0000000106db6668 method=java.util.HashMap.hash(Ljava/lang/Object;)I @ 1

Internal exceptions (10 events):
Event: 2.523 Thread 0x00007fd44a194800 Exception <a 'java/io/FileNotFoundException'> (0x0000000795c1cc60) thrown at [/HUDSON3/workspace/8-2-build-macosx-x86_64/jdk8u20/1074/hotspot/src/share/vm/prims/jni.cpp, line 716]
Event: 2.657 Thread 0x00007fd44a194800 Exception <a 'java/security/PrivilegedActionException'> (0x0000000795ee3e28) thrown at [/HUDSON3/workspace/8-2-build-macosx-x86_64/jdk8u20/1074/hotspot/src/share/vm/prims/jvm.cpp, line 1275]
Event: 2.658 Thread 0x00007fd44a194800 Exception <a 'java/security/PrivilegedActionException'> (0x0000000795ef9ae0) thrown at [/HUDSON3/workspace/8-2-build-macosx-x86_64/jdk8u20/1074/hotspot/src/share/vm/prims/jvm.cpp, line 1275]
Event: 2.659 Thread 0x00007fd44a194800 Exception <a 'java/security/PrivilegedActionException'> (0x0000000795f0f8a8) thrown at [/HUDSON3/workspace/8-2-build-macosx-x86_64/jdk8u20/1074/hotspot/src/share/vm/prims/jvm.cpp, line 1275]
Event: 3.357 Thread 0x00007fd44a194800 Implicit null exception at 0x0000000106e049b5 to 0x0000000106e04bc1
Event: 3.357 Thread 0x00007fd44a194800 Implicit null exception at 0x0000000106e84458 to 0x0000000106e844e6
Event: 3.375 Thread 0x00007fd44a194800 Exception <a 'java/security/PrivilegedActionException'> (0x00000007963fff08) thrown at [/HUDSON3/workspace/8-2-build-macosx-x86_64/jdk8u20/1074/hotspot/src/share/vm/prims/jvm.cpp, line 1275]
Event: 3.377 Thread 0x00007fd44a194800 Exception <a 'java/security/PrivilegedActionException'> (0x0000000796416e50) thrown at [/HUDSON3/workspace/8-2-build-macosx-x86_64/jdk8u20/1074/hotspot/src/share/vm/prims/jvm.cpp, line 1275]
Event: 3.378 Thread 0x00007fd44a194800 Exception <a 'java/security/PrivilegedActionException'> (0x000000079642e0e8) thrown at [/HUDSON3/workspace/8-2-build-macosx-x86_64/jdk8u20/1074/hotspot/src/share/vm/prims/jvm.cpp, line 1275]
Event: 3.393 Thread 0x00007fd44a194800 Implicit null exception at 0x0000000106db65ef to 0x0000000106db6659

Events (10 events):
Event: 8.523 loading class com/sun/prism/GraphicsResource done
Event: 8.527 loading class com/sun/javafx/tk/quantum/QuantumRenderer
Event: 8.527 loading class com/sun/javafx/tk/quantum/QuantumRenderer done
Event: 8.527 loading class com/sun/javafx/tk/quantum/QuantumToolkit
Event: 8.527 loading class com/sun/javafx/tk/quantum/QuantumToolkit done
Event: 8.527 Thread 0x00007fd4488c1000 Thread exited: 0x00007fd4488c1000
Event: 8.528 Thread 0x00007fd448a36800 Thread exited: 0x00007fd448a36800
Event: 8.528 Thread 0x00007fd44a002000 Thread exited: 0x00007fd44a002000
Event: 8.528 Thread 0x00007fd44a002000 Thread added: 0x00007fd44a002000
Event: 8.532 Thread 0x00007fd44a194800 Thread exited: 0x00007fd44a194800


Dynamic libraries:
0x0000000000623000 	/System/Library/Frameworks/Cocoa.framework/Versions/A/Cocoa
0x0000000000623000 	/System/Library/Frameworks/Security.framework/Versions/A/Security
0x0000000000623000 	/System/Library/Frameworks/ApplicationServices.framework/Versions/A/ApplicationServices
0x0000000000623000 	/usr/lib/libz.1.dylib
0x0000000000623000 	/usr/lib/libSystem.B.dylib
0x0000000000623000 	/usr/lib/libobjc.A.dylib
0x0000000000623000 	/System/Library/Frameworks/CoreFoundation.framework/Versions/A/CoreFoundation
0x0000000000623000 	/System/Library/Frameworks/Foundation.framework/Versions/C/Foundation
0x0000000000623000 	/System/Library/Frameworks/AppKit.framework/Versions/C/AppKit
0x0000000000623000 	/System/Library/Frameworks/CoreData.framework/Versions/A/CoreData
0x0000000000623000 	/System/Library/PrivateFrameworks/RemoteViewServices.framework/Versions/A/RemoteViewServices
0x0000000000623000 	/System/Library/PrivateFrameworks/UIFoundation.framework/Versions/A/UIFoundation
0x0000000000623000 	/usr/lib/libScreenReader.dylib
0x0000000000623000 	/System/Library/Frameworks/Accelerate.framework/Versions/A/Accelerate
0x0000000000623000 	/System/Library/Frameworks/IOSurface.framework/Versions/A/IOSurface
0x0000000000623000 	/System/Library/Frameworks/AudioToolbox.framework/Versions/A/AudioToolbox
0x0000000000623000 	/System/Library/Frameworks/AudioUnit.framework/Versions/A/AudioUnit
0x0000000000623000 	/System/Library/PrivateFrameworks/DataDetectorsCore.framework/Versions/A/DataDetectorsCore
0x0000000000623000 	/System/Library/PrivateFrameworks/DesktopServicesPriv.framework/Versions/A/DesktopServicesPriv
0x0000000000623000 	/System/Library/Frameworks/Carbon.framework/Versions/A/Frameworks/HIToolbox.framework/Versions/A/HIToolbox
0x0000000000623000 	/System/Library/Frameworks/QuartzCore.framework/Versions/A/QuartzCore
0x0000000000623000 	/System/Library/Frameworks/Carbon.framework/Versions/A/Frameworks/SpeechRecognition.framework/Versions/A/SpeechRecognition
0x0000000000623000 	/usr/lib/libauto.dylib
0x0000000000623000 	/usr/lib/libicucore.A.dylib
0x0000000000623000 	/usr/lib/libxml2.2.dylib
0x0000000000623000 	/System/Library/PrivateFrameworks/CoreUI.framework/Versions/A/CoreUI
0x0000000000623000 	/System/Library/Frameworks/CoreAudio.framework/Versions/A/CoreAudio
0x0000000000623000 	/System/Library/Frameworks/DiskArbitration.framework/Versions/A/DiskArbitration
0x0000000000623000 	/usr/lib/liblangid.dylib
0x0000000000623000 	/System/Library/PrivateFrameworks/MultitouchSupport.framework/Versions/A/MultitouchSupport
0x0000000000623000 	/System/Library/Frameworks/IOKit.framework/Versions/A/IOKit
0x0000000000623000 	/usr/lib/libDiagnosticMessagesClient.dylib
0x0000000000623000 	/System/Library/Frameworks/CoreServices.framework/Versions/A/CoreServices
0x0000000000623000 	/System/Library/PrivateFrameworks/PerformanceAnalysis.framework/Versions/A/PerformanceAnalysis
0x0000000000623000 	/System/Library/PrivateFrameworks/GenerationalStorage.framework/Versions/A/GenerationalStorage
0x0000000000623000 	/System/Library/Frameworks/OpenGL.framework/Versions/A/OpenGL
0x0000000000623000 	/System/Library/PrivateFrameworks/Sharing.framework/Versions/A/Sharing
0x0000000000623000 	/System/Library/Frameworks/CoreGraphics.framework/Versions/A/CoreGraphics
0x0000000000623000 	/System/Library/Frameworks/CoreImage.framework/Versions/A/CoreImage
0x0000000000623000 	/System/Library/Frameworks/CoreText.framework/Versions/A/CoreText
0x0000000000623000 	/System/Library/Frameworks/ImageIO.framework/Versions/A/ImageIO
0x0000000000623000 	/System/Library/PrivateFrameworks/Backup.framework/Versions/A/Backup
0x0000000000623000 	/usr/lib/libextension.dylib
0x0000000000623000 	/usr/lib/libarchive.2.dylib
0x0000000000623000 	/System/Library/Frameworks/CFNetwork.framework/Versions/A/CFNetwork
0x0000000000623000 	/System/Library/Frameworks/SystemConfiguration.framework/Versions/A/SystemConfiguration
0x0000000000623000 	/usr/lib/libCRFSuite.dylib
0x0000000000623000 	/usr/lib/libc++.1.dylib
0x0000000000623000 	/usr/lib/libc++abi.dylib
0x0000000000623000 	/usr/lib/system/libcache.dylib
0x0000000000623000 	/usr/lib/system/libcommonCrypto.dylib
0x0000000000623000 	/usr/lib/system/libcompiler_rt.dylib
0x0000000000623000 	/usr/lib/system/libcopyfile.dylib
0x0000000000623000 	/usr/lib/system/libcorecrypto.dylib
0x0000000000623000 	/usr/lib/system/libdispatch.dylib
0x0000000000623000 	/usr/lib/system/libdyld.dylib
0x0000000000623000 	/usr/lib/system/libkeymgr.dylib
0x0000000000623000 	/usr/lib/system/liblaunch.dylib
0x0000000000623000 	/usr/lib/system/libmacho.dylib
0x0000000000623000 	/usr/lib/system/libquarantine.dylib
0x0000000000623000 	/usr/lib/system/libremovefile.dylib
0x0000000000623000 	/usr/lib/system/libsystem_asl.dylib
0x0000000000623000 	/usr/lib/system/libsystem_blocks.dylib
0x0000000000623000 	/usr/lib/system/libsystem_c.dylib
0x0000000000623000 	/usr/lib/system/libsystem_configuration.dylib
0x0000000000623000 	/usr/lib/system/libsystem_coreservices.dylib
0x0000000000623000 	/usr/lib/system/libsystem_coretls.dylib
0x0000000000623000 	/usr/lib/system/libsystem_dnssd.dylib
0x0000000000623000 	/usr/lib/system/libsystem_info.dylib
0x0000000000623000 	/usr/lib/system/libsystem_kernel.dylib
0x0000000000623000 	/usr/lib/system/libsystem_m.dylib
0x0000000000623000 	/usr/lib/system/libsystem_malloc.dylib
0x0000000000623000 	/usr/lib/system/libsystem_network.dylib
0x0000000000623000 	/usr/lib/system/libsystem_networkextension.dylib
0x0000000000623000 	/usr/lib/system/libsystem_notify.dylib
0x0000000000623000 	/usr/lib/system/libsystem_platform.dylib
0x0000000000623000 	/usr/lib/system/libsystem_pthread.dylib
0x0000000000623000 	/usr/lib/system/libsystem_sandbox.dylib
0x0000000000623000 	/usr/lib/system/libsystem_secinit.dylib
0x0000000000623000 	/usr/lib/system/libsystem_trace.dylib
0x0000000000623000 	/usr/lib/system/libunc.dylib
0x0000000000623000 	/usr/lib/system/libunwind.dylib
0x0000000000623000 	/usr/lib/system/libxpc.dylib
0x0000000000623000 	/usr/lib/libenergytrace.dylib
0x0000000000623000 	/usr/lib/libbsm.0.dylib
0x0000000000623000 	/usr/lib/system/libkxld.dylib
0x0000000000623000 	/usr/lib/libxar.1.dylib
0x0000000000623000 	/usr/lib/libsqlite3.dylib
0x0000000000623000 	/usr/lib/libpam.2.dylib
0x0000000000623000 	/usr/lib/libOpenScriptingUtil.dylib
0x0000000000623000 	/usr/lib/libbz2.1.0.dylib
0x0000000000623000 	/usr/lib/liblzma.5.dylib
0x0000000000623000 	/System/Library/Frameworks/CoreServices.framework/Versions/A/Frameworks/FSEvents.framework/Versions/A/FSEvents
0x0000000000623000 	/System/Library/Frameworks/CoreServices.framework/Versions/A/Frameworks/CarbonCore.framework/Versions/A/CarbonCore
0x0000000000623000 	/System/Library/Frameworks/CoreServices.framework/Versions/A/Frameworks/Metadata.framework/Versions/A/Metadata
0x0000000000623000 	/System/Library/Frameworks/CoreServices.framework/Versions/A/Frameworks/OSServices.framework/Versions/A/OSServices
0x0000000000623000 	/System/Library/Frameworks/CoreServices.framework/Versions/A/Frameworks/SearchKit.framework/Versions/A/SearchKit
0x0000000000623000 	/System/Library/Frameworks/CoreServices.framework/Versions/A/Frameworks/AE.framework/Versions/A/AE
0x0000000000623000 	/System/Library/Frameworks/CoreServices.framework/Versions/A/Frameworks/LaunchServices.framework/Versions/A/LaunchServices
0x0000000000623000 	/System/Library/Frameworks/CoreServices.framework/Versions/A/Frameworks/DictionaryServices.framework/Versions/A/DictionaryServices
0x0000000000623000 	/System/Library/Frameworks/CoreServices.framework/Versions/A/Frameworks/SharedFileList.framework/Versions/A/SharedFileList
0x0000000000623000 	/System/Library/Frameworks/NetFS.framework/Versions/A/NetFS
0x0000000000623000 	/System/Library/PrivateFrameworks/NetAuth.framework/Versions/A/NetAuth
0x0000000000623000 	/System/Library/PrivateFrameworks/login.framework/Versions/A/Frameworks/loginsupport.framework/Versions/A/loginsupport
0x0000000000623000 	/System/Library/PrivateFrameworks/TCC.framework/Versions/A/TCC
0x0000000000623000 	/usr/lib/libmecabra.dylib
0x0000000000623000 	/System/Library/Frameworks/ApplicationServices.framework/Versions/A/Frameworks/ATS.framework/Versions/A/ATS
0x0000000000623000 	/System/Library/Frameworks/ApplicationServices.framework/Versions/A/Frameworks/ColorSync.framework/Versions/A/ColorSync
0x0000000000623000 	/System/Library/Frameworks/ApplicationServices.framework/Versions/A/Frameworks/HIServices.framework/Versions/A/HIServices
0x0000000000623000 	/System/Library/Frameworks/ApplicationServices.framework/Versions/A/Frameworks/LangAnalysis.framework/Versions/A/LangAnalysis
0x0000000000623000 	/System/Library/Frameworks/ApplicationServices.framework/Versions/A/Frameworks/PrintCore.framework/Versions/A/PrintCore
0x0000000000623000 	/System/Library/Frameworks/ApplicationServices.framework/Versions/A/Frameworks/QD.framework/Versions/A/QD
0x0000000000623000 	/System/Library/Frameworks/ApplicationServices.framework/Versions/A/Frameworks/SpeechSynthesis.framework/Versions/A/SpeechSynthesis
0x0000000000623000 	/System/Library/Frameworks/Metal.framework/Versions/A/Metal
0x0000000000623000 	/System/Library/Frameworks/Accelerate.framework/Versions/A/Frameworks/vImage.framework/Versions/A/vImage
0x0000000000623000 	/System/Library/Frameworks/Accelerate.framework/Versions/A/Frameworks/vecLib.framework/Versions/A/vecLib
0x0000000000623000 	/System/Library/Frameworks/Accelerate.framework/Versions/A/Frameworks/vecLib.framework/Versions/A/libvDSP.dylib
0x0000000000623000 	/System/Library/Frameworks/Accelerate.framework/Versions/A/Frameworks/vecLib.framework/Versions/A/libvMisc.dylib
0x0000000000623000 	/System/Library/Frameworks/Accelerate.framework/Versions/A/Frameworks/vecLib.framework/Versions/A/libLAPACK.dylib
0x0000000000623000 	/System/Library/Frameworks/Accelerate.framework/Versions/A/Frameworks/vecLib.framework/Versions/A/libBLAS.dylib
0x0000000000623000 	/System/Library/Frameworks/Accelerate.framework/Versions/A/Frameworks/vecLib.framework/Versions/A/libLinearAlgebra.dylib
0x0000000000623000 	/System/Library/Frameworks/Accelerate.framework/Versions/A/Frameworks/vecLib.framework/Versions/A/libSparseBLAS.dylib
0x0000000000623000 	/System/Library/PrivateFrameworks/GPUCompiler.framework/libmetal_timestamp.dylib
0x0000000000623000 	/System/Library/Frameworks/OpenGL.framework/Versions/A/Libraries/libCoreFSCache.dylib
0x0000000000623000 	/System/Library/PrivateFrameworks/IOAccelerator.framework/Versions/A/IOAccelerator
0x0000000000623000 	/System/Library/Frameworks/ApplicationServices.framework/Versions/A/Frameworks/ATS.framework/Versions/A/Resources/libFontParser.dylib
0x0000000000623000 	/System/Library/Frameworks/ApplicationServices.framework/Versions/A/Frameworks/ATS.framework/Versions/A/Resources/libFontRegistry.dylib
0x0000000000623000 	/System/Library/PrivateFrameworks/AppleVPA.framework/Versions/A/AppleVPA
0x0000000000623000 	/System/Library/PrivateFrameworks/AppleJPEG.framework/Versions/A/AppleJPEG
0x0000000000623000 	/System/Library/Frameworks/ImageIO.framework/Versions/A/Resources/libJPEG.dylib
0x0000000000623000 	/System/Library/Frameworks/ImageIO.framework/Versions/A/Resources/libTIFF.dylib
0x0000000000623000 	/System/Library/Frameworks/ImageIO.framework/Versions/A/Resources/libPng.dylib
0x0000000000623000 	/System/Library/Frameworks/ImageIO.framework/Versions/A/Resources/libGIF.dylib
0x0000000000623000 	/System/Library/Frameworks/ImageIO.framework/Versions/A/Resources/libJP2.dylib
0x0000000000623000 	/System/Library/Frameworks/ImageIO.framework/Versions/A/Resources/libRadiance.dylib
0x0000000000623000 	/System/Library/Frameworks/CoreVideo.framework/Versions/A/CoreVideo
0x0000000000623000 	/System/Library/Frameworks/OpenGL.framework/Versions/A/Libraries/libGLU.dylib
0x0000000000623000 	/System/Library/Frameworks/OpenGL.framework/Versions/A/Libraries/libGFXShared.dylib
0x0000000000623000 	/System/Library/Frameworks/OpenGL.framework/Versions/A/Libraries/libGL.dylib
0x0000000000623000 	/System/Library/Frameworks/OpenGL.framework/Versions/A/Libraries/libGLImage.dylib
0x0000000000623000 	/System/Library/Frameworks/OpenGL.framework/Versions/A/Libraries/libCVMSPluginSupport.dylib
0x0000000000623000 	/System/Library/Frameworks/OpenGL.framework/Versions/A/Libraries/libCoreVMClient.dylib
0x0000000000623000 	/usr/lib/libcompression.dylib
0x0000000000623000 	/usr/lib/libcups.2.dylib
0x0000000000623000 	/System/Library/Frameworks/Kerberos.framework/Versions/A/Kerberos
0x0000000000623000 	/System/Library/Frameworks/GSS.framework/Versions/A/GSS
0x0000000000623000 	/usr/lib/libresolv.9.dylib
0x0000000000623000 	/usr/lib/libiconv.2.dylib
0x0000000000623000 	/System/Library/PrivateFrameworks/Heimdal.framework/Versions/A/Heimdal
0x0000000000623000 	/usr/lib/libheimdal-asn1.dylib
0x0000000000623000 	/System/Library/Frameworks/OpenDirectory.framework/Versions/A/OpenDirectory
0x0000000000623000 	/System/Library/PrivateFrameworks/CommonAuth.framework/Versions/A/CommonAuth
0x0000000000623000 	/System/Library/Frameworks/OpenDirectory.framework/Versions/A/Frameworks/CFOpenDirectory.framework/Versions/A/CFOpenDirectory
0x0000000000623000 	/System/Library/Frameworks/SecurityFoundation.framework/Versions/A/SecurityFoundation
0x0000000000623000 	/System/Library/PrivateFrameworks/LanguageModeling.framework/Versions/A/LanguageModeling
0x0000000000623000 	/usr/lib/libmarisa.dylib
0x0000000000623000 	/usr/lib/libChineseTokenizer.dylib
0x0000000000623000 	/usr/lib/libcmph.dylib
0x0000000000623000 	/System/Library/Frameworks/ServiceManagement.framework/Versions/A/ServiceManagement
0x0000000000623000 	/usr/lib/libxslt.1.dylib
0x0000000000623000 	/System/Library/Frameworks/Carbon.framework/Versions/A/Frameworks/Ink.framework/Versions/A/Ink
0x0000000000623000 	/usr/lib/libFosl_dynamic.dylib
0x0000000000623000 	/System/Library/PrivateFrameworks/FaceCore.framework/Versions/A/FaceCore
0x0000000000623000 	/System/Library/Frameworks/OpenCL.framework/Versions/A/OpenCL
0x0000000000623000 	/System/Library/PrivateFrameworks/CrashReporterSupport.framework/Versions/A/CrashReporterSupport
0x0000000000623000 	/System/Library/PrivateFrameworks/IconServices.framework/Versions/A/IconServices
0x0000000000623000 	/System/Library/PrivateFrameworks/Apple80211.framework/Versions/A/Apple80211
0x0000000000623000 	/System/Library/Frameworks/CoreWLAN.framework/Versions/A/CoreWLAN
0x0000000000623000 	/System/Library/Frameworks/IOBluetooth.framework/Versions/A/IOBluetooth
0x0000000000623000 	/System/Library/PrivateFrameworks/CoreWiFi.framework/Versions/A/CoreWiFi
0x0000000000623000 	/System/Library/Frameworks/CoreBluetooth.framework/Versions/A/CoreBluetooth
0x0000000000623000 	/System/Library/PrivateFrameworks/ChunkingLibrary.framework/Versions/A/ChunkingLibrary
0x0000000000623000 	/System/Library/PrivateFrameworks/DebugSymbols.framework/Versions/A/DebugSymbols
0x0000000000623000 	/System/Library/PrivateFrameworks/CoreSymbolication.framework/Versions/A/CoreSymbolication
0x0000000000623000 	/System/Library/PrivateFrameworks/Symbolication.framework/Versions/A/Symbolication
0x0000000000623000 	/System/Library/PrivateFrameworks/SpeechRecognitionCore.framework/Versions/A/SpeechRecognitionCore
0x0000000105c00000 	/Library/Java/JavaVirtualMachines/jdk1.8.0_20.jdk/Contents/Home/jre/lib/server/libjvm.dylib
0x0000000000623000 	/usr/lib/libstdc++.6.dylib
0x0000000105302000 	/Library/Java/JavaVirtualMachines/jdk1.8.0_20.jdk/Contents/Home/jre/lib/libverify.dylib
0x0000000105310000 	/Library/Java/JavaVirtualMachines/jdk1.8.0_20.jdk/Contents/Home/jre/lib/libjava.dylib
0x000000010534e000 	/Library/Java/JavaVirtualMachines/jdk1.8.0_20.jdk/Contents/Home/jre/lib/libzip.dylib
0x000000011c3d9000 	/System/Library/Frameworks/JavaVM.framework/Frameworks/JavaRuntimeSupport.framework/JavaRuntimeSupport
0x000000011c3f4000 	/System/Library/Frameworks/JavaVM.framework/Versions/A/Frameworks/JavaNativeFoundation.framework/Versions/A/JavaNativeFoundation
0x000000011c409000 	/System/Library/Frameworks/JavaVM.framework/Versions/A/JavaVM
0x0000000000623000 	/System/Library/Frameworks/Carbon.framework/Versions/A/Carbon
0x000000011c416000 	/System/Library/PrivateFrameworks/JavaLaunching.framework/Versions/A/JavaLaunching
0x0000000000623000 	/System/Library/Frameworks/Carbon.framework/Versions/A/Frameworks/CommonPanels.framework/Versions/A/CommonPanels
0x0000000000623000 	/System/Library/Frameworks/Carbon.framework/Versions/A/Frameworks/Help.framework/Versions/A/Help
0x0000000000623000 	/System/Library/Frameworks/Carbon.framework/Versions/A/Frameworks/ImageCapture.framework/Versions/A/ImageCapture
0x0000000000623000 	/System/Library/Frameworks/Carbon.framework/Versions/A/Frameworks/OpenScripting.framework/Versions/A/OpenScripting
0x0000000000623000 	/System/Library/Frameworks/Carbon.framework/Versions/A/Frameworks/Print.framework/Versions/A/Print
0x0000000000623000 	/System/Library/Frameworks/Carbon.framework/Versions/A/Frameworks/SecurityHI.framework/Versions/A/SecurityHI
0x000000011ddfa000 	/Library/Java/JavaVirtualMachines/jdk1.8.0_20.jdk/Contents/Home/jre/lib/libprism_es2.dylib
0x0000000000623000 	/System/Library/Frameworks/OpenGL.framework/Versions/A/Resources/GLEngine.bundle/GLEngine
0x0000000000623000 	/System/Library/Frameworks/OpenGL.framework/Versions/A/Libraries/libGLProgrammability.dylib
0x000000011de7b000 	/System/Library/Extensions/AppleIntelHD3000GraphicsGLDriver.bundle/Contents/MacOS/AppleIntelHD3000GraphicsGLDriver
0x0000000000623000 	/System/Library/PrivateFrameworks/GPUSupport.framework/Versions/A/Libraries/libGPUSupport.dylib
0x0000000000623000 	/System/Library/Frameworks/OpenGL.framework/Versions/A/Resources/GLRendererFloat.bundle/GLRendererFloat
0x0000000000623000 	/System/Library/Frameworks/OpenCL.framework/Versions/A/Libraries/libcldcpuengine.dylib
0x0000000000623000 	/System/Library/PrivateFrameworks/DiskImages.framework/Versions/A/DiskImages
0x0000000000623000 	/System/Library/Frameworks/DiscRecording.framework/Versions/A/DiscRecording
0x0000000000623000 	/usr/lib/libcsfde.dylib
0x0000000000623000 	/usr/lib/libcurl.4.dylib
0x0000000000623000 	/System/Library/PrivateFrameworks/MediaKit.framework/Versions/A/MediaKit
0x0000000000623000 	/System/Library/PrivateFrameworks/ProtectedCloudStorage.framework/Versions/A/ProtectedCloudStorage
0x0000000000623000 	/usr/lib/libCoreStorage.dylib
0x0000000000623000 	/System/Library/PrivateFrameworks/EFILogin.framework/Versions/A/EFILogin
0x0000000000623000 	/usr/lib/libutil.dylib
0x0000000000623000 	/System/Library/PrivateFrameworks/FindMyDevice.framework/Versions/A/FindMyDevice
0x0000000000623000 	/System/Library/Frameworks/LDAP.framework/Versions/A/LDAP
0x0000000000623000 	/usr/lib/libsasl2.2.dylib
0x0000000000623000 	/System/Library/PrivateFrameworks/CoreDaemon.framework/Versions/B/CoreDaemon
0x0000000000623000 	/usr/lib/libcrypto.0.9.8.dylib
0x0000000000623000 	/System/Library/PrivateFrameworks/AppleSRP.framework/Versions/A/AppleSRP
0x0000000000623000 	/System/Library/PrivateFrameworks/TrustEvaluationAgent.framework/Versions/A/TrustEvaluationAgent
0x000000011e4fb000 	/Library/Java/JavaVirtualMachines/jdk1.8.0_20.jdk/Contents/Home/jre/lib/libglass.dylib
0x0000000000623000 	/System/Library/PrivateFrameworks/CoreServicesInternal.framework/Versions/A/CoreServicesInternal
0x0000000000623000 	/System/Library/CoreServices/RawCamera.bundle/Contents/MacOS/RawCamera
0x0000000000623000 	/System/Library/Frameworks/CoreGraphics.framework/Versions/A/Resources/libRIP.A.dylib
0x0000000000623000 	/System/Library/Frameworks/Accelerate.framework/Versions/A/Frameworks/vImage.framework/Versions/A/Libraries/libCGInterfaces.dylib
0x0000000000623000 	/System/Library/PrivateFrameworks/FamilyControls.framework/Versions/A/FamilyControls
0x0000000000623000 	/System/Library/PrivateFrameworks/CommerceKit.framework/Versions/A/Frameworks/CommerceCore.framework/Versions/A/CommerceCore
0x0000000000623000 	/System/Library/PrivateFrameworks/SystemAdministration.framework/Versions/A/SystemAdministration
0x0000000000623000 	/System/Library/PrivateFrameworks/AppContainer.framework/Versions/A/AppContainer
0x0000000000623000 	/System/Library/PrivateFrameworks/SecCodeWrapper.framework/Versions/A/SecCodeWrapper
0x0000000000623000 	/System/Library/Frameworks/DirectoryService.framework/Versions/A/DirectoryService
0x0000000000623000 	/System/Library/PrivateFrameworks/LoginUIKit.framework/Versions/A/Frameworks/LoginUICore.framework/Versions/A/LoginUICore
0x0000000000623000 	/usr/lib/libodfde.dylib
0x0000000120a64000 	/Library/Java/JavaVirtualMachines/jdk1.8.0_20.jdk/Contents/Home/jre/lib/libjavafx_iio.dylib
0x000000011ee52000 	/Library/Java/JavaVirtualMachines/jdk1.8.0_20.jdk/Contents/Home/jre/lib/libjavafx_font.dylib
0x0000000000623000 	/System/Library/Frameworks/CoreGraphics.framework/Versions/A/Resources/libCGXType.A.dylib
0x0000000122934000 	/Library/Java/JavaVirtualMachines/jdk1.8.0_20.jdk/Contents/Home/jre/lib/libnet.dylib
0x00000001256e5000 	cl_kernels
0x0000000000623000 	/System/Library/Frameworks/OpenCL.framework/Versions/A/Libraries/ImageFormats/unorm8_bgra.dylib
0x0000000000623000 	/System/Library/Frameworks/OpenCL.framework/Versions/A/Libraries/ImageFormats/unorm8_rgba.dylib
0x0000000125cbc000 	/Library/Java/JavaVirtualMachines/jdk1.8.0_20.jdk/Contents/Home/jre/lib/libprism_common.dylib

VM Arguments:
jvm_args: -Dfile.encoding=UTF-8 
java_command: gui.MainGameFX
java_class_path (initial): /Users/halilcenik/git/boardies/bin:/Users/halilcenik/.p2/pool/plugins/org.junit_4.12.0.v201504281640/junit.jar:/Users/halilcenik/.p2/pool/plugins/org.hamcrest.core_1.3.0.v201303031735.jar
Launcher Type: SUN_STANDARD

Environment Variables:
PATH=/usr/bin:/bin:/usr/sbin:/sbin
SHELL=/bin/bash
DISPLAY=/private/tmp/com.apple.launchd.GF1Hxbcdhx/org.macosforge.xquartz:0

Signal Handlers:
SIGSEGV: [libjvm.dylib+0x578fd7], sa_mask[0]=11111111011111110111111111111111, sa_flags=SA_ONSTACK|SA_RESTART|SA_SIGINFO
SIGBUS: [libjvm.dylib+0x578fd7], sa_mask[0]=11111111011111110111111111111111, sa_flags=SA_RESTART|SA_SIGINFO
SIGFPE: [libjvm.dylib+0x45ab0c], sa_mask[0]=11111111011111110111111111111111, sa_flags=SA_RESTART|SA_SIGINFO
SIGPIPE: [libjvm.dylib+0x45ab0c], sa_mask[0]=11111111011111110111111111111111, sa_flags=SA_RESTART|SA_SIGINFO
SIGXFSZ: [libjvm.dylib+0x45ab0c], sa_mask[0]=11111111011111110111111111111111, sa_flags=SA_RESTART|SA_SIGINFO
SIGILL: [libjvm.dylib+0x45ab0c], sa_mask[0]=11111111011111110111111111111111, sa_flags=SA_RESTART|SA_SIGINFO
SIGUSR1: SIG_DFL, sa_mask[0]=00000000000000000000000000000000, sa_flags=none
SIGUSR2: [libjvm.dylib+0x45a62a], sa_mask[0]=00100000000000000000000000000000, sa_flags=SA_RESTART|SA_SIGINFO
SIGHUP: [libjvm.dylib+0x458bfd], sa_mask[0]=11111111011111110111111111111111, sa_flags=SA_RESTART|SA_SIGINFO
SIGINT: [libjvm.dylib+0x458bfd], sa_mask[0]=11111111011111110111111111111111, sa_flags=SA_RESTART|SA_SIGINFO
SIGTERM: [libjvm.dylib+0x458bfd], sa_mask[0]=11111111011111110111111111111111, sa_flags=SA_RESTART|SA_SIGINFO
SIGQUIT: [libjvm.dylib+0x458bfd], sa_mask[0]=11111111011111110111111111111111, sa_flags=SA_RESTART|SA_SIGINFO


---------------  S Y S T E M  ---------------

OS:Bsduname:Darwin 15.6.0 Darwin Kernel Version 15.6.0: Thu Jun 23 18:25:34 PDT 2016; root:xnu-3248.60.10~1/RELEASE_X86_64 x86_64
rlimit: STACK 8192k, CORE 0k, NPROC 709, NOFILE 10240, AS infinity
load average:1.98 1.86 1.80

CPU:total 4 (2 cores per cpu, 2 threads per core) family 6 model 42 stepping 7, cmov, cx8, fxsr, mmx, sse, sse2, sse3, ssse3, sse4.1, sse4.2, popcnt, avx, aes, clmul, ht, tsc, tscinvbit

Memory: 4k page, physical 8388608k(16208k free)

/proc/meminfo:


vm_info: Java HotSpot(TM) 64-Bit Server VM (25.20-b23) for bsd-amd64 JRE (1.8.0_20-b26), built on Jul 30 2014 13:37:47 by "java_re" with gcc 4.2.1 (Based on Apple Inc. build 5658) (LLVM build 2336.9.00)

time: Tue Nov 21 22:21:18 2017
elapsed time: 14 seconds (0d 0h 0m 14s)

